[0.419s] Invoking command in '/home/duan/Code/Duan-Ros2/Topic/topic_2_ws/src/demo_python_topic': PYTHONPATH=/home/duan/Code/Duan-Ros2/Topic/topic_2_ws/build/demo_python_topic/prefix_override:/usr/lib/python3/dist-packages/colcon_core/task/python/colcon_distutils_commands:/home/duan/Code/Duan-Ros2/Topic/topic_2_ws/install/demo_python_topic/lib/python3.10/site-packages:${PYTHONPATH} /usr/bin/python3 -W ignore:setup.py install is deprecated -W ignore:easy_install command is deprecated setup.py egg_info --egg-base ../../build/demo_python_topic build --build-base /home/duan/Code/Duan-Ros2/Topic/topic_2_ws/build/demo_python_topic/build install --record /home/duan/Code/Duan-Ros2/Topic/topic_2_ws/build/demo_python_topic/install.log --single-version-externally-managed install_data
[0.581s] running egg_info
[0.582s] creating ../../build/demo_python_topic/demo_python_topic.egg-info
[0.582s] writing ../../build/demo_python_topic/demo_python_topic.egg-info/PKG-INFO
[0.582s] writing dependency_links to ../../build/demo_python_topic/demo_python_topic.egg-info/dependency_links.txt
[0.582s] writing entry points to ../../build/demo_python_topic/demo_python_topic.egg-info/entry_points.txt
[0.582s] writing requirements to ../../build/demo_python_topic/demo_python_topic.egg-info/requires.txt
[0.582s] writing top-level names to ../../build/demo_python_topic/demo_python_topic.egg-info/top_level.txt
[0.582s] writing manifest file '../../build/demo_python_topic/demo_python_topic.egg-info/SOURCES.txt'
[0.583s] reading manifest file '../../build/demo_python_topic/demo_python_topic.egg-info/SOURCES.txt'
[0.584s] adding license file 'LICENSE'
[0.584s] writing manifest file '../../build/demo_python_topic/demo_python_topic.egg-info/SOURCES.txt'
[0.584s] running build
[0.585s] running build_py
[0.585s] creating /home/duan/Code/Duan-Ros2/Topic/topic_2_ws/build/demo_python_topic/build
[0.585s] creating /home/duan/Code/Duan-Ros2/Topic/topic_2_ws/build/demo_python_topic/build/lib
[0.585s] creating /home/duan/Code/Duan-Ros2/Topic/topic_2_ws/build/demo_python_topic/build/lib/demo_python_topic
[0.585s] copying demo_python_topic/novel_sub_node.py -> /home/duan/Code/Duan-Ros2/Topic/topic_2_ws/build/demo_python_topic/build/lib/demo_python_topic
[0.585s] copying demo_python_topic/__init__.py -> /home/duan/Code/Duan-Ros2/Topic/topic_2_ws/build/demo_python_topic/build/lib/demo_python_topic
[0.585s] running install
[0.586s] running install_lib
[0.586s] creating /home/duan/Code/Duan-Ros2/Topic/topic_2_ws/install/demo_python_topic/lib/python3.10/site-packages/demo_python_topic
[0.586s] copying /home/duan/Code/Duan-Ros2/Topic/topic_2_ws/build/demo_python_topic/build/lib/demo_python_topic/novel_sub_node.py -> /home/duan/Code/Duan-Ros2/Topic/topic_2_ws/install/demo_python_topic/lib/python3.10/site-packages/demo_python_topic
[0.586s] copying /home/duan/Code/Duan-Ros2/Topic/topic_2_ws/build/demo_python_topic/build/lib/demo_python_topic/__init__.py -> /home/duan/Code/Duan-Ros2/Topic/topic_2_ws/install/demo_python_topic/lib/python3.10/site-packages/demo_python_topic
[0.587s] byte-compiling /home/duan/Code/Duan-Ros2/Topic/topic_2_ws/install/demo_python_topic/lib/python3.10/site-packages/demo_python_topic/novel_sub_node.py to novel_sub_node.cpython-310.pyc
[0.587s] byte-compiling /home/duan/Code/Duan-Ros2/Topic/topic_2_ws/install/demo_python_topic/lib/python3.10/site-packages/demo_python_topic/__init__.py to __init__.cpython-310.pyc
[0.587s] running install_data
[0.587s] creating /home/duan/Code/Duan-Ros2/Topic/topic_2_ws/install/demo_python_topic/share/ament_index
[0.588s] creating /home/duan/Code/Duan-Ros2/Topic/topic_2_ws/install/demo_python_topic/share/ament_index/resource_index
[0.588s] creating /home/duan/Code/Duan-Ros2/Topic/topic_2_ws/install/demo_python_topic/share/ament_index/resource_index/packages
[0.588s] copying resource/demo_python_topic -> /home/duan/Code/Duan-Ros2/Topic/topic_2_ws/install/demo_python_topic/share/ament_index/resource_index/packages
[0.588s] copying package.xml -> /home/duan/Code/Duan-Ros2/Topic/topic_2_ws/install/demo_python_topic/share/demo_python_topic
[0.588s] running install_egg_info
[0.588s] Copying ../../build/demo_python_topic/demo_python_topic.egg-info to /home/duan/Code/Duan-Ros2/Topic/topic_2_ws/install/demo_python_topic/lib/python3.10/site-packages/demo_python_topic-0.0.0-py3.10.egg-info
[0.589s] running install_scripts
[0.603s] Installing novel_sub_node script to /home/duan/Code/Duan-Ros2/Topic/topic_2_ws/install/demo_python_topic/lib/demo_python_topic
[0.603s] writing list of installed files to '/home/duan/Code/Duan-Ros2/Topic/topic_2_ws/build/demo_python_topic/install.log'
[0.620s] Invoked command in '/home/duan/Code/Duan-Ros2/Topic/topic_2_ws/src/demo_python_topic' returned '0': PYTHONPATH=/home/duan/Code/Duan-Ros2/Topic/topic_2_ws/build/demo_python_topic/prefix_override:/usr/lib/python3/dist-packages/colcon_core/task/python/colcon_distutils_commands:/home/duan/Code/Duan-Ros2/Topic/topic_2_ws/install/demo_python_topic/lib/python3.10/site-packages:${PYTHONPATH} /usr/bin/python3 -W ignore:setup.py install is deprecated -W ignore:easy_install command is deprecated setup.py egg_info --egg-base ../../build/demo_python_topic build --build-base /home/duan/Code/Duan-Ros2/Topic/topic_2_ws/build/demo_python_topic/build install --record /home/duan/Code/Duan-Ros2/Topic/topic_2_ws/build/demo_python_topic/install.log --single-version-externally-managed install_data
