[0.018s] Invoking command in '/root/Code/duan/Topic/topic_ws/build/demo_cpp_topic': CMAKE_PREFIX_PATH=/opt/ros/humble HISTTIMEFORMAT=%F %T root /usr/bin/cmake --build /root/Code/duan/Topic/topic_ws/build/demo_cpp_topic -- -j2 -l2
[0.274s] -- Found ament_cmake: 1.3.11 (/opt/ros/humble/share/ament_cmake/cmake)
[0.482s] -- Found rclcpp: 16.0.12 (/opt/ros/humble/share/rclcpp/cmake)
[0.562s] -- Found rosidl_generator_c: 3.1.6 (/opt/ros/humble/share/rosidl_generator_c/cmake)
[0.568s] -- Found rosidl_adapter: 3.1.6 (/opt/ros/humble/share/rosidl_adapter/cmake)
[0.586s] -- Found rosidl_generator_cpp: 3.1.6 (/opt/ros/humble/share/rosidl_generator_cpp/cmake)
[0.609s] -- Using all available rosidl_typesupport_c: rosidl_typesupport_fastrtps_c;rosidl_typesupport_introspection_c
[0.634s] -- Using all available rosidl_typesupport_cpp: rosidl_typesupport_fastrtps_cpp;rosidl_typesupport_introspection_cpp
[0.707s] -- Found rmw_implementation_cmake: 6.1.2 (/opt/ros/humble/share/rmw_implementation_cmake/cmake)
[0.712s] -- Found rmw_fastrtps_cpp: 6.2.7 (/opt/ros/humble/share/rmw_fastrtps_cpp/cmake)
[0.849s] -- Using RMW implementation 'rmw_fastrtps_cpp' as default
[0.946s] -- Found example_interfaces: 0.9.3 (/opt/ros/humble/share/example_interfaces/cmake)
[1.018s] -- Found ament_lint_auto: 0.12.12 (/opt/ros/humble/share/ament_lint_auto/cmake)
[1.109s] -- Added test 'cppcheck' to perform static code analysis on C / C++ code
[1.109s] -- Configured cppcheck include dirs: 
[1.109s] -- Configured cppcheck exclude dirs and/or files: 
[1.110s] -- Added test 'lint_cmake' to check CMake code style
[1.112s] -- Added test 'uncrustify' to check C / C++ code style
[1.112s] -- Configured uncrustify additional arguments: 
[1.113s] -- Added test 'xmllint' to check XML markup files
[1.116s] -- Configuring done
[1.120s] [31mCMake Error at CMakeLists.txt:13 (add_executable):
[1.120s]   Cannot find source file:
[1.120s] 
[1.120s]     novel_pub_node.cc
[1.120s] 
[1.120s]   Tried extensions .c .C .c++ .cc .cpp .cxx .cu .mpp .m .M .mm .ixx .cppm .h
[1.120s]   .hh .h++ .hm .hpp .hxx .in .txx .f .F .for .f77 .f90 .f95 .f03 .hip .ispc
[1.121s] 
[1.121s] [0m
[1.122s] [31mCMake Error at CMakeLists.txt:13 (add_executable):
[1.122s]   No SOURCES given to target: novel_pub_node
[1.122s] 
[1.123s] [0m
[1.123s] [0mCMake Generate step failed.  Build files cannot be regenerated correctly.[0m
[1.140s] gmake: *** [Makefile:226: cmake_check_build_system] Error 1
[1.145s] Invoked command in '/root/Code/duan/Topic/topic_ws/build/demo_cpp_topic' returned '2': CMAKE_PREFIX_PATH=/opt/ros/humble HISTTIMEFORMAT=%F %T root /usr/bin/cmake --build /root/Code/duan/Topic/topic_ws/build/demo_cpp_topic -- -j2 -l2
