[0.100s] DEBUG:colcon:Command line arguments: ['/usr/bin/colcon', 'build']
[0.100s] DEBUG:colcon:Parsed command line arguments: Namespace(log_base=None, log_level=None, verb_name='build', build_base='build', install_base='install', merge_install=False, symlink_install=False, test_result_base=None, continue_on_error=False, executor='parallel', parallel_workers=2, event_handlers=None, ignore_user_meta=False, metas=['./colcon.meta'], base_paths=['.'], packages_ignore=None, packages_ignore_regex=None, paths=None, packages_up_to=None, packages_up_to_regex=None, packages_above=None, packages_above_and_dependencies=None, packages_above_depth=None, packages_select_by_dep=None, packages_skip_by_dep=None, packages_skip_up_to=None, packages_select_build_failed=False, packages_skip_build_finished=False, packages_select_test_failures=False, packages_skip_test_passed=False, packages_select=None, packages_skip=None, packages_select_regex=None, packages_skip_regex=None, packages_start=None, packages_end=None, allow_overriding=[], cmake_args=None, cmake_target=None, cmake_target_skip_unavailable=False, cmake_clean_cache=False, cmake_clean_first=False, cmake_force_configure=False, ament_cmake_args=None, catkin_cmake_args=None, catkin_skip_building_tests=False, verb_parser=<colcon_defaults.argument_parser.defaults.DefaultArgumentsDecorator object at 0x7fc9f4f7f730>, verb_extension=<colcon_core.verb.build.BuildVerb object at 0x7fc9f4f7f2e0>, main=<bound method BuildVerb.main of <colcon_core.verb.build.BuildVerb object at 0x7fc9f4f7f2e0>>)
[0.264s] Level 1:colcon.colcon_core.package_discovery:discover_packages(colcon_meta) check parameters
[0.264s] Level 1:colcon.colcon_core.package_discovery:discover_packages(recursive) check parameters
[0.264s] Level 1:colcon.colcon_core.package_discovery:discover_packages(ignore) check parameters
[0.264s] Level 1:colcon.colcon_core.package_discovery:discover_packages(path) check parameters
[0.264s] Level 1:colcon.colcon_core.package_discovery:discover_packages(colcon_meta) discover
[0.264s] Level 1:colcon.colcon_core.package_discovery:discover_packages(recursive) discover
[0.264s] INFO:colcon.colcon_core.package_discovery:Crawling recursively for packages in '/root/Code/duan/Topic/topic_ws'
[0.264s] Level 1:colcon.colcon_core.package_identification:_identify(.) by extensions ['ignore', 'ignore_ament_install']
[0.264s] Level 1:colcon.colcon_core.package_identification:_identify(.) by extension 'ignore'
[0.264s] Level 1:colcon.colcon_core.package_identification:_identify(.) by extension 'ignore_ament_install'
[0.265s] Level 1:colcon.colcon_core.package_identification:_identify(.) by extensions ['colcon_pkg']
[0.265s] Level 1:colcon.colcon_core.package_identification:_identify(.) by extension 'colcon_pkg'
[0.265s] Level 1:colcon.colcon_core.package_identification:_identify(.) by extensions ['colcon_meta']
[0.265s] Level 1:colcon.colcon_core.package_identification:_identify(.) by extension 'colcon_meta'
[0.265s] Level 1:colcon.colcon_core.package_identification:_identify(.) by extensions ['ros']
[0.265s] Level 1:colcon.colcon_core.package_identification:_identify(.) by extension 'ros'
[0.276s] Level 1:colcon.colcon_core.package_identification:_identify(.) by extensions ['cmake', 'python']
[0.276s] Level 1:colcon.colcon_core.package_identification:_identify(.) by extension 'cmake'
[0.276s] Level 1:colcon.colcon_core.package_identification:_identify(.) by extension 'python'
[0.277s] Level 1:colcon.colcon_core.package_identification:_identify(.) by extensions ['python_setup_py']
[0.277s] Level 1:colcon.colcon_core.package_identification:_identify(.) by extension 'python_setup_py'
[0.277s] Level 1:colcon.colcon_core.package_identification:_identify(build) by extensions ['ignore', 'ignore_ament_install']
[0.277s] Level 1:colcon.colcon_core.package_identification:_identify(build) by extension 'ignore'
[0.277s] Level 1:colcon.colcon_core.package_identification:_identify(build) ignored
[0.277s] Level 1:colcon.colcon_core.package_identification:_identify(install) by extensions ['ignore', 'ignore_ament_install']
[0.277s] Level 1:colcon.colcon_core.package_identification:_identify(install) by extension 'ignore'
[0.277s] Level 1:colcon.colcon_core.package_identification:_identify(install) ignored
[0.277s] Level 1:colcon.colcon_core.package_identification:_identify(log) by extensions ['ignore', 'ignore_ament_install']
[0.277s] Level 1:colcon.colcon_core.package_identification:_identify(log) by extension 'ignore'
[0.277s] Level 1:colcon.colcon_core.package_identification:_identify(log) ignored
[0.278s] Level 1:colcon.colcon_core.package_identification:_identify(src) by extensions ['ignore', 'ignore_ament_install']
[0.278s] Level 1:colcon.colcon_core.package_identification:_identify(src) by extension 'ignore'
[0.278s] Level 1:colcon.colcon_core.package_identification:_identify(src) by extension 'ignore_ament_install'
[0.278s] Level 1:colcon.colcon_core.package_identification:_identify(src) by extensions ['colcon_pkg']
[0.278s] Level 1:colcon.colcon_core.package_identification:_identify(src) by extension 'colcon_pkg'
[0.278s] Level 1:colcon.colcon_core.package_identification:_identify(src) by extensions ['colcon_meta']
[0.278s] Level 1:colcon.colcon_core.package_identification:_identify(src) by extension 'colcon_meta'
[0.278s] Level 1:colcon.colcon_core.package_identification:_identify(src) by extensions ['ros']
[0.278s] Level 1:colcon.colcon_core.package_identification:_identify(src) by extension 'ros'
[0.278s] Level 1:colcon.colcon_core.package_identification:_identify(src) by extensions ['cmake', 'python']
[0.278s] Level 1:colcon.colcon_core.package_identification:_identify(src) by extension 'cmake'
[0.278s] Level 1:colcon.colcon_core.package_identification:_identify(src) by extension 'python'
[0.278s] Level 1:colcon.colcon_core.package_identification:_identify(src) by extensions ['python_setup_py']
[0.278s] Level 1:colcon.colcon_core.package_identification:_identify(src) by extension 'python_setup_py'
[0.278s] Level 1:colcon.colcon_core.package_identification:_identify(src/demo_cpp_topic) by extensions ['ignore', 'ignore_ament_install']
[0.278s] Level 1:colcon.colcon_core.package_identification:_identify(src/demo_cpp_topic) by extension 'ignore'
[0.279s] Level 1:colcon.colcon_core.package_identification:_identify(src/demo_cpp_topic) by extension 'ignore_ament_install'
[0.279s] Level 1:colcon.colcon_core.package_identification:_identify(src/demo_cpp_topic) by extensions ['colcon_pkg']
[0.279s] Level 1:colcon.colcon_core.package_identification:_identify(src/demo_cpp_topic) by extension 'colcon_pkg'
[0.279s] Level 1:colcon.colcon_core.package_identification:_identify(src/demo_cpp_topic) by extensions ['colcon_meta']
[0.279s] Level 1:colcon.colcon_core.package_identification:_identify(src/demo_cpp_topic) by extension 'colcon_meta'
[0.279s] Level 1:colcon.colcon_core.package_identification:_identify(src/demo_cpp_topic) by extensions ['ros']
[0.279s] Level 1:colcon.colcon_core.package_identification:_identify(src/demo_cpp_topic) by extension 'ros'
[0.281s] DEBUG:colcon.colcon_core.package_identification:Package 'src/demo_cpp_topic' with type 'ros.ament_cmake' and name 'demo_cpp_topic'
[0.281s] Level 1:colcon.colcon_core.package_discovery:discover_packages(recursive) using defaults
[0.281s] Level 1:colcon.colcon_core.package_discovery:discover_packages(ignore) discover
[0.281s] Level 1:colcon.colcon_core.package_discovery:discover_packages(ignore) using defaults
[0.281s] Level 1:colcon.colcon_core.package_discovery:discover_packages(path) discover
[0.281s] Level 1:colcon.colcon_core.package_discovery:discover_packages(path) using defaults
[0.300s] Level 1:colcon.colcon_core.package_discovery:discover_packages(prefix_path) check parameters
[0.300s] Level 1:colcon.colcon_core.package_discovery:discover_packages(prefix_path) discover
[0.303s] DEBUG:colcon.colcon_installed_package_information.package_discovery:Found 271 installed packages in /opt/ros/humble
[0.305s] Level 1:colcon.colcon_core.package_discovery:discover_packages(prefix_path) using defaults
[0.350s] Level 5:colcon.colcon_core.verb:set package 'demo_cpp_topic' build argument 'cmake_args' from command line to 'None'
[0.351s] Level 5:colcon.colcon_core.verb:set package 'demo_cpp_topic' build argument 'cmake_target' from command line to 'None'
[0.351s] Level 5:colcon.colcon_core.verb:set package 'demo_cpp_topic' build argument 'cmake_target_skip_unavailable' from command line to 'False'
[0.351s] Level 5:colcon.colcon_core.verb:set package 'demo_cpp_topic' build argument 'cmake_clean_cache' from command line to 'False'
[0.351s] Level 5:colcon.colcon_core.verb:set package 'demo_cpp_topic' build argument 'cmake_clean_first' from command line to 'False'
[0.351s] Level 5:colcon.colcon_core.verb:set package 'demo_cpp_topic' build argument 'cmake_force_configure' from command line to 'False'
[0.351s] Level 5:colcon.colcon_core.verb:set package 'demo_cpp_topic' build argument 'ament_cmake_args' from command line to 'None'
[0.351s] Level 5:colcon.colcon_core.verb:set package 'demo_cpp_topic' build argument 'catkin_cmake_args' from command line to 'None'
[0.351s] Level 5:colcon.colcon_core.verb:set package 'demo_cpp_topic' build argument 'catkin_skip_building_tests' from command line to 'False'
[0.351s] DEBUG:colcon.colcon_core.verb:Building package 'demo_cpp_topic' with the following arguments: {'ament_cmake_args': None, 'build_base': '/root/Code/duan/Topic/topic_ws/build/demo_cpp_topic', 'catkin_cmake_args': None, 'catkin_skip_building_tests': False, 'cmake_args': None, 'cmake_clean_cache': False, 'cmake_clean_first': False, 'cmake_force_configure': False, 'cmake_target': None, 'cmake_target_skip_unavailable': False, 'install_base': '/root/Code/duan/Topic/topic_ws/install/demo_cpp_topic', 'merge_install': False, 'path': '/root/Code/duan/Topic/topic_ws/src/demo_cpp_topic', 'symlink_install': False, 'test_result_base': None}
[0.351s] INFO:colcon.colcon_core.executor:Executing jobs using 'parallel' executor
[0.352s] DEBUG:colcon.colcon_parallel_executor.executor.parallel:run_until_complete
[0.352s] INFO:colcon.colcon_ros.task.ament_cmake.build:Building ROS package in '/root/Code/duan/Topic/topic_ws/src/demo_cpp_topic' with build type 'ament_cmake'
[0.353s] INFO:colcon.colcon_cmake.task.cmake.build:Building CMake package in '/root/Code/duan/Topic/topic_ws/src/demo_cpp_topic'
[0.355s] INFO:colcon.colcon_core.plugin_system:Skipping extension 'colcon_core.shell.bat': Not used on non-Windows systems
[0.355s] INFO:colcon.colcon_core.shell:Skip shell extension 'powershell' for command environment: Not usable outside of PowerShell
[0.355s] DEBUG:colcon.colcon_core.shell:Skip shell extension 'dsv' for command environment
[0.363s] DEBUG:colcon.colcon_core.event_handler.log_command:Invoking command in '/root/Code/duan/Topic/topic_ws/build/demo_cpp_topic': CMAKE_PREFIX_PATH=/opt/ros/humble HISTTIMEFORMAT=%F %T root /usr/bin/cmake --build /root/Code/duan/Topic/topic_ws/build/demo_cpp_topic -- -j2 -l2
[9.094s] DEBUG:colcon.colcon_core.event_handler.log_command:Invoked command in '/root/Code/duan/Topic/topic_ws/build/demo_cpp_topic' returned '0': CMAKE_PREFIX_PATH=/opt/ros/humble HISTTIMEFORMAT=%F %T root /usr/bin/cmake --build /root/Code/duan/Topic/topic_ws/build/demo_cpp_topic -- -j2 -l2
[9.109s] DEBUG:colcon.colcon_core.event_handler.log_command:Invoking command in '/root/Code/duan/Topic/topic_ws/build/demo_cpp_topic': CMAKE_PREFIX_PATH=/opt/ros/humble HISTTIMEFORMAT=%F %T root /usr/bin/cmake --install /root/Code/duan/Topic/topic_ws/build/demo_cpp_topic
[9.135s] Level 1:colcon.colcon_core.environment:create_environment_scripts_only(demo_cpp_topic)
[9.137s] DEBUG:colcon.colcon_core.event_handler.log_command:Invoked command in '/root/Code/duan/Topic/topic_ws/build/demo_cpp_topic' returned '0': CMAKE_PREFIX_PATH=/opt/ros/humble HISTTIMEFORMAT=%F %T root /usr/bin/cmake --install /root/Code/duan/Topic/topic_ws/build/demo_cpp_topic
[9.139s] Level 1:colcon.colcon_core.environment:checking '/root/Code/duan/Topic/topic_ws/install/demo_cpp_topic' for CMake module files
[9.140s] Level 1:colcon.colcon_core.environment:checking '/root/Code/duan/Topic/topic_ws/install/demo_cpp_topic' for CMake config files
[9.141s] Level 1:colcon.colcon_core.shell:create_environment_hook('demo_cpp_topic', 'cmake_prefix_path')
[9.142s] INFO:colcon.colcon_core.shell:Creating environment hook '/root/Code/duan/Topic/topic_ws/install/demo_cpp_topic/share/demo_cpp_topic/hook/cmake_prefix_path.ps1'
[9.142s] INFO:colcon.colcon_core.shell:Creating environment descriptor '/root/Code/duan/Topic/topic_ws/install/demo_cpp_topic/share/demo_cpp_topic/hook/cmake_prefix_path.dsv'
[9.143s] INFO:colcon.colcon_core.shell:Creating environment hook '/root/Code/duan/Topic/topic_ws/install/demo_cpp_topic/share/demo_cpp_topic/hook/cmake_prefix_path.sh'
[9.144s] Level 1:colcon.colcon_core.environment:checking '/root/Code/duan/Topic/topic_ws/install/demo_cpp_topic/lib'
[9.144s] Level 1:colcon.colcon_core.environment:checking '/root/Code/duan/Topic/topic_ws/install/demo_cpp_topic/bin'
[9.144s] Level 1:colcon.colcon_core.environment:checking '/root/Code/duan/Topic/topic_ws/install/demo_cpp_topic/lib/pkgconfig/demo_cpp_topic.pc'
[9.144s] Level 1:colcon.colcon_core.environment:checking '/root/Code/duan/Topic/topic_ws/install/demo_cpp_topic/lib/python3.10/site-packages'
[9.144s] Level 1:colcon.colcon_core.environment:checking '/root/Code/duan/Topic/topic_ws/install/demo_cpp_topic/bin'
[9.145s] INFO:colcon.colcon_core.shell:Creating package script '/root/Code/duan/Topic/topic_ws/install/demo_cpp_topic/share/demo_cpp_topic/package.ps1'
[9.146s] INFO:colcon.colcon_core.shell:Creating package descriptor '/root/Code/duan/Topic/topic_ws/install/demo_cpp_topic/share/demo_cpp_topic/package.dsv'
[9.146s] INFO:colcon.colcon_core.shell:Creating package script '/root/Code/duan/Topic/topic_ws/install/demo_cpp_topic/share/demo_cpp_topic/package.sh'
[9.147s] INFO:colcon.colcon_core.shell:Creating package script '/root/Code/duan/Topic/topic_ws/install/demo_cpp_topic/share/demo_cpp_topic/package.bash'
[9.148s] INFO:colcon.colcon_core.shell:Creating package script '/root/Code/duan/Topic/topic_ws/install/demo_cpp_topic/share/demo_cpp_topic/package.zsh'
[9.149s] Level 1:colcon.colcon_core.environment:create_file_with_runtime_dependencies(/root/Code/duan/Topic/topic_ws/install/demo_cpp_topic/share/colcon-core/packages/demo_cpp_topic)
[9.149s] Level 1:colcon.colcon_core.environment:create_environment_scripts_only(demo_cpp_topic)
[9.149s] Level 1:colcon.colcon_core.environment:checking '/root/Code/duan/Topic/topic_ws/install/demo_cpp_topic' for CMake module files
[9.150s] Level 1:colcon.colcon_core.environment:checking '/root/Code/duan/Topic/topic_ws/install/demo_cpp_topic' for CMake config files
[9.150s] Level 1:colcon.colcon_core.shell:create_environment_hook('demo_cpp_topic', 'cmake_prefix_path')
[9.150s] INFO:colcon.colcon_core.shell:Creating environment hook '/root/Code/duan/Topic/topic_ws/install/demo_cpp_topic/share/demo_cpp_topic/hook/cmake_prefix_path.ps1'
[9.151s] INFO:colcon.colcon_core.shell:Creating environment descriptor '/root/Code/duan/Topic/topic_ws/install/demo_cpp_topic/share/demo_cpp_topic/hook/cmake_prefix_path.dsv'
[9.151s] INFO:colcon.colcon_core.shell:Creating environment hook '/root/Code/duan/Topic/topic_ws/install/demo_cpp_topic/share/demo_cpp_topic/hook/cmake_prefix_path.sh'
[9.152s] Level 1:colcon.colcon_core.environment:checking '/root/Code/duan/Topic/topic_ws/install/demo_cpp_topic/lib'
[9.152s] Level 1:colcon.colcon_core.environment:checking '/root/Code/duan/Topic/topic_ws/install/demo_cpp_topic/bin'
[9.152s] Level 1:colcon.colcon_core.environment:checking '/root/Code/duan/Topic/topic_ws/install/demo_cpp_topic/lib/pkgconfig/demo_cpp_topic.pc'
[9.152s] Level 1:colcon.colcon_core.environment:checking '/root/Code/duan/Topic/topic_ws/install/demo_cpp_topic/lib/python3.10/site-packages'
[9.153s] Level 1:colcon.colcon_core.environment:checking '/root/Code/duan/Topic/topic_ws/install/demo_cpp_topic/bin'
[9.153s] INFO:colcon.colcon_core.shell:Creating package script '/root/Code/duan/Topic/topic_ws/install/demo_cpp_topic/share/demo_cpp_topic/package.ps1'
[9.153s] INFO:colcon.colcon_core.shell:Creating package descriptor '/root/Code/duan/Topic/topic_ws/install/demo_cpp_topic/share/demo_cpp_topic/package.dsv'
[9.154s] INFO:colcon.colcon_core.shell:Creating package script '/root/Code/duan/Topic/topic_ws/install/demo_cpp_topic/share/demo_cpp_topic/package.sh'
[9.154s] INFO:colcon.colcon_core.shell:Creating package script '/root/Code/duan/Topic/topic_ws/install/demo_cpp_topic/share/demo_cpp_topic/package.bash'
[9.155s] INFO:colcon.colcon_core.shell:Creating package script '/root/Code/duan/Topic/topic_ws/install/demo_cpp_topic/share/demo_cpp_topic/package.zsh'
[9.155s] Level 1:colcon.colcon_core.environment:create_file_with_runtime_dependencies(/root/Code/duan/Topic/topic_ws/install/demo_cpp_topic/share/colcon-core/packages/demo_cpp_topic)
[9.155s] DEBUG:colcon.colcon_parallel_executor.executor.parallel:closing loop
[9.156s] DEBUG:colcon.colcon_parallel_executor.executor.parallel:loop closed
[9.156s] DEBUG:colcon.colcon_parallel_executor.executor.parallel:run_until_complete finished with '0'
[9.157s] DEBUG:colcon.colcon_core.event_reactor:joining thread
[9.165s] INFO:colcon.colcon_core.plugin_system:Skipping extension 'colcon_notification.desktop_notification.terminal_notifier': Not used on non-Darwin systems
[9.166s] INFO:colcon.colcon_core.plugin_system:Skipping extension 'colcon_notification.desktop_notification.win32': Not used on non-Windows systems
[9.166s] INFO:colcon.colcon_notification.desktop_notification:Sending desktop notification using 'notify2'
[9.167s] DEBUG:colcon.colcon_notification.desktop_notification.notify2:Failed to initialize notify2: org.freedesktop.DBus.Error.ServiceUnknown: The name org.freedesktop.Notifications was not provided by any .service files
[9.167s] DEBUG:colcon.colcon_core.event_reactor:joined thread
[9.167s] INFO:colcon.colcon_core.shell:Creating prefix script '/root/Code/duan/Topic/topic_ws/install/local_setup.ps1'
[9.169s] INFO:colcon.colcon_core.shell:Creating prefix util module '/root/Code/duan/Topic/topic_ws/install/_local_setup_util_ps1.py'
[9.170s] INFO:colcon.colcon_core.shell:Creating prefix chain script '/root/Code/duan/Topic/topic_ws/install/setup.ps1'
[9.172s] INFO:colcon.colcon_core.shell:Creating prefix script '/root/Code/duan/Topic/topic_ws/install/local_setup.sh'
[9.172s] INFO:colcon.colcon_core.shell:Creating prefix util module '/root/Code/duan/Topic/topic_ws/install/_local_setup_util_sh.py'
[9.173s] INFO:colcon.colcon_core.shell:Creating prefix chain script '/root/Code/duan/Topic/topic_ws/install/setup.sh'
[9.174s] INFO:colcon.colcon_core.shell:Creating prefix script '/root/Code/duan/Topic/topic_ws/install/local_setup.bash'
[9.174s] INFO:colcon.colcon_core.shell:Creating prefix chain script '/root/Code/duan/Topic/topic_ws/install/setup.bash'
[9.175s] INFO:colcon.colcon_core.shell:Creating prefix script '/root/Code/duan/Topic/topic_ws/install/local_setup.zsh'
[9.176s] INFO:colcon.colcon_core.shell:Creating prefix chain script '/root/Code/duan/Topic/topic_ws/install/setup.zsh'
