[0.010s] Invoking command in '/root/Code/duan/Topic/topic_ws/build/demo_cpp_topic': CMAKE_PREFIX_PATH=/opt/ros/humble HISTTIMEFORMAT=%F %T root /usr/bin/cmake --build /root/Code/duan/Topic/topic_ws/build/demo_cpp_topic -- -j2 -l2
[0.034s] -- Found ament_cmake: 1.3.11 (/opt/ros/humble/share/ament_cmake/cmake)
[0.164s] -- Found rclcpp: 16.0.12 (/opt/ros/humble/share/rclcpp/cmake)
[0.195s] -- Found rosidl_generator_c: 3.1.6 (/opt/ros/humble/share/rosidl_generator_c/cmake)
[0.197s] -- Found rosidl_adapter: 3.1.6 (/opt/ros/humble/share/rosidl_adapter/cmake)
[0.204s] -- Found rosidl_generator_cpp: 3.1.6 (/opt/ros/humble/share/rosidl_generator_cpp/cmake)
[0.215s] -- Using all available rosidl_typesupport_c: rosidl_typesupport_fastrtps_c;rosidl_typesupport_introspection_c
[0.228s] -- Using all available rosidl_typesupport_cpp: rosidl_typesupport_fastrtps_cpp;rosidl_typesupport_introspection_cpp
[0.262s] -- Found rmw_implementation_cmake: 6.1.2 (/opt/ros/humble/share/rmw_implementation_cmake/cmake)
[0.264s] -- Found rmw_fastrtps_cpp: 6.2.7 (/opt/ros/humble/share/rmw_fastrtps_cpp/cmake)
[0.366s] -- Using RMW implementation 'rmw_fastrtps_cpp' as default
[0.428s] [31mCMake Error at CMakeLists.txt:11 (find_package):
[0.428s]   By not providing "Findcpp-httplib.cmake" in CMAKE_MODULE_PATH this project
[0.429s]   has asked CMake to find a package configuration file provided by
[0.429s]   "cpp-httplib", but CMake did not find one.
[0.429s] 
[0.429s]   Could not find a package configuration file provided by "cpp-httplib" with
[0.429s]   any of the following names:
[0.429s] 
[0.430s]     cpp-httplibConfig.cmake
[0.430s]     cpp-httplib-config.cmake
[0.430s] 
[0.430s]   Add the installation prefix of "cpp-httplib" to CMAKE_PREFIX_PATH or set
[0.430s]   "cpp-httplib_DIR" to a directory containing one of the above files.  If
[0.430s]   "cpp-httplib" provides a separate development package or SDK, be sure it
[0.430s]   has been installed.
[0.430s] 
[0.430s] [0m
[0.431s] -- Configuring incomplete, errors occurred!
[0.431s] See also "/root/Code/duan/Topic/topic_ws/build/demo_cpp_topic/CMakeFiles/CMakeOutput.log".
[0.435s] gmake: *** [Makefile:267: cmake_check_build_system] Error 1
[0.437s] Invoked command in '/root/Code/duan/Topic/topic_ws/build/demo_cpp_topic' returned '2': CMAKE_PREFIX_PATH=/opt/ros/humble HISTTIMEFORMAT=%F %T root /usr/bin/cmake --build /root/Code/duan/Topic/topic_ws/build/demo_cpp_topic -- -j2 -l2
