[0.104s] DEBUG:colcon:Command line arguments: ['/usr/bin/colcon', 'build']
[0.104s] DEBUG:colcon:Parsed command line arguments: Namespace(log_base=None, log_level=None, verb_name='build', build_base='build', install_base='install', merge_install=False, symlink_install=False, test_result_base=None, continue_on_error=False, executor='parallel', parallel_workers=2, event_handlers=None, ignore_user_meta=False, metas=['./colcon.meta'], base_paths=['.'], packages_ignore=None, packages_ignore_regex=None, paths=None, packages_up_to=None, packages_up_to_regex=None, packages_above=None, packages_above_and_dependencies=None, packages_above_depth=None, packages_select_by_dep=None, packages_skip_by_dep=None, packages_skip_up_to=None, packages_select_build_failed=False, packages_skip_build_finished=False, packages_select_test_failures=False, packages_skip_test_passed=False, packages_select=None, packages_skip=None, packages_select_regex=None, packages_skip_regex=None, packages_start=None, packages_end=None, allow_overriding=[], cmake_args=None, cmake_target=None, cmake_target_skip_unavailable=False, cmake_clean_cache=False, cmake_clean_first=False, cmake_force_configure=False, ament_cmake_args=None, catkin_cmake_args=None, catkin_skip_building_tests=False, verb_parser=<colcon_defaults.argument_parser.defaults.DefaultArgumentsDecorator object at 0x7f944352b700>, verb_extension=<colcon_core.verb.build.BuildVerb object at 0x7f944352b2b0>, main=<bound method BuildVerb.main of <colcon_core.verb.build.BuildVerb object at 0x7f944352b2b0>>)
[0.277s] Level 1:colcon.colcon_core.package_discovery:discover_packages(colcon_meta) check parameters
[0.277s] Level 1:colcon.colcon_core.package_discovery:discover_packages(recursive) check parameters
[0.277s] Level 1:colcon.colcon_core.package_discovery:discover_packages(ignore) check parameters
[0.277s] Level 1:colcon.colcon_core.package_discovery:discover_packages(path) check parameters
[0.277s] Level 1:colcon.colcon_core.package_discovery:discover_packages(colcon_meta) discover
[0.277s] Level 1:colcon.colcon_core.package_discovery:discover_packages(recursive) discover
[0.277s] INFO:colcon.colcon_core.package_discovery:Crawling recursively for packages in '/root/Code/duan/Node'
[0.277s] Level 1:colcon.colcon_core.package_identification:_identify(.) by extensions ['ignore', 'ignore_ament_install']
[0.277s] Level 1:colcon.colcon_core.package_identification:_identify(.) by extension 'ignore'
[0.277s] Level 1:colcon.colcon_core.package_identification:_identify(.) by extension 'ignore_ament_install'
[0.277s] Level 1:colcon.colcon_core.package_identification:_identify(.) by extensions ['colcon_pkg']
[0.277s] Level 1:colcon.colcon_core.package_identification:_identify(.) by extension 'colcon_pkg'
[0.278s] Level 1:colcon.colcon_core.package_identification:_identify(.) by extensions ['colcon_meta']
[0.278s] Level 1:colcon.colcon_core.package_identification:_identify(.) by extension 'colcon_meta'
[0.278s] Level 1:colcon.colcon_core.package_identification:_identify(.) by extensions ['ros']
[0.278s] Level 1:colcon.colcon_core.package_identification:_identify(.) by extension 'ros'
[0.289s] Level 1:colcon.colcon_core.package_identification:_identify(.) by extensions ['cmake', 'python']
[0.289s] Level 1:colcon.colcon_core.package_identification:_identify(.) by extension 'cmake'
[0.289s] Level 1:colcon.colcon_core.package_identification:_identify(.) by extension 'python'
[0.289s] Level 1:colcon.colcon_core.package_identification:_identify(.) by extensions ['python_setup_py']
[0.289s] Level 1:colcon.colcon_core.package_identification:_identify(.) by extension 'python_setup_py'
[0.290s] Level 1:colcon.colcon_core.package_identification:_identify(build) by extensions ['ignore', 'ignore_ament_install']
[0.290s] Level 1:colcon.colcon_core.package_identification:_identify(build) by extension 'ignore'
[0.290s] Level 1:colcon.colcon_core.package_identification:_identify(build) ignored
[0.290s] Level 1:colcon.colcon_core.package_identification:_identify(demo_cpp_pkg) by extensions ['ignore', 'ignore_ament_install']
[0.290s] Level 1:colcon.colcon_core.package_identification:_identify(demo_cpp_pkg) by extension 'ignore'
[0.290s] Level 1:colcon.colcon_core.package_identification:_identify(demo_cpp_pkg) by extension 'ignore_ament_install'
[0.290s] Level 1:colcon.colcon_core.package_identification:_identify(demo_cpp_pkg) by extensions ['colcon_pkg']
[0.290s] Level 1:colcon.colcon_core.package_identification:_identify(demo_cpp_pkg) by extension 'colcon_pkg'
[0.290s] Level 1:colcon.colcon_core.package_identification:_identify(demo_cpp_pkg) by extensions ['colcon_meta']
[0.290s] Level 1:colcon.colcon_core.package_identification:_identify(demo_cpp_pkg) by extension 'colcon_meta'
[0.290s] Level 1:colcon.colcon_core.package_identification:_identify(demo_cpp_pkg) by extensions ['ros']
[0.290s] Level 1:colcon.colcon_core.package_identification:_identify(demo_cpp_pkg) by extension 'ros'
[0.293s] DEBUG:colcon.colcon_core.package_identification:Package 'demo_cpp_pkg' with type 'ros.ament_cmake' and name 'demo_cpp_pkg'
[0.293s] Level 1:colcon.colcon_core.package_identification:_identify(install) by extensions ['ignore', 'ignore_ament_install']
[0.293s] Level 1:colcon.colcon_core.package_identification:_identify(install) by extension 'ignore'
[0.293s] Level 1:colcon.colcon_core.package_identification:_identify(install) ignored
[0.293s] Level 1:colcon.colcon_core.package_identification:_identify(log) by extensions ['ignore', 'ignore_ament_install']
[0.293s] Level 1:colcon.colcon_core.package_identification:_identify(log) by extension 'ignore'
[0.293s] Level 1:colcon.colcon_core.package_identification:_identify(log) ignored
[0.293s] Level 1:colcon.colcon_core.package_discovery:discover_packages(recursive) using defaults
[0.293s] Level 1:colcon.colcon_core.package_discovery:discover_packages(ignore) discover
[0.294s] Level 1:colcon.colcon_core.package_discovery:discover_packages(ignore) using defaults
[0.294s] Level 1:colcon.colcon_core.package_discovery:discover_packages(path) discover
[0.294s] Level 1:colcon.colcon_core.package_discovery:discover_packages(path) using defaults
[0.313s] Level 1:colcon.colcon_core.package_discovery:discover_packages(prefix_path) check parameters
[0.314s] Level 1:colcon.colcon_core.package_discovery:discover_packages(prefix_path) discover
[0.315s] DEBUG:colcon.colcon_installed_package_information.package_discovery:Found 2 installed packages in /root/Code/duan/Node/install
[0.317s] DEBUG:colcon.colcon_installed_package_information.package_discovery:Found 271 installed packages in /opt/ros/humble
[0.319s] Level 1:colcon.colcon_core.package_discovery:discover_packages(prefix_path) using defaults
[0.365s] Level 5:colcon.colcon_core.verb:set package 'demo_cpp_pkg' build argument 'cmake_args' from command line to 'None'
[0.365s] Level 5:colcon.colcon_core.verb:set package 'demo_cpp_pkg' build argument 'cmake_target' from command line to 'None'
[0.365s] Level 5:colcon.colcon_core.verb:set package 'demo_cpp_pkg' build argument 'cmake_target_skip_unavailable' from command line to 'False'
[0.365s] Level 5:colcon.colcon_core.verb:set package 'demo_cpp_pkg' build argument 'cmake_clean_cache' from command line to 'False'
[0.365s] Level 5:colcon.colcon_core.verb:set package 'demo_cpp_pkg' build argument 'cmake_clean_first' from command line to 'False'
[0.365s] Level 5:colcon.colcon_core.verb:set package 'demo_cpp_pkg' build argument 'cmake_force_configure' from command line to 'False'
[0.365s] Level 5:colcon.colcon_core.verb:set package 'demo_cpp_pkg' build argument 'ament_cmake_args' from command line to 'None'
[0.365s] Level 5:colcon.colcon_core.verb:set package 'demo_cpp_pkg' build argument 'catkin_cmake_args' from command line to 'None'
[0.365s] Level 5:colcon.colcon_core.verb:set package 'demo_cpp_pkg' build argument 'catkin_skip_building_tests' from command line to 'False'
[0.365s] DEBUG:colcon.colcon_core.verb:Building package 'demo_cpp_pkg' with the following arguments: {'ament_cmake_args': None, 'build_base': '/root/Code/duan/Node/build/demo_cpp_pkg', 'catkin_cmake_args': None, 'catkin_skip_building_tests': False, 'cmake_args': None, 'cmake_clean_cache': False, 'cmake_clean_first': False, 'cmake_force_configure': False, 'cmake_target': None, 'cmake_target_skip_unavailable': False, 'install_base': '/root/Code/duan/Node/install/demo_cpp_pkg', 'merge_install': False, 'path': '/root/Code/duan/Node/demo_cpp_pkg', 'symlink_install': False, 'test_result_base': None}
[0.365s] INFO:colcon.colcon_core.executor:Executing jobs using 'parallel' executor
[0.366s] DEBUG:colcon.colcon_parallel_executor.executor.parallel:run_until_complete
[0.366s] INFO:colcon.colcon_ros.task.ament_cmake.build:Building ROS package in '/root/Code/duan/Node/demo_cpp_pkg' with build type 'ament_cmake'
[0.366s] INFO:colcon.colcon_cmake.task.cmake.build:Building CMake package in '/root/Code/duan/Node/demo_cpp_pkg'
[0.369s] INFO:colcon.colcon_core.plugin_system:Skipping extension 'colcon_core.shell.bat': Not used on non-Windows systems
[0.369s] INFO:colcon.colcon_core.shell:Skip shell extension 'powershell' for command environment: Not usable outside of PowerShell
[0.369s] DEBUG:colcon.colcon_core.shell:Skip shell extension 'dsv' for command environment
[0.378s] DEBUG:colcon.colcon_core.event_handler.log_command:Invoking command in '/root/Code/duan/Node/build/demo_cpp_pkg': CMAKE_PREFIX_PATH=${CMAKE_PREFIX_PATH}:/opt/ros/humble HISTTIMEFORMAT=%F %T root /usr/bin/cmake --build /root/Code/duan/Node/build/demo_cpp_pkg -- -j2 -l2
[1.124s] DEBUG:colcon.colcon_core.event_handler.log_command:Invoked command in '/root/Code/duan/Node/build/demo_cpp_pkg' returned '0': CMAKE_PREFIX_PATH=${CMAKE_PREFIX_PATH}:/opt/ros/humble HISTTIMEFORMAT=%F %T root /usr/bin/cmake --build /root/Code/duan/Node/build/demo_cpp_pkg -- -j2 -l2
[1.134s] DEBUG:colcon.colcon_core.event_handler.log_command:Invoking command in '/root/Code/duan/Node/build/demo_cpp_pkg': CMAKE_PREFIX_PATH=${CMAKE_PREFIX_PATH}:/opt/ros/humble HISTTIMEFORMAT=%F %T root /usr/bin/cmake --install /root/Code/duan/Node/build/demo_cpp_pkg
[1.151s] Level 1:colcon.colcon_core.environment:create_environment_scripts_only(demo_cpp_pkg)
[1.152s] DEBUG:colcon.colcon_core.event_handler.log_command:Invoked command in '/root/Code/duan/Node/build/demo_cpp_pkg' returned '0': CMAKE_PREFIX_PATH=${CMAKE_PREFIX_PATH}:/opt/ros/humble HISTTIMEFORMAT=%F %T root /usr/bin/cmake --install /root/Code/duan/Node/build/demo_cpp_pkg
[1.154s] Level 1:colcon.colcon_core.environment:checking '/root/Code/duan/Node/install/demo_cpp_pkg' for CMake module files
[1.155s] Level 1:colcon.colcon_core.environment:checking '/root/Code/duan/Node/install/demo_cpp_pkg' for CMake config files
[1.155s] Level 1:colcon.colcon_core.shell:create_environment_hook('demo_cpp_pkg', 'cmake_prefix_path')
[1.156s] INFO:colcon.colcon_core.shell:Creating environment hook '/root/Code/duan/Node/install/demo_cpp_pkg/share/demo_cpp_pkg/hook/cmake_prefix_path.ps1'
[1.156s] INFO:colcon.colcon_core.shell:Creating environment descriptor '/root/Code/duan/Node/install/demo_cpp_pkg/share/demo_cpp_pkg/hook/cmake_prefix_path.dsv'
[1.157s] INFO:colcon.colcon_core.shell:Creating environment hook '/root/Code/duan/Node/install/demo_cpp_pkg/share/demo_cpp_pkg/hook/cmake_prefix_path.sh'
[1.158s] Level 1:colcon.colcon_core.environment:checking '/root/Code/duan/Node/install/demo_cpp_pkg/lib'
[1.158s] Level 1:colcon.colcon_core.environment:checking '/root/Code/duan/Node/install/demo_cpp_pkg/bin'
[1.158s] Level 1:colcon.colcon_core.environment:checking '/root/Code/duan/Node/install/demo_cpp_pkg/lib/pkgconfig/demo_cpp_pkg.pc'
[1.158s] Level 1:colcon.colcon_core.environment:checking '/root/Code/duan/Node/install/demo_cpp_pkg/lib/python3.10/site-packages'
[1.158s] Level 1:colcon.colcon_core.environment:checking '/root/Code/duan/Node/install/demo_cpp_pkg/bin'
[1.159s] INFO:colcon.colcon_core.shell:Creating package script '/root/Code/duan/Node/install/demo_cpp_pkg/share/demo_cpp_pkg/package.ps1'
[1.159s] INFO:colcon.colcon_core.shell:Creating package descriptor '/root/Code/duan/Node/install/demo_cpp_pkg/share/demo_cpp_pkg/package.dsv'
[1.160s] INFO:colcon.colcon_core.shell:Creating package script '/root/Code/duan/Node/install/demo_cpp_pkg/share/demo_cpp_pkg/package.sh'
[1.161s] INFO:colcon.colcon_core.shell:Creating package script '/root/Code/duan/Node/install/demo_cpp_pkg/share/demo_cpp_pkg/package.bash'
[1.161s] INFO:colcon.colcon_core.shell:Creating package script '/root/Code/duan/Node/install/demo_cpp_pkg/share/demo_cpp_pkg/package.zsh'
[1.162s] Level 1:colcon.colcon_core.environment:create_file_with_runtime_dependencies(/root/Code/duan/Node/install/demo_cpp_pkg/share/colcon-core/packages/demo_cpp_pkg)
[1.163s] Level 1:colcon.colcon_core.environment:create_environment_scripts_only(demo_cpp_pkg)
[1.163s] Level 1:colcon.colcon_core.environment:checking '/root/Code/duan/Node/install/demo_cpp_pkg' for CMake module files
[1.163s] Level 1:colcon.colcon_core.environment:checking '/root/Code/duan/Node/install/demo_cpp_pkg' for CMake config files
[1.164s] Level 1:colcon.colcon_core.shell:create_environment_hook('demo_cpp_pkg', 'cmake_prefix_path')
[1.164s] INFO:colcon.colcon_core.shell:Creating environment hook '/root/Code/duan/Node/install/demo_cpp_pkg/share/demo_cpp_pkg/hook/cmake_prefix_path.ps1'
[1.164s] INFO:colcon.colcon_core.shell:Creating environment descriptor '/root/Code/duan/Node/install/demo_cpp_pkg/share/demo_cpp_pkg/hook/cmake_prefix_path.dsv'
[1.164s] INFO:colcon.colcon_core.shell:Creating environment hook '/root/Code/duan/Node/install/demo_cpp_pkg/share/demo_cpp_pkg/hook/cmake_prefix_path.sh'
[1.165s] Level 1:colcon.colcon_core.environment:checking '/root/Code/duan/Node/install/demo_cpp_pkg/lib'
[1.165s] Level 1:colcon.colcon_core.environment:checking '/root/Code/duan/Node/install/demo_cpp_pkg/bin'
[1.165s] Level 1:colcon.colcon_core.environment:checking '/root/Code/duan/Node/install/demo_cpp_pkg/lib/pkgconfig/demo_cpp_pkg.pc'
[1.166s] Level 1:colcon.colcon_core.environment:checking '/root/Code/duan/Node/install/demo_cpp_pkg/lib/python3.10/site-packages'
[1.166s] Level 1:colcon.colcon_core.environment:checking '/root/Code/duan/Node/install/demo_cpp_pkg/bin'
[1.166s] INFO:colcon.colcon_core.shell:Creating package script '/root/Code/duan/Node/install/demo_cpp_pkg/share/demo_cpp_pkg/package.ps1'
[1.166s] INFO:colcon.colcon_core.shell:Creating package descriptor '/root/Code/duan/Node/install/demo_cpp_pkg/share/demo_cpp_pkg/package.dsv'
[1.167s] INFO:colcon.colcon_core.shell:Creating package script '/root/Code/duan/Node/install/demo_cpp_pkg/share/demo_cpp_pkg/package.sh'
[1.168s] INFO:colcon.colcon_core.shell:Creating package script '/root/Code/duan/Node/install/demo_cpp_pkg/share/demo_cpp_pkg/package.bash'
[1.169s] INFO:colcon.colcon_core.shell:Creating package script '/root/Code/duan/Node/install/demo_cpp_pkg/share/demo_cpp_pkg/package.zsh'
[1.169s] Level 1:colcon.colcon_core.environment:create_file_with_runtime_dependencies(/root/Code/duan/Node/install/demo_cpp_pkg/share/colcon-core/packages/demo_cpp_pkg)
[1.169s] DEBUG:colcon.colcon_parallel_executor.executor.parallel:closing loop
[1.170s] DEBUG:colcon.colcon_parallel_executor.executor.parallel:loop closed
[1.170s] DEBUG:colcon.colcon_parallel_executor.executor.parallel:run_until_complete finished with '0'
[1.170s] DEBUG:colcon.colcon_core.event_reactor:joining thread
[1.176s] INFO:colcon.colcon_core.plugin_system:Skipping extension 'colcon_notification.desktop_notification.terminal_notifier': Not used on non-Darwin systems
[1.177s] INFO:colcon.colcon_core.plugin_system:Skipping extension 'colcon_notification.desktop_notification.win32': Not used on non-Windows systems
[1.177s] INFO:colcon.colcon_notification.desktop_notification:Sending desktop notification using 'notify2'
[1.177s] DEBUG:colcon.colcon_notification.desktop_notification.notify2:Failed to initialize notify2: org.freedesktop.DBus.Error.ServiceUnknown: The name org.freedesktop.Notifications was not provided by any .service files
[1.178s] DEBUG:colcon.colcon_core.event_reactor:joined thread
[1.178s] INFO:colcon.colcon_core.shell:Creating prefix script '/root/Code/duan/Node/install/local_setup.ps1'
[1.179s] INFO:colcon.colcon_core.shell:Creating prefix util module '/root/Code/duan/Node/install/_local_setup_util_ps1.py'
[1.180s] INFO:colcon.colcon_core.shell:Creating prefix chain script '/root/Code/duan/Node/install/setup.ps1'
[1.181s] INFO:colcon.colcon_core.shell:Creating prefix script '/root/Code/duan/Node/install/local_setup.sh'
[1.182s] INFO:colcon.colcon_core.shell:Creating prefix util module '/root/Code/duan/Node/install/_local_setup_util_sh.py'
[1.183s] INFO:colcon.colcon_core.shell:Creating prefix chain script '/root/Code/duan/Node/install/setup.sh'
[1.184s] INFO:colcon.colcon_core.shell:Creating prefix script '/root/Code/duan/Node/install/local_setup.bash'
[1.184s] INFO:colcon.colcon_core.shell:Creating prefix chain script '/root/Code/duan/Node/install/setup.bash'
[1.185s] INFO:colcon.colcon_core.shell:Creating prefix script '/root/Code/duan/Node/install/local_setup.zsh'
[1.186s] INFO:colcon.colcon_core.shell:Creating prefix chain script '/root/Code/duan/Node/install/setup.zsh'
