[0.499s] Invoking command in '/home/duan/Code/Duan-Ros2/Topic/topic_practice_ws/src/status_publisher': PYTHONPATH=/home/duan/Code/Duan-Ros2/Topic/topic_practice_ws/build/status_publisher/prefix_override:/usr/lib/python3/dist-packages/colcon_core/task/python/colcon_distutils_commands:/home/duan/Code/Duan-Ros2/Topic/topic_practice_ws/install/status_publisher/lib/python3.10/site-packages:${PYTHONPATH} /usr/bin/python3 -W ignore:setup.py install is deprecated -W ignore:easy_install command is deprecated setup.py egg_info --egg-base ../../build/status_publisher build --build-base /home/duan/Code/Duan-Ros2/Topic/topic_practice_ws/build/status_publisher/build install --record /home/duan/Code/Duan-Ros2/Topic/topic_practice_ws/build/status_publisher/install.log --single-version-externally-managed install_data
[0.667s] running egg_info
[0.668s] creating ../../build/status_publisher/status_publisher.egg-info
[0.668s] writing ../../build/status_publisher/status_publisher.egg-info/PKG-INFO
[0.668s] writing dependency_links to ../../build/status_publisher/status_publisher.egg-info/dependency_links.txt
[0.668s] writing entry points to ../../build/status_publisher/status_publisher.egg-info/entry_points.txt
[0.668s] writing requirements to ../../build/status_publisher/status_publisher.egg-info/requires.txt
[0.668s] writing top-level names to ../../build/status_publisher/status_publisher.egg-info/top_level.txt
[0.668s] writing manifest file '../../build/status_publisher/status_publisher.egg-info/SOURCES.txt'
[0.668s] reading manifest file '../../build/status_publisher/status_publisher.egg-info/SOURCES.txt'
[0.668s] adding license file 'LICENSE'
[0.668s] writing manifest file '../../build/status_publisher/status_publisher.egg-info/SOURCES.txt'
[0.668s] running build
[0.668s] running build_py
[0.668s] creating /home/duan/Code/Duan-Ros2/Topic/topic_practice_ws/build/status_publisher/build
[0.668s] creating /home/duan/Code/Duan-Ros2/Topic/topic_practice_ws/build/status_publisher/build/lib
[0.668s] creating /home/duan/Code/Duan-Ros2/Topic/topic_practice_ws/build/status_publisher/build/lib/status_publisher
[0.668s] copying status_publisher/sys_status_pub.py -> /home/duan/Code/Duan-Ros2/Topic/topic_practice_ws/build/status_publisher/build/lib/status_publisher
[0.668s] copying status_publisher/__init__.py -> /home/duan/Code/Duan-Ros2/Topic/topic_practice_ws/build/status_publisher/build/lib/status_publisher
[0.668s] running install
[0.669s] running install_lib
[0.669s] creating /home/duan/Code/Duan-Ros2/Topic/topic_practice_ws/install/status_publisher/lib/python3.10/site-packages/status_publisher
[0.669s] copying /home/duan/Code/Duan-Ros2/Topic/topic_practice_ws/build/status_publisher/build/lib/status_publisher/sys_status_pub.py -> /home/duan/Code/Duan-Ros2/Topic/topic_practice_ws/install/status_publisher/lib/python3.10/site-packages/status_publisher
[0.672s] copying /home/duan/Code/Duan-Ros2/Topic/topic_practice_ws/build/status_publisher/build/lib/status_publisher/__init__.py -> /home/duan/Code/Duan-Ros2/Topic/topic_practice_ws/install/status_publisher/lib/python3.10/site-packages/status_publisher
[0.673s] byte-compiling /home/duan/Code/Duan-Ros2/Topic/topic_practice_ws/install/status_publisher/lib/python3.10/site-packages/status_publisher/sys_status_pub.py to sys_status_pub.cpython-310.pyc
[0.673s]   File "/home/duan/Code/Duan-Ros2/Topic/topic_practice_ws/install/status_publisher/lib/python3.10/site-packages/status_publisher/sys_status_pub.py", line 9
[0.673s]     self.status_publisher_ := self.create_publisher(
[0.673s]     ^^^^^^^^^^^^^^^^^^^^^^
[0.673s] SyntaxError: cannot use assignment expressions with attribute
[0.673s] 
[0.673s] byte-compiling /home/duan/Code/Duan-Ros2/Topic/topic_practice_ws/install/status_publisher/lib/python3.10/site-packages/status_publisher/__init__.py to __init__.cpython-310.pyc
[0.673s] running install_data
[0.673s] creating /home/duan/Code/Duan-Ros2/Topic/topic_practice_ws/install/status_publisher/share/ament_index
[0.673s] creating /home/duan/Code/Duan-Ros2/Topic/topic_practice_ws/install/status_publisher/share/ament_index/resource_index
[0.673s] creating /home/duan/Code/Duan-Ros2/Topic/topic_practice_ws/install/status_publisher/share/ament_index/resource_index/packages
[0.673s] copying resource/status_publisher -> /home/duan/Code/Duan-Ros2/Topic/topic_practice_ws/install/status_publisher/share/ament_index/resource_index/packages
[0.673s] copying package.xml -> /home/duan/Code/Duan-Ros2/Topic/topic_practice_ws/install/status_publisher/share/status_publisher
[0.673s] running install_egg_info
[0.673s] Copying ../../build/status_publisher/status_publisher.egg-info to /home/duan/Code/Duan-Ros2/Topic/topic_practice_ws/install/status_publisher/lib/python3.10/site-packages/status_publisher-0.0.0-py3.10.egg-info
[0.673s] running install_scripts
[0.688s] Installing sys_status_pub script to /home/duan/Code/Duan-Ros2/Topic/topic_practice_ws/install/status_publisher/lib/status_publisher
[0.688s] writing list of installed files to '/home/duan/Code/Duan-Ros2/Topic/topic_practice_ws/build/status_publisher/install.log'
[0.706s] Invoked command in '/home/duan/Code/Duan-Ros2/Topic/topic_practice_ws/src/status_publisher' returned '0': PYTHONPATH=/home/duan/Code/Duan-Ros2/Topic/topic_practice_ws/build/status_publisher/prefix_override:/usr/lib/python3/dist-packages/colcon_core/task/python/colcon_distutils_commands:/home/duan/Code/Duan-Ros2/Topic/topic_practice_ws/install/status_publisher/lib/python3.10/site-packages:${PYTHONPATH} /usr/bin/python3 -W ignore:setup.py install is deprecated -W ignore:easy_install command is deprecated setup.py egg_info --egg-base ../../build/status_publisher build --build-base /home/duan/Code/Duan-Ros2/Topic/topic_practice_ws/build/status_publisher/build install --record /home/duan/Code/Duan-Ros2/Topic/topic_practice_ws/build/status_publisher/install.log --single-version-externally-managed install_data
