[0.010s] Invoking command in '/home/duan/Code/Duan-Ros2/Topic/topic_practice_ws/build/status_interfaces': CMAKE_PREFIX_PATH=/opt/ros/humble /usr/bin/cmake /home/duan/Code/Duan-Ros2/Topic/topic_practice_ws/src/status_interfaces -DCMAKE_INSTALL_PREFIX=/home/duan/Code/Duan-Ros2/Topic/topic_practice_ws/install/status_interfaces
[0.157s] -- The C compiler identification is GNU 11.4.0
[0.244s] -- The CXX compiler identification is GNU 11.4.0
[0.255s] -- Detecting C compiler ABI info
[0.337s] -- Detecting C compiler ABI info - done
[0.342s] -- Check for working C compiler: /usr/bin/cc - skipped
[0.343s] -- Detecting C compile features
[0.345s] -- Detecting C compile features - done
[0.350s] -- Detecting CXX compiler ABI info
[0.441s] -- Detecting CXX compiler ABI info - done
[0.447s] -- Check for working CXX compiler: /usr/bin/c++ - skipped
[0.447s] -- Detecting CXX compile features
[0.449s] -- Detecting CXX compile features - done
[0.457s] -- Found ament_cmake: 1.3.11 (/opt/ros/humble/share/ament_cmake/cmake)
[0.580s] -- Found Python3: /usr/bin/python3 (found version "3.10.12") found components: Interpreter 
[0.682s] -- Found builtin_interfaces: 1.2.1 (/opt/ros/humble/share/builtin_interfaces/cmake)
[0.717s] -- Found rosidl_generator_c: 3.1.6 (/opt/ros/humble/share/rosidl_generator_c/cmake)
[0.725s] -- Found rosidl_adapter: 3.1.6 (/opt/ros/humble/share/rosidl_adapter/cmake)
[0.739s] -- Found rosidl_generator_cpp: 3.1.6 (/opt/ros/humble/share/rosidl_generator_cpp/cmake)
[0.755s] -- Using all available rosidl_typesupport_c: rosidl_typesupport_fastrtps_c;rosidl_typesupport_introspection_c
[0.772s] -- Using all available rosidl_typesupport_cpp: rosidl_typesupport_fastrtps_cpp;rosidl_typesupport_introspection_cpp
[0.787s] -- Found rosidl_default_generators: 1.2.0 (/opt/ros/humble/share/rosidl_default_generators/cmake)
[0.950s] [31mCMake Error at /opt/ros/humble/share/rosidl_cmake/cmake/rosidl_generate_interfaces.cmake:229 (message):
[0.950s]   Packages installing interfaces must include
[0.950s]   '<member_of_group>rosidl_interface_packages</member_of_group>' in their
[0.951s]   package.xml
[0.951s] Call Stack (most recent call first):
[0.951s]   CMakeLists.txt:14 (rosidl_generate_interfaces)
[0.951s] 
[0.951s] [0m
[0.951s] -- Configuring incomplete, errors occurred!
[0.951s] See also "/home/duan/Code/Duan-Ros2/Topic/topic_practice_ws/build/status_interfaces/CMakeFiles/CMakeOutput.log".
[0.957s] Invoked command in '/home/duan/Code/Duan-Ros2/Topic/topic_practice_ws/build/status_interfaces' returned '1': CMAKE_PREFIX_PATH=/opt/ros/humble /usr/bin/cmake /home/duan/Code/Duan-Ros2/Topic/topic_practice_ws/src/status_interfaces -DCMAKE_INSTALL_PREFIX=/home/duan/Code/Duan-Ros2/Topic/topic_practice_ws/install/status_interfaces
