[0.012s] Invoking command in '/home/duan/Code/Duan-Ros2/duan-src/duan_ws/build/duanbot_navigation2': CMAKE_PREFIX_PATH=${CMAKE_PREFIX_PATH}:/opt/ros/humble /usr/bin/cmake --build /home/duan/Code/Duan-Ros2/duan-src/duan_ws/build/duanbot_navigation2 -- -j8 -l8
[0.030s] -- Found ament_cmake: 1.3.11 (/opt/ros/humble/share/ament_cmake/cmake)
[0.148s] -- Found ament_lint_auto: 0.12.12 (/opt/ros/humble/share/ament_lint_auto/cmake)
[0.199s] -- Added test 'flake8' to check Python code syntax and style conventions
[0.199s] -- Added test 'lint_cmake' to check CMake code style
[0.199s] -- Added test 'pep257' to check Python code against some of the docstring style conventions in PEP 257
[0.200s] -- Added test 'xmllint' to check XML markup files
[0.200s] -- Configuring done
[0.203s] -- Generating done
[0.204s] -- Build files have been written to: /home/duan/Code/Duan-Ros2/duan-src/duan_ws/build/duanbot_navigation2
[0.224s] Invoked command in '/home/duan/Code/Duan-Ros2/duan-src/duan_ws/build/duanbot_navigation2' returned '0': CMAKE_PREFIX_PATH=${CMAKE_PREFIX_PATH}:/opt/ros/humble /usr/bin/cmake --build /home/duan/Code/Duan-Ros2/duan-src/duan_ws/build/duanbot_navigation2 -- -j8 -l8
[0.226s] Invoking command in '/home/duan/Code/Duan-Ros2/duan-src/duan_ws/build/duanbot_navigation2': CMAKE_PREFIX_PATH=${CMAKE_PREFIX_PATH}:/opt/ros/humble /usr/bin/cmake --install /home/duan/Code/Duan-Ros2/duan-src/duan_ws/build/duanbot_navigation2
[0.234s] -- Install configuration: ""
[0.234s] -- Up-to-date: /home/duan/Code/Duan-Ros2/duan-src/duan_ws/install/duanbot_navigation2/share/duanbot_navigation2/launch
[0.234s] -- Up-to-date: /home/duan/Code/Duan-Ros2/duan-src/duan_ws/install/duanbot_navigation2/share/duanbot_navigation2/launch/navigation2.launch.py
[0.234s] -- Up-to-date: /home/duan/Code/Duan-Ros2/duan-src/duan_ws/install/duanbot_navigation2/share/duanbot_navigation2/config
[0.234s] -- Up-to-date: /home/duan/Code/Duan-Ros2/duan-src/duan_ws/install/duanbot_navigation2/share/duanbot_navigation2/config/nav2_params.yaml
[0.235s] -- Installing: /home/duan/Code/Duan-Ros2/duan-src/duan_ws/install/duanbot_navigation2/share/duanbot_navigation2/maps
[0.235s] -- Installing: /home/duan/Code/Duan-Ros2/duan-src/duan_ws/install/duanbot_navigation2/share/duanbot_navigation2/maps/room.yaml
[0.235s] -- Installing: /home/duan/Code/Duan-Ros2/duan-src/duan_ws/install/duanbot_navigation2/share/duanbot_navigation2/maps/room.pgm
[0.235s] -- Installing: /home/duan/Code/Duan-Ros2/duan-src/duan_ws/install/duanbot_navigation2/share/ament_index/resource_index/package_run_dependencies/duanbot_navigation2
[0.235s] -- Installing: /home/duan/Code/Duan-Ros2/duan-src/duan_ws/install/duanbot_navigation2/share/ament_index/resource_index/parent_prefix_path/duanbot_navigation2
[0.236s] -- Installing: /home/duan/Code/Duan-Ros2/duan-src/duan_ws/install/duanbot_navigation2/share/duanbot_navigation2/environment/ament_prefix_path.sh
[0.236s] -- Installing: /home/duan/Code/Duan-Ros2/duan-src/duan_ws/install/duanbot_navigation2/share/duanbot_navigation2/environment/ament_prefix_path.dsv
[0.236s] -- Installing: /home/duan/Code/Duan-Ros2/duan-src/duan_ws/install/duanbot_navigation2/share/duanbot_navigation2/environment/path.sh
[0.236s] -- Installing: /home/duan/Code/Duan-Ros2/duan-src/duan_ws/install/duanbot_navigation2/share/duanbot_navigation2/environment/path.dsv
[0.236s] -- Installing: /home/duan/Code/Duan-Ros2/duan-src/duan_ws/install/duanbot_navigation2/share/duanbot_navigation2/local_setup.bash
[0.236s] -- Installing: /home/duan/Code/Duan-Ros2/duan-src/duan_ws/install/duanbot_navigation2/share/duanbot_navigation2/local_setup.sh
[0.236s] -- Installing: /home/duan/Code/Duan-Ros2/duan-src/duan_ws/install/duanbot_navigation2/share/duanbot_navigation2/local_setup.zsh
[0.236s] -- Installing: /home/duan/Code/Duan-Ros2/duan-src/duan_ws/install/duanbot_navigation2/share/duanbot_navigation2/local_setup.dsv
[0.236s] -- Installing: /home/duan/Code/Duan-Ros2/duan-src/duan_ws/install/duanbot_navigation2/share/duanbot_navigation2/package.dsv
[0.236s] -- Installing: /home/duan/Code/Duan-Ros2/duan-src/duan_ws/install/duanbot_navigation2/share/ament_index/resource_index/packages/duanbot_navigation2
[0.237s] -- Installing: /home/duan/Code/Duan-Ros2/duan-src/duan_ws/install/duanbot_navigation2/share/duanbot_navigation2/cmake/duanbot_navigation2Config.cmake
[0.237s] -- Installing: /home/duan/Code/Duan-Ros2/duan-src/duan_ws/install/duanbot_navigation2/share/duanbot_navigation2/cmake/duanbot_navigation2Config-version.cmake
[0.237s] -- Installing: /home/duan/Code/Duan-Ros2/duan-src/duan_ws/install/duanbot_navigation2/share/duanbot_navigation2/package.xml
[0.237s] Invoked command in '/home/duan/Code/Duan-Ros2/duan-src/duan_ws/build/duanbot_navigation2' returned '0': CMAKE_PREFIX_PATH=${CMAKE_PREFIX_PATH}:/opt/ros/humble /usr/bin/cmake --install /home/duan/Code/Duan-Ros2/duan-src/duan_ws/build/duanbot_navigation2
