[0.085s] DEBUG:colcon:Command line arguments: ['/usr/bin/colcon', 'build']
[0.085s] DEBUG:colcon:Parsed command line arguments: Namespace(log_base=None, log_level=None, verb_name='build', build_base='build', install_base='install', merge_install=False, symlink_install=False, test_result_base=None, continue_on_error=False, executor='parallel', parallel_workers=8, event_handlers=None, ignore_user_meta=False, metas=['./colcon.meta'], base_paths=['.'], packages_ignore=None, packages_ignore_regex=None, paths=None, packages_up_to=None, packages_up_to_regex=None, packages_above=None, packages_above_and_dependencies=None, packages_above_depth=None, packages_select_by_dep=None, packages_skip_by_dep=None, packages_skip_up_to=None, packages_select_build_failed=False, packages_skip_build_finished=False, packages_select_test_failures=False, packages_skip_test_passed=False, packages_select=None, packages_skip=None, packages_select_regex=None, packages_skip_regex=None, packages_start=None, packages_end=None, allow_overriding=[], cmake_args=None, cmake_target=None, cmake_target_skip_unavailable=False, cmake_clean_cache=False, cmake_clean_first=False, cmake_force_configure=False, ament_cmake_args=None, catkin_cmake_args=None, catkin_skip_building_tests=False, verb_parser=<colcon_defaults.argument_parser.defaults.DefaultArgumentsDecorator object at 0x7e49edc17070>, verb_extension=<colcon_core.verb.build.BuildVerb object at 0x7e49edd60490>, main=<bound method BuildVerb.main of <colcon_core.verb.build.BuildVerb object at 0x7e49edd60490>>)
[0.187s] Level 1:colcon.colcon_core.package_discovery:discover_packages(colcon_meta) check parameters
[0.187s] Level 1:colcon.colcon_core.package_discovery:discover_packages(recursive) check parameters
[0.187s] Level 1:colcon.colcon_core.package_discovery:discover_packages(ignore) check parameters
[0.187s] Level 1:colcon.colcon_core.package_discovery:discover_packages(path) check parameters
[0.187s] Level 1:colcon.colcon_core.package_discovery:discover_packages(colcon_meta) discover
[0.187s] Level 1:colcon.colcon_core.package_discovery:discover_packages(recursive) discover
[0.188s] INFO:colcon.colcon_core.package_discovery:Crawling recursively for packages in '/home/duan/Code/Duan-Ros2/Topic/topic_ws'
[0.188s] Level 1:colcon.colcon_core.package_identification:_identify(.) by extensions ['ignore', 'ignore_ament_install']
[0.188s] Level 1:colcon.colcon_core.package_identification:_identify(.) by extension 'ignore'
[0.188s] Level 1:colcon.colcon_core.package_identification:_identify(.) by extension 'ignore_ament_install'
[0.188s] Level 1:colcon.colcon_core.package_identification:_identify(.) by extensions ['colcon_pkg']
[0.188s] Level 1:colcon.colcon_core.package_identification:_identify(.) by extension 'colcon_pkg'
[0.188s] Level 1:colcon.colcon_core.package_identification:_identify(.) by extensions ['colcon_meta']
[0.188s] Level 1:colcon.colcon_core.package_identification:_identify(.) by extension 'colcon_meta'
[0.188s] Level 1:colcon.colcon_core.package_identification:_identify(.) by extensions ['ros']
[0.188s] Level 1:colcon.colcon_core.package_identification:_identify(.) by extension 'ros'
[0.197s] Level 1:colcon.colcon_core.package_identification:_identify(.) by extensions ['cmake', 'python']
[0.197s] Level 1:colcon.colcon_core.package_identification:_identify(.) by extension 'cmake'
[0.197s] Level 1:colcon.colcon_core.package_identification:_identify(.) by extension 'python'
[0.197s] Level 1:colcon.colcon_core.package_identification:_identify(.) by extensions ['python_setup_py']
[0.197s] Level 1:colcon.colcon_core.package_identification:_identify(.) by extension 'python_setup_py'
[0.197s] Level 1:colcon.colcon_core.package_identification:_identify(build) by extensions ['ignore', 'ignore_ament_install']
[0.197s] Level 1:colcon.colcon_core.package_identification:_identify(build) by extension 'ignore'
[0.197s] Level 1:colcon.colcon_core.package_identification:_identify(build) ignored
[0.197s] Level 1:colcon.colcon_core.package_identification:_identify(install) by extensions ['ignore', 'ignore_ament_install']
[0.197s] Level 1:colcon.colcon_core.package_identification:_identify(install) by extension 'ignore'
[0.197s] Level 1:colcon.colcon_core.package_identification:_identify(install) ignored
[0.197s] Level 1:colcon.colcon_core.package_identification:_identify(log) by extensions ['ignore', 'ignore_ament_install']
[0.197s] Level 1:colcon.colcon_core.package_identification:_identify(log) by extension 'ignore'
[0.197s] Level 1:colcon.colcon_core.package_identification:_identify(log) ignored
[0.198s] Level 1:colcon.colcon_core.package_identification:_identify(src) by extensions ['ignore', 'ignore_ament_install']
[0.198s] Level 1:colcon.colcon_core.package_identification:_identify(src) by extension 'ignore'
[0.198s] Level 1:colcon.colcon_core.package_identification:_identify(src) by extension 'ignore_ament_install'
[0.198s] Level 1:colcon.colcon_core.package_identification:_identify(src) by extensions ['colcon_pkg']
[0.198s] Level 1:colcon.colcon_core.package_identification:_identify(src) by extension 'colcon_pkg'
[0.198s] Level 1:colcon.colcon_core.package_identification:_identify(src) by extensions ['colcon_meta']
[0.198s] Level 1:colcon.colcon_core.package_identification:_identify(src) by extension 'colcon_meta'
[0.198s] Level 1:colcon.colcon_core.package_identification:_identify(src) by extensions ['ros']
[0.198s] Level 1:colcon.colcon_core.package_identification:_identify(src) by extension 'ros'
[0.198s] Level 1:colcon.colcon_core.package_identification:_identify(src) by extensions ['cmake', 'python']
[0.198s] Level 1:colcon.colcon_core.package_identification:_identify(src) by extension 'cmake'
[0.198s] Level 1:colcon.colcon_core.package_identification:_identify(src) by extension 'python'
[0.198s] Level 1:colcon.colcon_core.package_identification:_identify(src) by extensions ['python_setup_py']
[0.198s] Level 1:colcon.colcon_core.package_identification:_identify(src) by extension 'python_setup_py'
[0.198s] Level 1:colcon.colcon_core.package_identification:_identify(src/demo_cpp_topic) by extensions ['ignore', 'ignore_ament_install']
[0.198s] Level 1:colcon.colcon_core.package_identification:_identify(src/demo_cpp_topic) by extension 'ignore'
[0.198s] Level 1:colcon.colcon_core.package_identification:_identify(src/demo_cpp_topic) by extension 'ignore_ament_install'
[0.198s] Level 1:colcon.colcon_core.package_identification:_identify(src/demo_cpp_topic) by extensions ['colcon_pkg']
[0.198s] Level 1:colcon.colcon_core.package_identification:_identify(src/demo_cpp_topic) by extension 'colcon_pkg'
[0.198s] Level 1:colcon.colcon_core.package_identification:_identify(src/demo_cpp_topic) by extensions ['colcon_meta']
[0.198s] Level 1:colcon.colcon_core.package_identification:_identify(src/demo_cpp_topic) by extension 'colcon_meta'
[0.198s] Level 1:colcon.colcon_core.package_identification:_identify(src/demo_cpp_topic) by extensions ['ros']
[0.198s] Level 1:colcon.colcon_core.package_identification:_identify(src/demo_cpp_topic) by extension 'ros'
[0.200s] DEBUG:colcon.colcon_core.package_identification:Package 'src/demo_cpp_topic' with type 'ros.ament_cmake' and name 'demo_cpp_topic'
[0.200s] Level 1:colcon.colcon_core.package_identification:_identify(src/demo_turtle_topic) by extensions ['ignore', 'ignore_ament_install']
[0.200s] Level 1:colcon.colcon_core.package_identification:_identify(src/demo_turtle_topic) by extension 'ignore'
[0.200s] Level 1:colcon.colcon_core.package_identification:_identify(src/demo_turtle_topic) by extension 'ignore_ament_install'
[0.200s] Level 1:colcon.colcon_core.package_identification:_identify(src/demo_turtle_topic) by extensions ['colcon_pkg']
[0.200s] Level 1:colcon.colcon_core.package_identification:_identify(src/demo_turtle_topic) by extension 'colcon_pkg'
[0.200s] Level 1:colcon.colcon_core.package_identification:_identify(src/demo_turtle_topic) by extensions ['colcon_meta']
[0.200s] Level 1:colcon.colcon_core.package_identification:_identify(src/demo_turtle_topic) by extension 'colcon_meta'
[0.200s] Level 1:colcon.colcon_core.package_identification:_identify(src/demo_turtle_topic) by extensions ['ros']
[0.200s] Level 1:colcon.colcon_core.package_identification:_identify(src/demo_turtle_topic) by extension 'ros'
[0.201s] DEBUG:colcon.colcon_core.package_identification:Package 'src/demo_turtle_topic' with type 'ros.ament_cmake' and name 'demo_turtle_topic'
[0.201s] Level 1:colcon.colcon_core.package_discovery:discover_packages(recursive) using defaults
[0.201s] Level 1:colcon.colcon_core.package_discovery:discover_packages(ignore) discover
[0.201s] Level 1:colcon.colcon_core.package_discovery:discover_packages(ignore) using defaults
[0.201s] Level 1:colcon.colcon_core.package_discovery:discover_packages(path) discover
[0.201s] Level 1:colcon.colcon_core.package_discovery:discover_packages(path) using defaults
[0.214s] Level 1:colcon.colcon_core.package_discovery:discover_packages(prefix_path) check parameters
[0.214s] Level 1:colcon.colcon_core.package_discovery:discover_packages(prefix_path) discover
[0.216s] DEBUG:colcon.colcon_installed_package_information.package_discovery:Found 1 installed packages in /home/duan/Code/Duan-Ros2/Topic/topic_ws/install
[0.217s] DEBUG:colcon.colcon_installed_package_information.package_discovery:Found 271 installed packages in /opt/ros/humble
[0.218s] Level 1:colcon.colcon_core.package_discovery:discover_packages(prefix_path) using defaults
[0.249s] Level 5:colcon.colcon_core.verb:set package 'demo_cpp_topic' build argument 'cmake_args' from command line to 'None'
[0.249s] Level 5:colcon.colcon_core.verb:set package 'demo_cpp_topic' build argument 'cmake_target' from command line to 'None'
[0.249s] Level 5:colcon.colcon_core.verb:set package 'demo_cpp_topic' build argument 'cmake_target_skip_unavailable' from command line to 'False'
[0.249s] Level 5:colcon.colcon_core.verb:set package 'demo_cpp_topic' build argument 'cmake_clean_cache' from command line to 'False'
[0.249s] Level 5:colcon.colcon_core.verb:set package 'demo_cpp_topic' build argument 'cmake_clean_first' from command line to 'False'
[0.249s] Level 5:colcon.colcon_core.verb:set package 'demo_cpp_topic' build argument 'cmake_force_configure' from command line to 'False'
[0.249s] Level 5:colcon.colcon_core.verb:set package 'demo_cpp_topic' build argument 'ament_cmake_args' from command line to 'None'
[0.249s] Level 5:colcon.colcon_core.verb:set package 'demo_cpp_topic' build argument 'catkin_cmake_args' from command line to 'None'
[0.249s] Level 5:colcon.colcon_core.verb:set package 'demo_cpp_topic' build argument 'catkin_skip_building_tests' from command line to 'False'
[0.249s] DEBUG:colcon.colcon_core.verb:Building package 'demo_cpp_topic' with the following arguments: {'ament_cmake_args': None, 'build_base': '/home/duan/Code/Duan-Ros2/Topic/topic_ws/build/demo_cpp_topic', 'catkin_cmake_args': None, 'catkin_skip_building_tests': False, 'cmake_args': None, 'cmake_clean_cache': False, 'cmake_clean_first': False, 'cmake_force_configure': False, 'cmake_target': None, 'cmake_target_skip_unavailable': False, 'install_base': '/home/duan/Code/Duan-Ros2/Topic/topic_ws/install/demo_cpp_topic', 'merge_install': False, 'path': '/home/duan/Code/Duan-Ros2/Topic/topic_ws/src/demo_cpp_topic', 'symlink_install': False, 'test_result_base': None}
[0.250s] Level 5:colcon.colcon_core.verb:set package 'demo_turtle_topic' build argument 'cmake_args' from command line to 'None'
[0.250s] Level 5:colcon.colcon_core.verb:set package 'demo_turtle_topic' build argument 'cmake_target' from command line to 'None'
[0.250s] Level 5:colcon.colcon_core.verb:set package 'demo_turtle_topic' build argument 'cmake_target_skip_unavailable' from command line to 'False'
[0.250s] Level 5:colcon.colcon_core.verb:set package 'demo_turtle_topic' build argument 'cmake_clean_cache' from command line to 'False'
[0.250s] Level 5:colcon.colcon_core.verb:set package 'demo_turtle_topic' build argument 'cmake_clean_first' from command line to 'False'
[0.250s] Level 5:colcon.colcon_core.verb:set package 'demo_turtle_topic' build argument 'cmake_force_configure' from command line to 'False'
[0.250s] Level 5:colcon.colcon_core.verb:set package 'demo_turtle_topic' build argument 'ament_cmake_args' from command line to 'None'
[0.250s] Level 5:colcon.colcon_core.verb:set package 'demo_turtle_topic' build argument 'catkin_cmake_args' from command line to 'None'
[0.250s] Level 5:colcon.colcon_core.verb:set package 'demo_turtle_topic' build argument 'catkin_skip_building_tests' from command line to 'False'
[0.250s] DEBUG:colcon.colcon_core.verb:Building package 'demo_turtle_topic' with the following arguments: {'ament_cmake_args': None, 'build_base': '/home/duan/Code/Duan-Ros2/Topic/topic_ws/build/demo_turtle_topic', 'catkin_cmake_args': None, 'catkin_skip_building_tests': False, 'cmake_args': None, 'cmake_clean_cache': False, 'cmake_clean_first': False, 'cmake_force_configure': False, 'cmake_target': None, 'cmake_target_skip_unavailable': False, 'install_base': '/home/duan/Code/Duan-Ros2/Topic/topic_ws/install/demo_turtle_topic', 'merge_install': False, 'path': '/home/duan/Code/Duan-Ros2/Topic/topic_ws/src/demo_turtle_topic', 'symlink_install': False, 'test_result_base': None}
[0.250s] INFO:colcon.colcon_core.executor:Executing jobs using 'parallel' executor
[0.251s] DEBUG:colcon.colcon_parallel_executor.executor.parallel:run_until_complete
[0.251s] INFO:colcon.colcon_ros.task.ament_cmake.build:Building ROS package in '/home/duan/Code/Duan-Ros2/Topic/topic_ws/src/demo_cpp_topic' with build type 'ament_cmake'
[0.251s] INFO:colcon.colcon_cmake.task.cmake.build:Building CMake package in '/home/duan/Code/Duan-Ros2/Topic/topic_ws/src/demo_cpp_topic'
[0.253s] INFO:colcon.colcon_core.plugin_system:Skipping extension 'colcon_core.shell.bat': Not used on non-Windows systems
[0.253s] INFO:colcon.colcon_core.shell:Skip shell extension 'powershell' for command environment: Not usable outside of PowerShell
[0.253s] DEBUG:colcon.colcon_core.shell:Skip shell extension 'dsv' for command environment
[0.256s] INFO:colcon.colcon_ros.task.ament_cmake.build:Building ROS package in '/home/duan/Code/Duan-Ros2/Topic/topic_ws/src/demo_turtle_topic' with build type 'ament_cmake'
[0.256s] INFO:colcon.colcon_cmake.task.cmake.build:Building CMake package in '/home/duan/Code/Duan-Ros2/Topic/topic_ws/src/demo_turtle_topic'
[0.256s] INFO:colcon.colcon_core.shell:Skip shell extension 'powershell' for command environment: Not usable outside of PowerShell
[0.256s] DEBUG:colcon.colcon_core.shell:Skip shell extension 'dsv' for command environment
[0.266s] DEBUG:colcon.colcon_core.event_handler.log_command:Invoking command in '/home/duan/Code/Duan-Ros2/Topic/topic_ws/build/demo_cpp_topic': CMAKE_PREFIX_PATH=${CMAKE_PREFIX_PATH}:/opt/ros/humble /usr/bin/cmake --build /home/duan/Code/Duan-Ros2/Topic/topic_ws/build/demo_cpp_topic -- -j8 -l8
[0.267s] DEBUG:colcon.colcon_core.event_handler.log_command:Invoking command in '/home/duan/Code/Duan-Ros2/Topic/topic_ws/build/demo_turtle_topic': CMAKE_PREFIX_PATH=${CMAKE_PREFIX_PATH}:/opt/ros/humble /usr/bin/cmake /home/duan/Code/Duan-Ros2/Topic/topic_ws/src/demo_turtle_topic -DCMAKE_INSTALL_PREFIX=/home/duan/Code/Duan-Ros2/Topic/topic_ws/install/demo_turtle_topic
[0.750s] DEBUG:colcon.colcon_core.event_handler.log_command:Invoked command in '/home/duan/Code/Duan-Ros2/Topic/topic_ws/build/demo_cpp_topic' returned '0': CMAKE_PREFIX_PATH=${CMAKE_PREFIX_PATH}:/opt/ros/humble /usr/bin/cmake --build /home/duan/Code/Duan-Ros2/Topic/topic_ws/build/demo_cpp_topic -- -j8 -l8
[0.758s] DEBUG:colcon.colcon_core.event_handler.log_command:Invoking command in '/home/duan/Code/Duan-Ros2/Topic/topic_ws/build/demo_cpp_topic': CMAKE_PREFIX_PATH=${CMAKE_PREFIX_PATH}:/opt/ros/humble /usr/bin/cmake --install /home/duan/Code/Duan-Ros2/Topic/topic_ws/build/demo_cpp_topic
[0.773s] Level 1:colcon.colcon_core.environment:create_environment_scripts_only(demo_cpp_topic)
[0.774s] DEBUG:colcon.colcon_core.event_handler.log_command:Invoked command in '/home/duan/Code/Duan-Ros2/Topic/topic_ws/build/demo_cpp_topic' returned '0': CMAKE_PREFIX_PATH=${CMAKE_PREFIX_PATH}:/opt/ros/humble /usr/bin/cmake --install /home/duan/Code/Duan-Ros2/Topic/topic_ws/build/demo_cpp_topic
[0.775s] Level 1:colcon.colcon_core.environment:checking '/home/duan/Code/Duan-Ros2/Topic/topic_ws/install/demo_cpp_topic' for CMake module files
[0.776s] Level 1:colcon.colcon_core.environment:checking '/home/duan/Code/Duan-Ros2/Topic/topic_ws/install/demo_cpp_topic' for CMake config files
[0.776s] Level 1:colcon.colcon_core.shell:create_environment_hook('demo_cpp_topic', 'cmake_prefix_path')
[0.776s] INFO:colcon.colcon_core.shell:Creating environment hook '/home/duan/Code/Duan-Ros2/Topic/topic_ws/install/demo_cpp_topic/share/demo_cpp_topic/hook/cmake_prefix_path.ps1'
[0.779s] INFO:colcon.colcon_core.shell:Creating environment descriptor '/home/duan/Code/Duan-Ros2/Topic/topic_ws/install/demo_cpp_topic/share/demo_cpp_topic/hook/cmake_prefix_path.dsv'
[0.779s] INFO:colcon.colcon_core.shell:Creating environment hook '/home/duan/Code/Duan-Ros2/Topic/topic_ws/install/demo_cpp_topic/share/demo_cpp_topic/hook/cmake_prefix_path.sh'
[0.781s] Level 1:colcon.colcon_core.environment:checking '/home/duan/Code/Duan-Ros2/Topic/topic_ws/install/demo_cpp_topic/lib'
[0.781s] Level 1:colcon.colcon_core.environment:checking '/home/duan/Code/Duan-Ros2/Topic/topic_ws/install/demo_cpp_topic/bin'
[0.781s] Level 1:colcon.colcon_core.environment:checking '/home/duan/Code/Duan-Ros2/Topic/topic_ws/install/demo_cpp_topic/lib/pkgconfig/demo_cpp_topic.pc'
[0.781s] Level 1:colcon.colcon_core.environment:checking '/home/duan/Code/Duan-Ros2/Topic/topic_ws/install/demo_cpp_topic/lib/python3.10/site-packages'
[0.782s] Level 1:colcon.colcon_core.environment:checking '/home/duan/Code/Duan-Ros2/Topic/topic_ws/install/demo_cpp_topic/bin'
[0.782s] INFO:colcon.colcon_core.shell:Creating package script '/home/duan/Code/Duan-Ros2/Topic/topic_ws/install/demo_cpp_topic/share/demo_cpp_topic/package.ps1'
[0.783s] INFO:colcon.colcon_core.shell:Creating package descriptor '/home/duan/Code/Duan-Ros2/Topic/topic_ws/install/demo_cpp_topic/share/demo_cpp_topic/package.dsv'
[0.783s] INFO:colcon.colcon_core.shell:Creating package script '/home/duan/Code/Duan-Ros2/Topic/topic_ws/install/demo_cpp_topic/share/demo_cpp_topic/package.sh'
[0.784s] INFO:colcon.colcon_core.shell:Creating package script '/home/duan/Code/Duan-Ros2/Topic/topic_ws/install/demo_cpp_topic/share/demo_cpp_topic/package.bash'
[0.785s] INFO:colcon.colcon_core.shell:Creating package script '/home/duan/Code/Duan-Ros2/Topic/topic_ws/install/demo_cpp_topic/share/demo_cpp_topic/package.zsh'
[0.785s] Level 1:colcon.colcon_core.environment:create_file_with_runtime_dependencies(/home/duan/Code/Duan-Ros2/Topic/topic_ws/install/demo_cpp_topic/share/colcon-core/packages/demo_cpp_topic)
[0.786s] Level 1:colcon.colcon_core.environment:create_environment_scripts_only(demo_cpp_topic)
[0.786s] Level 1:colcon.colcon_core.environment:checking '/home/duan/Code/Duan-Ros2/Topic/topic_ws/install/demo_cpp_topic' for CMake module files
[0.787s] Level 1:colcon.colcon_core.environment:checking '/home/duan/Code/Duan-Ros2/Topic/topic_ws/install/demo_cpp_topic' for CMake config files
[0.787s] Level 1:colcon.colcon_core.shell:create_environment_hook('demo_cpp_topic', 'cmake_prefix_path')
[0.787s] INFO:colcon.colcon_core.shell:Creating environment hook '/home/duan/Code/Duan-Ros2/Topic/topic_ws/install/demo_cpp_topic/share/demo_cpp_topic/hook/cmake_prefix_path.ps1'
[0.787s] INFO:colcon.colcon_core.shell:Creating environment descriptor '/home/duan/Code/Duan-Ros2/Topic/topic_ws/install/demo_cpp_topic/share/demo_cpp_topic/hook/cmake_prefix_path.dsv'
[0.788s] INFO:colcon.colcon_core.shell:Creating environment hook '/home/duan/Code/Duan-Ros2/Topic/topic_ws/install/demo_cpp_topic/share/demo_cpp_topic/hook/cmake_prefix_path.sh'
[0.788s] Level 1:colcon.colcon_core.environment:checking '/home/duan/Code/Duan-Ros2/Topic/topic_ws/install/demo_cpp_topic/lib'
[0.788s] Level 1:colcon.colcon_core.environment:checking '/home/duan/Code/Duan-Ros2/Topic/topic_ws/install/demo_cpp_topic/bin'
[0.788s] Level 1:colcon.colcon_core.environment:checking '/home/duan/Code/Duan-Ros2/Topic/topic_ws/install/demo_cpp_topic/lib/pkgconfig/demo_cpp_topic.pc'
[0.789s] Level 1:colcon.colcon_core.environment:checking '/home/duan/Code/Duan-Ros2/Topic/topic_ws/install/demo_cpp_topic/lib/python3.10/site-packages'
[0.789s] Level 1:colcon.colcon_core.environment:checking '/home/duan/Code/Duan-Ros2/Topic/topic_ws/install/demo_cpp_topic/bin'
[0.789s] INFO:colcon.colcon_core.shell:Creating package script '/home/duan/Code/Duan-Ros2/Topic/topic_ws/install/demo_cpp_topic/share/demo_cpp_topic/package.ps1'
[0.789s] INFO:colcon.colcon_core.shell:Creating package descriptor '/home/duan/Code/Duan-Ros2/Topic/topic_ws/install/demo_cpp_topic/share/demo_cpp_topic/package.dsv'
[0.790s] INFO:colcon.colcon_core.shell:Creating package script '/home/duan/Code/Duan-Ros2/Topic/topic_ws/install/demo_cpp_topic/share/demo_cpp_topic/package.sh'
[0.790s] INFO:colcon.colcon_core.shell:Creating package script '/home/duan/Code/Duan-Ros2/Topic/topic_ws/install/demo_cpp_topic/share/demo_cpp_topic/package.bash'
[0.790s] INFO:colcon.colcon_core.shell:Creating package script '/home/duan/Code/Duan-Ros2/Topic/topic_ws/install/demo_cpp_topic/share/demo_cpp_topic/package.zsh'
[0.791s] Level 1:colcon.colcon_core.environment:create_file_with_runtime_dependencies(/home/duan/Code/Duan-Ros2/Topic/topic_ws/install/demo_cpp_topic/share/colcon-core/packages/demo_cpp_topic)
[1.239s] DEBUG:colcon.colcon_core.event_handler.log_command:Invoked command in '/home/duan/Code/Duan-Ros2/Topic/topic_ws/build/demo_turtle_topic' returned '0': CMAKE_PREFIX_PATH=${CMAKE_PREFIX_PATH}:/opt/ros/humble /usr/bin/cmake /home/duan/Code/Duan-Ros2/Topic/topic_ws/src/demo_turtle_topic -DCMAKE_INSTALL_PREFIX=/home/duan/Code/Duan-Ros2/Topic/topic_ws/install/demo_turtle_topic
[1.241s] DEBUG:colcon.colcon_core.event_handler.log_command:Invoking command in '/home/duan/Code/Duan-Ros2/Topic/topic_ws/build/demo_turtle_topic': CMAKE_PREFIX_PATH=${CMAKE_PREFIX_PATH}:/opt/ros/humble /usr/bin/cmake --build /home/duan/Code/Duan-Ros2/Topic/topic_ws/build/demo_turtle_topic -- -j8 -l8
[5.376s] DEBUG:colcon.colcon_core.event_handler.log_command:Invoked command in '/home/duan/Code/Duan-Ros2/Topic/topic_ws/build/demo_turtle_topic' returned '0': CMAKE_PREFIX_PATH=${CMAKE_PREFIX_PATH}:/opt/ros/humble /usr/bin/cmake --build /home/duan/Code/Duan-Ros2/Topic/topic_ws/build/demo_turtle_topic -- -j8 -l8
[5.379s] DEBUG:colcon.colcon_core.event_handler.log_command:Invoking command in '/home/duan/Code/Duan-Ros2/Topic/topic_ws/build/demo_turtle_topic': CMAKE_PREFIX_PATH=${CMAKE_PREFIX_PATH}:/opt/ros/humble /usr/bin/cmake --install /home/duan/Code/Duan-Ros2/Topic/topic_ws/build/demo_turtle_topic
[5.388s] Level 1:colcon.colcon_core.environment:create_environment_scripts_only(demo_turtle_topic)
[5.388s] Level 1:colcon.colcon_core.environment:checking '/home/duan/Code/Duan-Ros2/Topic/topic_ws/install/demo_turtle_topic' for CMake module files
[5.389s] DEBUG:colcon.colcon_core.event_handler.log_command:Invoked command in '/home/duan/Code/Duan-Ros2/Topic/topic_ws/build/demo_turtle_topic' returned '0': CMAKE_PREFIX_PATH=${CMAKE_PREFIX_PATH}:/opt/ros/humble /usr/bin/cmake --install /home/duan/Code/Duan-Ros2/Topic/topic_ws/build/demo_turtle_topic
[5.389s] Level 1:colcon.colcon_core.environment:checking '/home/duan/Code/Duan-Ros2/Topic/topic_ws/install/demo_turtle_topic' for CMake config files
[5.389s] Level 1:colcon.colcon_core.shell:create_environment_hook('demo_turtle_topic', 'cmake_prefix_path')
[5.389s] INFO:colcon.colcon_core.shell:Creating environment hook '/home/duan/Code/Duan-Ros2/Topic/topic_ws/install/demo_turtle_topic/share/demo_turtle_topic/hook/cmake_prefix_path.ps1'
[5.390s] INFO:colcon.colcon_core.shell:Creating environment descriptor '/home/duan/Code/Duan-Ros2/Topic/topic_ws/install/demo_turtle_topic/share/demo_turtle_topic/hook/cmake_prefix_path.dsv'
[5.390s] INFO:colcon.colcon_core.shell:Creating environment hook '/home/duan/Code/Duan-Ros2/Topic/topic_ws/install/demo_turtle_topic/share/demo_turtle_topic/hook/cmake_prefix_path.sh'
[5.390s] Level 1:colcon.colcon_core.environment:checking '/home/duan/Code/Duan-Ros2/Topic/topic_ws/install/demo_turtle_topic/lib'
[5.390s] Level 1:colcon.colcon_core.environment:checking '/home/duan/Code/Duan-Ros2/Topic/topic_ws/install/demo_turtle_topic/bin'
[5.390s] Level 1:colcon.colcon_core.environment:checking '/home/duan/Code/Duan-Ros2/Topic/topic_ws/install/demo_turtle_topic/lib/pkgconfig/demo_turtle_topic.pc'
[5.391s] Level 1:colcon.colcon_core.environment:checking '/home/duan/Code/Duan-Ros2/Topic/topic_ws/install/demo_turtle_topic/lib/python3.10/site-packages'
[5.391s] Level 1:colcon.colcon_core.environment:checking '/home/duan/Code/Duan-Ros2/Topic/topic_ws/install/demo_turtle_topic/bin'
[5.391s] INFO:colcon.colcon_core.shell:Creating package script '/home/duan/Code/Duan-Ros2/Topic/topic_ws/install/demo_turtle_topic/share/demo_turtle_topic/package.ps1'
[5.391s] INFO:colcon.colcon_core.shell:Creating package descriptor '/home/duan/Code/Duan-Ros2/Topic/topic_ws/install/demo_turtle_topic/share/demo_turtle_topic/package.dsv'
[5.392s] INFO:colcon.colcon_core.shell:Creating package script '/home/duan/Code/Duan-Ros2/Topic/topic_ws/install/demo_turtle_topic/share/demo_turtle_topic/package.sh'
[5.392s] INFO:colcon.colcon_core.shell:Creating package script '/home/duan/Code/Duan-Ros2/Topic/topic_ws/install/demo_turtle_topic/share/demo_turtle_topic/package.bash'
[5.392s] INFO:colcon.colcon_core.shell:Creating package script '/home/duan/Code/Duan-Ros2/Topic/topic_ws/install/demo_turtle_topic/share/demo_turtle_topic/package.zsh'
[5.392s] Level 1:colcon.colcon_core.environment:create_file_with_runtime_dependencies(/home/duan/Code/Duan-Ros2/Topic/topic_ws/install/demo_turtle_topic/share/colcon-core/packages/demo_turtle_topic)
[5.393s] Level 1:colcon.colcon_core.environment:create_environment_scripts_only(demo_turtle_topic)
[5.393s] Level 1:colcon.colcon_core.environment:checking '/home/duan/Code/Duan-Ros2/Topic/topic_ws/install/demo_turtle_topic' for CMake module files
[5.393s] Level 1:colcon.colcon_core.environment:checking '/home/duan/Code/Duan-Ros2/Topic/topic_ws/install/demo_turtle_topic' for CMake config files
[5.394s] Level 1:colcon.colcon_core.shell:create_environment_hook('demo_turtle_topic', 'cmake_prefix_path')
[5.394s] INFO:colcon.colcon_core.shell:Creating environment hook '/home/duan/Code/Duan-Ros2/Topic/topic_ws/install/demo_turtle_topic/share/demo_turtle_topic/hook/cmake_prefix_path.ps1'
[5.394s] INFO:colcon.colcon_core.shell:Creating environment descriptor '/home/duan/Code/Duan-Ros2/Topic/topic_ws/install/demo_turtle_topic/share/demo_turtle_topic/hook/cmake_prefix_path.dsv'
[5.394s] INFO:colcon.colcon_core.shell:Creating environment hook '/home/duan/Code/Duan-Ros2/Topic/topic_ws/install/demo_turtle_topic/share/demo_turtle_topic/hook/cmake_prefix_path.sh'
[5.395s] Level 1:colcon.colcon_core.environment:checking '/home/duan/Code/Duan-Ros2/Topic/topic_ws/install/demo_turtle_topic/lib'
[5.395s] Level 1:colcon.colcon_core.environment:checking '/home/duan/Code/Duan-Ros2/Topic/topic_ws/install/demo_turtle_topic/bin'
[5.395s] Level 1:colcon.colcon_core.environment:checking '/home/duan/Code/Duan-Ros2/Topic/topic_ws/install/demo_turtle_topic/lib/pkgconfig/demo_turtle_topic.pc'
[5.395s] Level 1:colcon.colcon_core.environment:checking '/home/duan/Code/Duan-Ros2/Topic/topic_ws/install/demo_turtle_topic/lib/python3.10/site-packages'
[5.395s] Level 1:colcon.colcon_core.environment:checking '/home/duan/Code/Duan-Ros2/Topic/topic_ws/install/demo_turtle_topic/bin'
[5.395s] INFO:colcon.colcon_core.shell:Creating package script '/home/duan/Code/Duan-Ros2/Topic/topic_ws/install/demo_turtle_topic/share/demo_turtle_topic/package.ps1'
[5.396s] INFO:colcon.colcon_core.shell:Creating package descriptor '/home/duan/Code/Duan-Ros2/Topic/topic_ws/install/demo_turtle_topic/share/demo_turtle_topic/package.dsv'
[5.396s] INFO:colcon.colcon_core.shell:Creating package script '/home/duan/Code/Duan-Ros2/Topic/topic_ws/install/demo_turtle_topic/share/demo_turtle_topic/package.sh'
[5.397s] INFO:colcon.colcon_core.shell:Creating package script '/home/duan/Code/Duan-Ros2/Topic/topic_ws/install/demo_turtle_topic/share/demo_turtle_topic/package.bash'
[5.397s] INFO:colcon.colcon_core.shell:Creating package script '/home/duan/Code/Duan-Ros2/Topic/topic_ws/install/demo_turtle_topic/share/demo_turtle_topic/package.zsh'
[5.397s] Level 1:colcon.colcon_core.environment:create_file_with_runtime_dependencies(/home/duan/Code/Duan-Ros2/Topic/topic_ws/install/demo_turtle_topic/share/colcon-core/packages/demo_turtle_topic)
[5.398s] DEBUG:colcon.colcon_parallel_executor.executor.parallel:closing loop
[5.398s] DEBUG:colcon.colcon_parallel_executor.executor.parallel:loop closed
[5.398s] DEBUG:colcon.colcon_parallel_executor.executor.parallel:run_until_complete finished with '0'
[5.398s] DEBUG:colcon.colcon_core.event_reactor:joining thread
[5.402s] INFO:colcon.colcon_core.plugin_system:Skipping extension 'colcon_notification.desktop_notification.terminal_notifier': Not used on non-Darwin systems
[5.402s] INFO:colcon.colcon_core.plugin_system:Skipping extension 'colcon_notification.desktop_notification.win32': Not used on non-Windows systems
[5.403s] INFO:colcon.colcon_notification.desktop_notification:Sending desktop notification using 'notify2'
[5.418s] DEBUG:colcon.colcon_core.event_reactor:joined thread
[5.418s] INFO:colcon.colcon_core.shell:Creating prefix script '/home/duan/Code/Duan-Ros2/Topic/topic_ws/install/local_setup.ps1'
[5.419s] INFO:colcon.colcon_core.shell:Creating prefix util module '/home/duan/Code/Duan-Ros2/Topic/topic_ws/install/_local_setup_util_ps1.py'
[5.421s] INFO:colcon.colcon_core.shell:Creating prefix chain script '/home/duan/Code/Duan-Ros2/Topic/topic_ws/install/setup.ps1'
[5.424s] INFO:colcon.colcon_core.shell:Creating prefix script '/home/duan/Code/Duan-Ros2/Topic/topic_ws/install/local_setup.sh'
[5.425s] INFO:colcon.colcon_core.shell:Creating prefix util module '/home/duan/Code/Duan-Ros2/Topic/topic_ws/install/_local_setup_util_sh.py'
[5.426s] INFO:colcon.colcon_core.shell:Creating prefix chain script '/home/duan/Code/Duan-Ros2/Topic/topic_ws/install/setup.sh'
[5.427s] INFO:colcon.colcon_core.shell:Creating prefix script '/home/duan/Code/Duan-Ros2/Topic/topic_ws/install/local_setup.bash'
[5.427s] INFO:colcon.colcon_core.shell:Creating prefix chain script '/home/duan/Code/Duan-Ros2/Topic/topic_ws/install/setup.bash'
[5.428s] INFO:colcon.colcon_core.shell:Creating prefix script '/home/duan/Code/Duan-Ros2/Topic/topic_ws/install/local_setup.zsh'
[5.428s] INFO:colcon.colcon_core.shell:Creating prefix chain script '/home/duan/Code/Duan-Ros2/Topic/topic_ws/install/setup.zsh'
