[0.110s] DEBUG:colcon:Command line arguments: ['/usr/bin/colcon', 'build']
[0.110s] DEBUG:colcon:Parsed command line arguments: Namespace(log_base=None, log_level=None, verb_name='build', build_base='build', install_base='install', merge_install=False, symlink_install=False, test_result_base=None, continue_on_error=False, executor='parallel', parallel_workers=2, event_handlers=None, ignore_user_meta=False, metas=['./colcon.meta'], base_paths=['.'], packages_ignore=None, packages_ignore_regex=None, paths=None, packages_up_to=None, packages_up_to_regex=None, packages_above=None, packages_above_and_dependencies=None, packages_above_depth=None, packages_select_by_dep=None, packages_skip_by_dep=None, packages_skip_up_to=None, packages_select_build_failed=False, packages_skip_build_finished=False, packages_select_test_failures=False, packages_skip_test_passed=False, packages_select=None, packages_skip=None, packages_select_regex=None, packages_skip_regex=None, packages_start=None, packages_end=None, allow_overriding=[], cmake_args=None, cmake_target=None, cmake_target_skip_unavailable=False, cmake_clean_cache=False, cmake_clean_first=False, cmake_force_configure=False, ament_cmake_args=None, catkin_cmake_args=None, catkin_skip_building_tests=False, verb_parser=<colcon_defaults.argument_parser.defaults.DefaultArgumentsDecorator object at 0x7feef2137760>, verb_extension=<colcon_core.verb.build.BuildVerb object at 0x7feef2137310>, main=<bound method BuildVerb.main of <colcon_core.verb.build.BuildVerb object at 0x7feef2137310>>)
[0.282s] Level 1:colcon.colcon_core.package_discovery:discover_packages(colcon_meta) check parameters
[0.283s] Level 1:colcon.colcon_core.package_discovery:discover_packages(recursive) check parameters
[0.283s] Level 1:colcon.colcon_core.package_discovery:discover_packages(ignore) check parameters
[0.283s] Level 1:colcon.colcon_core.package_discovery:discover_packages(path) check parameters
[0.283s] Level 1:colcon.colcon_core.package_discovery:discover_packages(colcon_meta) discover
[0.283s] Level 1:colcon.colcon_core.package_discovery:discover_packages(recursive) discover
[0.283s] INFO:colcon.colcon_core.package_discovery:Crawling recursively for packages in '/root/Code/duan/Topic/topic_practice_ws'
[0.283s] Level 1:colcon.colcon_core.package_identification:_identify(.) by extensions ['ignore', 'ignore_ament_install']
[0.283s] Level 1:colcon.colcon_core.package_identification:_identify(.) by extension 'ignore'
[0.283s] Level 1:colcon.colcon_core.package_identification:_identify(.) by extension 'ignore_ament_install'
[0.283s] Level 1:colcon.colcon_core.package_identification:_identify(.) by extensions ['colcon_pkg']
[0.283s] Level 1:colcon.colcon_core.package_identification:_identify(.) by extension 'colcon_pkg'
[0.283s] Level 1:colcon.colcon_core.package_identification:_identify(.) by extensions ['colcon_meta']
[0.283s] Level 1:colcon.colcon_core.package_identification:_identify(.) by extension 'colcon_meta'
[0.283s] Level 1:colcon.colcon_core.package_identification:_identify(.) by extensions ['ros']
[0.283s] Level 1:colcon.colcon_core.package_identification:_identify(.) by extension 'ros'
[0.294s] Level 1:colcon.colcon_core.package_identification:_identify(.) by extensions ['cmake', 'python']
[0.294s] Level 1:colcon.colcon_core.package_identification:_identify(.) by extension 'cmake'
[0.294s] Level 1:colcon.colcon_core.package_identification:_identify(.) by extension 'python'
[0.294s] Level 1:colcon.colcon_core.package_identification:_identify(.) by extensions ['python_setup_py']
[0.294s] Level 1:colcon.colcon_core.package_identification:_identify(.) by extension 'python_setup_py'
[0.294s] Level 1:colcon.colcon_core.package_identification:_identify(build) by extensions ['ignore', 'ignore_ament_install']
[0.294s] Level 1:colcon.colcon_core.package_identification:_identify(build) by extension 'ignore'
[0.294s] Level 1:colcon.colcon_core.package_identification:_identify(build) ignored
[0.295s] Level 1:colcon.colcon_core.package_identification:_identify(install) by extensions ['ignore', 'ignore_ament_install']
[0.295s] Level 1:colcon.colcon_core.package_identification:_identify(install) by extension 'ignore'
[0.295s] Level 1:colcon.colcon_core.package_identification:_identify(install) ignored
[0.295s] Level 1:colcon.colcon_core.package_identification:_identify(log) by extensions ['ignore', 'ignore_ament_install']
[0.295s] Level 1:colcon.colcon_core.package_identification:_identify(log) by extension 'ignore'
[0.295s] Level 1:colcon.colcon_core.package_identification:_identify(log) ignored
[0.295s] Level 1:colcon.colcon_core.package_identification:_identify(src) by extensions ['ignore', 'ignore_ament_install']
[0.295s] Level 1:colcon.colcon_core.package_identification:_identify(src) by extension 'ignore'
[0.295s] Level 1:colcon.colcon_core.package_identification:_identify(src) by extension 'ignore_ament_install'
[0.295s] Level 1:colcon.colcon_core.package_identification:_identify(src) by extensions ['colcon_pkg']
[0.295s] Level 1:colcon.colcon_core.package_identification:_identify(src) by extension 'colcon_pkg'
[0.295s] Level 1:colcon.colcon_core.package_identification:_identify(src) by extensions ['colcon_meta']
[0.295s] Level 1:colcon.colcon_core.package_identification:_identify(src) by extension 'colcon_meta'
[0.295s] Level 1:colcon.colcon_core.package_identification:_identify(src) by extensions ['ros']
[0.295s] Level 1:colcon.colcon_core.package_identification:_identify(src) by extension 'ros'
[0.295s] Level 1:colcon.colcon_core.package_identification:_identify(src) by extensions ['cmake', 'python']
[0.295s] Level 1:colcon.colcon_core.package_identification:_identify(src) by extension 'cmake'
[0.296s] Level 1:colcon.colcon_core.package_identification:_identify(src) by extension 'python'
[0.296s] Level 1:colcon.colcon_core.package_identification:_identify(src) by extensions ['python_setup_py']
[0.296s] Level 1:colcon.colcon_core.package_identification:_identify(src) by extension 'python_setup_py'
[0.296s] Level 1:colcon.colcon_core.package_identification:_identify(src/status_display) by extensions ['ignore', 'ignore_ament_install']
[0.296s] Level 1:colcon.colcon_core.package_identification:_identify(src/status_display) by extension 'ignore'
[0.296s] Level 1:colcon.colcon_core.package_identification:_identify(src/status_display) by extension 'ignore_ament_install'
[0.296s] Level 1:colcon.colcon_core.package_identification:_identify(src/status_display) by extensions ['colcon_pkg']
[0.296s] Level 1:colcon.colcon_core.package_identification:_identify(src/status_display) by extension 'colcon_pkg'
[0.296s] Level 1:colcon.colcon_core.package_identification:_identify(src/status_display) by extensions ['colcon_meta']
[0.296s] Level 1:colcon.colcon_core.package_identification:_identify(src/status_display) by extension 'colcon_meta'
[0.296s] Level 1:colcon.colcon_core.package_identification:_identify(src/status_display) by extensions ['ros']
[0.296s] Level 1:colcon.colcon_core.package_identification:_identify(src/status_display) by extension 'ros'
[0.299s] DEBUG:colcon.colcon_core.package_identification:Package 'src/status_display' with type 'ros.ament_cmake' and name 'status_display'
[0.299s] Level 1:colcon.colcon_core.package_identification:_identify(src/status_interfaces) by extensions ['ignore', 'ignore_ament_install']
[0.299s] Level 1:colcon.colcon_core.package_identification:_identify(src/status_interfaces) by extension 'ignore'
[0.299s] Level 1:colcon.colcon_core.package_identification:_identify(src/status_interfaces) by extension 'ignore_ament_install'
[0.299s] Level 1:colcon.colcon_core.package_identification:_identify(src/status_interfaces) by extensions ['colcon_pkg']
[0.299s] Level 1:colcon.colcon_core.package_identification:_identify(src/status_interfaces) by extension 'colcon_pkg'
[0.299s] Level 1:colcon.colcon_core.package_identification:_identify(src/status_interfaces) by extensions ['colcon_meta']
[0.299s] Level 1:colcon.colcon_core.package_identification:_identify(src/status_interfaces) by extension 'colcon_meta'
[0.299s] Level 1:colcon.colcon_core.package_identification:_identify(src/status_interfaces) by extensions ['ros']
[0.299s] Level 1:colcon.colcon_core.package_identification:_identify(src/status_interfaces) by extension 'ros'
[0.300s] DEBUG:colcon.colcon_core.package_identification:Package 'src/status_interfaces' with type 'ros.ament_cmake' and name 'status_interfaces'
[0.300s] Level 1:colcon.colcon_core.package_identification:_identify(src/status_publisher) by extensions ['ignore', 'ignore_ament_install']
[0.300s] Level 1:colcon.colcon_core.package_identification:_identify(src/status_publisher) by extension 'ignore'
[0.300s] Level 1:colcon.colcon_core.package_identification:_identify(src/status_publisher) by extension 'ignore_ament_install'
[0.300s] Level 1:colcon.colcon_core.package_identification:_identify(src/status_publisher) by extensions ['colcon_pkg']
[0.300s] Level 1:colcon.colcon_core.package_identification:_identify(src/status_publisher) by extension 'colcon_pkg'
[0.300s] Level 1:colcon.colcon_core.package_identification:_identify(src/status_publisher) by extensions ['colcon_meta']
[0.300s] Level 1:colcon.colcon_core.package_identification:_identify(src/status_publisher) by extension 'colcon_meta'
[0.300s] Level 1:colcon.colcon_core.package_identification:_identify(src/status_publisher) by extensions ['ros']
[0.300s] Level 1:colcon.colcon_core.package_identification:_identify(src/status_publisher) by extension 'ros'
[0.301s] DEBUG:colcon.colcon_core.package_identification:Package 'src/status_publisher' with type 'ros.ament_python' and name 'status_publisher'
[0.301s] Level 1:colcon.colcon_core.package_discovery:discover_packages(recursive) using defaults
[0.301s] Level 1:colcon.colcon_core.package_discovery:discover_packages(ignore) discover
[0.301s] Level 1:colcon.colcon_core.package_discovery:discover_packages(ignore) using defaults
[0.301s] Level 1:colcon.colcon_core.package_discovery:discover_packages(path) discover
[0.301s] Level 1:colcon.colcon_core.package_discovery:discover_packages(path) using defaults
[0.320s] Level 1:colcon.colcon_core.package_discovery:discover_packages(prefix_path) check parameters
[0.320s] Level 1:colcon.colcon_core.package_discovery:discover_packages(prefix_path) discover
[0.323s] DEBUG:colcon.colcon_installed_package_information.package_discovery:Found 271 installed packages in /opt/ros/humble
[0.325s] Level 1:colcon.colcon_core.package_discovery:discover_packages(prefix_path) using defaults
[0.371s] Level 5:colcon.colcon_core.verb:set package 'status_interfaces' build argument 'cmake_args' from command line to 'None'
[0.371s] Level 5:colcon.colcon_core.verb:set package 'status_interfaces' build argument 'cmake_target' from command line to 'None'
[0.371s] Level 5:colcon.colcon_core.verb:set package 'status_interfaces' build argument 'cmake_target_skip_unavailable' from command line to 'False'
[0.371s] Level 5:colcon.colcon_core.verb:set package 'status_interfaces' build argument 'cmake_clean_cache' from command line to 'False'
[0.371s] Level 5:colcon.colcon_core.verb:set package 'status_interfaces' build argument 'cmake_clean_first' from command line to 'False'
[0.371s] Level 5:colcon.colcon_core.verb:set package 'status_interfaces' build argument 'cmake_force_configure' from command line to 'False'
[0.371s] Level 5:colcon.colcon_core.verb:set package 'status_interfaces' build argument 'ament_cmake_args' from command line to 'None'
[0.371s] Level 5:colcon.colcon_core.verb:set package 'status_interfaces' build argument 'catkin_cmake_args' from command line to 'None'
[0.371s] Level 5:colcon.colcon_core.verb:set package 'status_interfaces' build argument 'catkin_skip_building_tests' from command line to 'False'
[0.371s] DEBUG:colcon.colcon_core.verb:Building package 'status_interfaces' with the following arguments: {'ament_cmake_args': None, 'build_base': '/root/Code/duan/Topic/topic_practice_ws/build/status_interfaces', 'catkin_cmake_args': None, 'catkin_skip_building_tests': False, 'cmake_args': None, 'cmake_clean_cache': False, 'cmake_clean_first': False, 'cmake_force_configure': False, 'cmake_target': None, 'cmake_target_skip_unavailable': False, 'install_base': '/root/Code/duan/Topic/topic_practice_ws/install/status_interfaces', 'merge_install': False, 'path': '/root/Code/duan/Topic/topic_practice_ws/src/status_interfaces', 'symlink_install': False, 'test_result_base': None}
[0.372s] Level 5:colcon.colcon_core.verb:set package 'status_display' build argument 'cmake_args' from command line to 'None'
[0.372s] Level 5:colcon.colcon_core.verb:set package 'status_display' build argument 'cmake_target' from command line to 'None'
[0.372s] Level 5:colcon.colcon_core.verb:set package 'status_display' build argument 'cmake_target_skip_unavailable' from command line to 'False'
[0.372s] Level 5:colcon.colcon_core.verb:set package 'status_display' build argument 'cmake_clean_cache' from command line to 'False'
[0.372s] Level 5:colcon.colcon_core.verb:set package 'status_display' build argument 'cmake_clean_first' from command line to 'False'
[0.372s] Level 5:colcon.colcon_core.verb:set package 'status_display' build argument 'cmake_force_configure' from command line to 'False'
[0.372s] Level 5:colcon.colcon_core.verb:set package 'status_display' build argument 'ament_cmake_args' from command line to 'None'
[0.372s] Level 5:colcon.colcon_core.verb:set package 'status_display' build argument 'catkin_cmake_args' from command line to 'None'
[0.372s] Level 5:colcon.colcon_core.verb:set package 'status_display' build argument 'catkin_skip_building_tests' from command line to 'False'
[0.372s] DEBUG:colcon.colcon_core.verb:Building package 'status_display' with the following arguments: {'ament_cmake_args': None, 'build_base': '/root/Code/duan/Topic/topic_practice_ws/build/status_display', 'catkin_cmake_args': None, 'catkin_skip_building_tests': False, 'cmake_args': None, 'cmake_clean_cache': False, 'cmake_clean_first': False, 'cmake_force_configure': False, 'cmake_target': None, 'cmake_target_skip_unavailable': False, 'install_base': '/root/Code/duan/Topic/topic_practice_ws/install/status_display', 'merge_install': False, 'path': '/root/Code/duan/Topic/topic_practice_ws/src/status_display', 'symlink_install': False, 'test_result_base': None}
[0.372s] Level 5:colcon.colcon_core.verb:set package 'status_publisher' build argument 'cmake_args' from command line to 'None'
[0.372s] Level 5:colcon.colcon_core.verb:set package 'status_publisher' build argument 'cmake_target' from command line to 'None'
[0.372s] Level 5:colcon.colcon_core.verb:set package 'status_publisher' build argument 'cmake_target_skip_unavailable' from command line to 'False'
[0.372s] Level 5:colcon.colcon_core.verb:set package 'status_publisher' build argument 'cmake_clean_cache' from command line to 'False'
[0.372s] Level 5:colcon.colcon_core.verb:set package 'status_publisher' build argument 'cmake_clean_first' from command line to 'False'
[0.372s] Level 5:colcon.colcon_core.verb:set package 'status_publisher' build argument 'cmake_force_configure' from command line to 'False'
[0.372s] Level 5:colcon.colcon_core.verb:set package 'status_publisher' build argument 'ament_cmake_args' from command line to 'None'
[0.372s] Level 5:colcon.colcon_core.verb:set package 'status_publisher' build argument 'catkin_cmake_args' from command line to 'None'
[0.372s] Level 5:colcon.colcon_core.verb:set package 'status_publisher' build argument 'catkin_skip_building_tests' from command line to 'False'
[0.372s] DEBUG:colcon.colcon_core.verb:Building package 'status_publisher' with the following arguments: {'ament_cmake_args': None, 'build_base': '/root/Code/duan/Topic/topic_practice_ws/build/status_publisher', 'catkin_cmake_args': None, 'catkin_skip_building_tests': False, 'cmake_args': None, 'cmake_clean_cache': False, 'cmake_clean_first': False, 'cmake_force_configure': False, 'cmake_target': None, 'cmake_target_skip_unavailable': False, 'install_base': '/root/Code/duan/Topic/topic_practice_ws/install/status_publisher', 'merge_install': False, 'path': '/root/Code/duan/Topic/topic_practice_ws/src/status_publisher', 'symlink_install': False, 'test_result_base': None}
[0.372s] INFO:colcon.colcon_core.executor:Executing jobs using 'parallel' executor
[0.373s] DEBUG:colcon.colcon_parallel_executor.executor.parallel:run_until_complete
[0.374s] INFO:colcon.colcon_ros.task.ament_cmake.build:Building ROS package in '/root/Code/duan/Topic/topic_practice_ws/src/status_interfaces' with build type 'ament_cmake'
[0.374s] INFO:colcon.colcon_cmake.task.cmake.build:Building CMake package in '/root/Code/duan/Topic/topic_practice_ws/src/status_interfaces'
[0.376s] INFO:colcon.colcon_core.plugin_system:Skipping extension 'colcon_core.shell.bat': Not used on non-Windows systems
[0.376s] INFO:colcon.colcon_core.shell:Skip shell extension 'powershell' for command environment: Not usable outside of PowerShell
[0.377s] DEBUG:colcon.colcon_core.shell:Skip shell extension 'dsv' for command environment
[0.384s] DEBUG:colcon.colcon_core.event_handler.log_command:Invoking command in '/root/Code/duan/Topic/topic_practice_ws/build/status_interfaces': CMAKE_PREFIX_PATH=/opt/ros/humble HISTTIMEFORMAT=%F %T root /usr/bin/cmake /root/Code/duan/Topic/topic_practice_ws/src/status_interfaces -DCMAKE_INSTALL_PREFIX=/root/Code/duan/Topic/topic_practice_ws/install/status_interfaces
[2.375s] DEBUG:colcon.colcon_core.event_handler.log_command:Invoked command in '/root/Code/duan/Topic/topic_practice_ws/build/status_interfaces' returned '0': CMAKE_PREFIX_PATH=/opt/ros/humble HISTTIMEFORMAT=%F %T root /usr/bin/cmake /root/Code/duan/Topic/topic_practice_ws/src/status_interfaces -DCMAKE_INSTALL_PREFIX=/root/Code/duan/Topic/topic_practice_ws/install/status_interfaces
[2.376s] DEBUG:colcon.colcon_core.event_handler.log_command:Invoking command in '/root/Code/duan/Topic/topic_practice_ws/build/status_interfaces': CMAKE_PREFIX_PATH=/opt/ros/humble HISTTIMEFORMAT=%F %T root /usr/bin/cmake --build /root/Code/duan/Topic/topic_practice_ws/build/status_interfaces -- -j2 -l2
[7.083s] DEBUG:colcon.colcon_core.event_handler.log_command:Invoked command in '/root/Code/duan/Topic/topic_practice_ws/build/status_interfaces' returned '0': CMAKE_PREFIX_PATH=/opt/ros/humble HISTTIMEFORMAT=%F %T root /usr/bin/cmake --build /root/Code/duan/Topic/topic_practice_ws/build/status_interfaces -- -j2 -l2
[7.093s] DEBUG:colcon.colcon_core.event_handler.log_command:Invoking command in '/root/Code/duan/Topic/topic_practice_ws/build/status_interfaces': CMAKE_PREFIX_PATH=/opt/ros/humble HISTTIMEFORMAT=%F %T root /usr/bin/cmake --install /root/Code/duan/Topic/topic_practice_ws/build/status_interfaces
[7.169s] Level 1:colcon.colcon_core.environment:create_environment_scripts_only(status_interfaces)
[7.170s] DEBUG:colcon.colcon_core.event_handler.log_command:Invoked command in '/root/Code/duan/Topic/topic_practice_ws/build/status_interfaces' returned '0': CMAKE_PREFIX_PATH=/opt/ros/humble HISTTIMEFORMAT=%F %T root /usr/bin/cmake --install /root/Code/duan/Topic/topic_practice_ws/build/status_interfaces
[7.172s] Level 1:colcon.colcon_core.environment:checking '/root/Code/duan/Topic/topic_practice_ws/install/status_interfaces' for CMake module files
[7.173s] Level 1:colcon.colcon_core.environment:checking '/root/Code/duan/Topic/topic_practice_ws/install/status_interfaces' for CMake config files
[7.173s] Level 1:colcon.colcon_core.shell:create_environment_hook('status_interfaces', 'cmake_prefix_path')
[7.174s] INFO:colcon.colcon_core.shell:Creating environment hook '/root/Code/duan/Topic/topic_practice_ws/install/status_interfaces/share/status_interfaces/hook/cmake_prefix_path.ps1'
[7.174s] INFO:colcon.colcon_core.shell:Creating environment descriptor '/root/Code/duan/Topic/topic_practice_ws/install/status_interfaces/share/status_interfaces/hook/cmake_prefix_path.dsv'
[7.175s] INFO:colcon.colcon_core.shell:Creating environment hook '/root/Code/duan/Topic/topic_practice_ws/install/status_interfaces/share/status_interfaces/hook/cmake_prefix_path.sh'
[7.176s] Level 1:colcon.colcon_core.environment:checking '/root/Code/duan/Topic/topic_practice_ws/install/status_interfaces/lib'
[7.176s] Level 1:colcon.colcon_core.shell:create_environment_hook('status_interfaces', 'ld_library_path_lib')
[7.176s] INFO:colcon.colcon_core.shell:Creating environment hook '/root/Code/duan/Topic/topic_practice_ws/install/status_interfaces/share/status_interfaces/hook/ld_library_path_lib.ps1'
[7.177s] INFO:colcon.colcon_core.shell:Creating environment descriptor '/root/Code/duan/Topic/topic_practice_ws/install/status_interfaces/share/status_interfaces/hook/ld_library_path_lib.dsv'
[7.177s] INFO:colcon.colcon_core.shell:Creating environment hook '/root/Code/duan/Topic/topic_practice_ws/install/status_interfaces/share/status_interfaces/hook/ld_library_path_lib.sh'
[7.177s] Level 1:colcon.colcon_core.environment:checking '/root/Code/duan/Topic/topic_practice_ws/install/status_interfaces/bin'
[7.177s] Level 1:colcon.colcon_core.environment:checking '/root/Code/duan/Topic/topic_practice_ws/install/status_interfaces/lib/pkgconfig/status_interfaces.pc'
[7.178s] Level 1:colcon.colcon_core.environment:checking '/root/Code/duan/Topic/topic_practice_ws/install/status_interfaces/lib/python3.10/site-packages'
[7.178s] Level 1:colcon.colcon_core.environment:checking '/root/Code/duan/Topic/topic_practice_ws/install/status_interfaces/bin'
[7.178s] INFO:colcon.colcon_core.shell:Creating package script '/root/Code/duan/Topic/topic_practice_ws/install/status_interfaces/share/status_interfaces/package.ps1'
[7.179s] INFO:colcon.colcon_core.shell:Creating package descriptor '/root/Code/duan/Topic/topic_practice_ws/install/status_interfaces/share/status_interfaces/package.dsv'
[7.180s] INFO:colcon.colcon_core.shell:Creating package script '/root/Code/duan/Topic/topic_practice_ws/install/status_interfaces/share/status_interfaces/package.sh'
[7.180s] INFO:colcon.colcon_core.shell:Creating package script '/root/Code/duan/Topic/topic_practice_ws/install/status_interfaces/share/status_interfaces/package.bash'
[7.181s] INFO:colcon.colcon_core.shell:Creating package script '/root/Code/duan/Topic/topic_practice_ws/install/status_interfaces/share/status_interfaces/package.zsh'
[7.182s] Level 1:colcon.colcon_core.environment:create_file_with_runtime_dependencies(/root/Code/duan/Topic/topic_practice_ws/install/status_interfaces/share/colcon-core/packages/status_interfaces)
[7.183s] Level 1:colcon.colcon_core.environment:create_environment_scripts_only(status_interfaces)
[7.183s] Level 1:colcon.colcon_core.environment:checking '/root/Code/duan/Topic/topic_practice_ws/install/status_interfaces' for CMake module files
[7.184s] Level 1:colcon.colcon_core.environment:checking '/root/Code/duan/Topic/topic_practice_ws/install/status_interfaces' for CMake config files
[7.184s] Level 1:colcon.colcon_core.shell:create_environment_hook('status_interfaces', 'cmake_prefix_path')
[7.184s] INFO:colcon.colcon_core.shell:Creating environment hook '/root/Code/duan/Topic/topic_practice_ws/install/status_interfaces/share/status_interfaces/hook/cmake_prefix_path.ps1'
[7.185s] INFO:colcon.colcon_core.shell:Creating environment descriptor '/root/Code/duan/Topic/topic_practice_ws/install/status_interfaces/share/status_interfaces/hook/cmake_prefix_path.dsv'
[7.185s] INFO:colcon.colcon_core.shell:Creating environment hook '/root/Code/duan/Topic/topic_practice_ws/install/status_interfaces/share/status_interfaces/hook/cmake_prefix_path.sh'
[7.186s] Level 1:colcon.colcon_core.environment:checking '/root/Code/duan/Topic/topic_practice_ws/install/status_interfaces/lib'
[7.186s] Level 1:colcon.colcon_core.shell:create_environment_hook('status_interfaces', 'ld_library_path_lib')
[7.186s] INFO:colcon.colcon_core.shell:Creating environment hook '/root/Code/duan/Topic/topic_practice_ws/install/status_interfaces/share/status_interfaces/hook/ld_library_path_lib.ps1'
[7.187s] INFO:colcon.colcon_core.shell:Creating environment descriptor '/root/Code/duan/Topic/topic_practice_ws/install/status_interfaces/share/status_interfaces/hook/ld_library_path_lib.dsv'
[7.187s] INFO:colcon.colcon_core.shell:Creating environment hook '/root/Code/duan/Topic/topic_practice_ws/install/status_interfaces/share/status_interfaces/hook/ld_library_path_lib.sh'
[7.187s] Level 1:colcon.colcon_core.environment:checking '/root/Code/duan/Topic/topic_practice_ws/install/status_interfaces/bin'
[7.187s] Level 1:colcon.colcon_core.environment:checking '/root/Code/duan/Topic/topic_practice_ws/install/status_interfaces/lib/pkgconfig/status_interfaces.pc'
[7.188s] Level 1:colcon.colcon_core.environment:checking '/root/Code/duan/Topic/topic_practice_ws/install/status_interfaces/lib/python3.10/site-packages'
[7.188s] Level 1:colcon.colcon_core.environment:checking '/root/Code/duan/Topic/topic_practice_ws/install/status_interfaces/bin'
[7.188s] INFO:colcon.colcon_core.shell:Creating package script '/root/Code/duan/Topic/topic_practice_ws/install/status_interfaces/share/status_interfaces/package.ps1'
[7.189s] INFO:colcon.colcon_core.shell:Creating package descriptor '/root/Code/duan/Topic/topic_practice_ws/install/status_interfaces/share/status_interfaces/package.dsv'
[7.189s] INFO:colcon.colcon_core.shell:Creating package script '/root/Code/duan/Topic/topic_practice_ws/install/status_interfaces/share/status_interfaces/package.sh'
[7.190s] INFO:colcon.colcon_core.shell:Creating package script '/root/Code/duan/Topic/topic_practice_ws/install/status_interfaces/share/status_interfaces/package.bash'
[7.190s] INFO:colcon.colcon_core.shell:Creating package script '/root/Code/duan/Topic/topic_practice_ws/install/status_interfaces/share/status_interfaces/package.zsh'
[7.191s] Level 1:colcon.colcon_core.environment:create_file_with_runtime_dependencies(/root/Code/duan/Topic/topic_practice_ws/install/status_interfaces/share/colcon-core/packages/status_interfaces)
[7.191s] INFO:colcon.colcon_ros.task.ament_cmake.build:Building ROS package in '/root/Code/duan/Topic/topic_practice_ws/src/status_display' with build type 'ament_cmake'
[7.192s] INFO:colcon.colcon_cmake.task.cmake.build:Building CMake package in '/root/Code/duan/Topic/topic_practice_ws/src/status_display'
[7.192s] INFO:colcon.colcon_core.shell:Skip shell extension 'powershell' for command environment: Not usable outside of PowerShell
[7.192s] DEBUG:colcon.colcon_core.shell:Skip shell extension 'dsv' for command environment
[7.196s] INFO:colcon.colcon_ros.task.ament_python.build:Building ROS package in '/root/Code/duan/Topic/topic_practice_ws/src/status_publisher' with build type 'ament_python'
[7.196s] Level 1:colcon.colcon_core.shell:create_environment_hook('status_publisher', 'ament_prefix_path')
[7.196s] INFO:colcon.colcon_core.shell:Creating environment hook '/root/Code/duan/Topic/topic_practice_ws/install/status_publisher/share/status_publisher/hook/ament_prefix_path.ps1'
[7.197s] INFO:colcon.colcon_core.shell:Creating environment descriptor '/root/Code/duan/Topic/topic_practice_ws/install/status_publisher/share/status_publisher/hook/ament_prefix_path.dsv'
[7.197s] INFO:colcon.colcon_core.shell:Creating environment hook '/root/Code/duan/Topic/topic_practice_ws/install/status_publisher/share/status_publisher/hook/ament_prefix_path.sh'
[7.197s] INFO:colcon.colcon_core.shell:Skip shell extension 'powershell' for command environment: Not usable outside of PowerShell
[7.198s] DEBUG:colcon.colcon_core.shell:Skip shell extension 'dsv' for command environment
[7.203s] DEBUG:colcon.colcon_core.event_handler.log_command:Invoking command in '/root/Code/duan/Topic/topic_practice_ws/build/status_display': AMENT_PREFIX_PATH=/root/Code/duan/Topic/topic_practice_ws/install/status_interfaces:${AMENT_PREFIX_PATH} CMAKE_PREFIX_PATH=/root/Code/duan/Topic/topic_practice_ws/install/status_interfaces:/opt/ros/humble HISTTIMEFORMAT=%F %T root LD_LIBRARY_PATH=/root/Code/duan/Topic/topic_practice_ws/install/status_interfaces/lib:${LD_LIBRARY_PATH} PYTHONPATH=/root/Code/duan/Topic/topic_practice_ws/install/status_interfaces/local/lib/python3.10/dist-packages:${PYTHONPATH} /usr/bin/cmake /root/Code/duan/Topic/topic_practice_ws/src/status_display -DCMAKE_INSTALL_PREFIX=/root/Code/duan/Topic/topic_practice_ws/install/status_display
[7.475s] INFO:colcon.colcon_core.task.python.build:Building Python package in '/root/Code/duan/Topic/topic_practice_ws/src/status_publisher'
[7.475s] INFO:colcon.colcon_core.shell:Skip shell extension 'powershell' for command environment: Not usable outside of PowerShell
[7.475s] DEBUG:colcon.colcon_core.shell:Skip shell extension 'dsv' for command environment
[8.343s] DEBUG:colcon.colcon_core.event_handler.log_command:Invoking command in '/root/Code/duan/Topic/topic_practice_ws/src/status_publisher': AMENT_PREFIX_PATH=/root/Code/duan/Topic/topic_practice_ws/install/status_interfaces:${AMENT_PREFIX_PATH} CMAKE_PREFIX_PATH=/root/Code/duan/Topic/topic_practice_ws/install/status_interfaces HISTTIMEFORMAT=%F %T root LD_LIBRARY_PATH=/root/Code/duan/Topic/topic_practice_ws/install/status_interfaces/lib:${LD_LIBRARY_PATH} PYTHONPATH=/root/Code/duan/Topic/topic_practice_ws/build/status_publisher/prefix_override:/usr/lib/python3/dist-packages/colcon_core/task/python/colcon_distutils_commands:/root/Code/duan/Topic/topic_practice_ws/install/status_publisher/lib/python3.10/site-packages:/root/Code/duan/Topic/topic_practice_ws/install/status_interfaces/local/lib/python3.10/dist-packages:${PYTHONPATH} /usr/bin/python3 -W ignore:setup.py install is deprecated -W ignore:easy_install command is deprecated setup.py egg_info --egg-base ../../build/status_publisher build --build-base /root/Code/duan/Topic/topic_practice_ws/build/status_publisher/build install --record /root/Code/duan/Topic/topic_practice_ws/build/status_publisher/install.log --single-version-externally-managed install_data
[8.807s] Level 1:colcon.colcon_core.environment:checking '/root/Code/duan/Topic/topic_practice_ws/install/status_publisher' for CMake module files
[8.808s] Level 1:colcon.colcon_core.environment:checking '/root/Code/duan/Topic/topic_practice_ws/install/status_publisher' for CMake config files
[8.808s] Level 1:colcon.colcon_core.environment:checking '/root/Code/duan/Topic/topic_practice_ws/install/status_publisher/lib'
[8.808s] Level 1:colcon.colcon_core.environment:checking '/root/Code/duan/Topic/topic_practice_ws/install/status_publisher/bin'
[8.808s] Level 1:colcon.colcon_core.environment:checking '/root/Code/duan/Topic/topic_practice_ws/install/status_publisher/lib/pkgconfig/status_publisher.pc'
[8.809s] Level 1:colcon.colcon_core.environment:checking '/root/Code/duan/Topic/topic_practice_ws/install/status_publisher/lib/python3.10/site-packages'
[8.809s] Level 1:colcon.colcon_core.shell:create_environment_hook('status_publisher', 'pythonpath')
[8.809s] INFO:colcon.colcon_core.shell:Creating environment hook '/root/Code/duan/Topic/topic_practice_ws/install/status_publisher/share/status_publisher/hook/pythonpath.ps1'
[8.809s] DEBUG:colcon.colcon_core.event_handler.log_command:Invoked command in '/root/Code/duan/Topic/topic_practice_ws/src/status_publisher' returned '0': AMENT_PREFIX_PATH=/root/Code/duan/Topic/topic_practice_ws/install/status_interfaces:${AMENT_PREFIX_PATH} CMAKE_PREFIX_PATH=/root/Code/duan/Topic/topic_practice_ws/install/status_interfaces HISTTIMEFORMAT=%F %T root LD_LIBRARY_PATH=/root/Code/duan/Topic/topic_practice_ws/install/status_interfaces/lib:${LD_LIBRARY_PATH} PYTHONPATH=/root/Code/duan/Topic/topic_practice_ws/build/status_publisher/prefix_override:/usr/lib/python3/dist-packages/colcon_core/task/python/colcon_distutils_commands:/root/Code/duan/Topic/topic_practice_ws/install/status_publisher/lib/python3.10/site-packages:/root/Code/duan/Topic/topic_practice_ws/install/status_interfaces/local/lib/python3.10/dist-packages:${PYTHONPATH} /usr/bin/python3 -W ignore:setup.py install is deprecated -W ignore:easy_install command is deprecated setup.py egg_info --egg-base ../../build/status_publisher build --build-base /root/Code/duan/Topic/topic_practice_ws/build/status_publisher/build install --record /root/Code/duan/Topic/topic_practice_ws/build/status_publisher/install.log --single-version-externally-managed install_data
[8.810s] INFO:colcon.colcon_core.shell:Creating environment descriptor '/root/Code/duan/Topic/topic_practice_ws/install/status_publisher/share/status_publisher/hook/pythonpath.dsv'
[8.810s] INFO:colcon.colcon_core.shell:Creating environment hook '/root/Code/duan/Topic/topic_practice_ws/install/status_publisher/share/status_publisher/hook/pythonpath.sh'
[8.811s] Level 1:colcon.colcon_core.environment:checking '/root/Code/duan/Topic/topic_practice_ws/install/status_publisher/bin'
[8.811s] Level 1:colcon.colcon_core.environment:create_environment_scripts_only(status_publisher)
[8.811s] INFO:colcon.colcon_core.shell:Creating package script '/root/Code/duan/Topic/topic_practice_ws/install/status_publisher/share/status_publisher/package.ps1'
[8.811s] INFO:colcon.colcon_core.shell:Creating package descriptor '/root/Code/duan/Topic/topic_practice_ws/install/status_publisher/share/status_publisher/package.dsv'
[8.812s] INFO:colcon.colcon_core.shell:Creating package script '/root/Code/duan/Topic/topic_practice_ws/install/status_publisher/share/status_publisher/package.sh'
[8.812s] INFO:colcon.colcon_core.shell:Creating package script '/root/Code/duan/Topic/topic_practice_ws/install/status_publisher/share/status_publisher/package.bash'
[8.813s] INFO:colcon.colcon_core.shell:Creating package script '/root/Code/duan/Topic/topic_practice_ws/install/status_publisher/share/status_publisher/package.zsh'
[8.813s] Level 1:colcon.colcon_core.environment:create_file_with_runtime_dependencies(/root/Code/duan/Topic/topic_practice_ws/install/status_publisher/share/colcon-core/packages/status_publisher)
[8.914s] DEBUG:colcon.colcon_core.event_handler.log_command:Invoked command in '/root/Code/duan/Topic/topic_practice_ws/build/status_display' returned '0': AMENT_PREFIX_PATH=/root/Code/duan/Topic/topic_practice_ws/install/status_interfaces:${AMENT_PREFIX_PATH} CMAKE_PREFIX_PATH=/root/Code/duan/Topic/topic_practice_ws/install/status_interfaces:/opt/ros/humble HISTTIMEFORMAT=%F %T root LD_LIBRARY_PATH=/root/Code/duan/Topic/topic_practice_ws/install/status_interfaces/lib:${LD_LIBRARY_PATH} PYTHONPATH=/root/Code/duan/Topic/topic_practice_ws/install/status_interfaces/local/lib/python3.10/dist-packages:${PYTHONPATH} /usr/bin/cmake /root/Code/duan/Topic/topic_practice_ws/src/status_display -DCMAKE_INSTALL_PREFIX=/root/Code/duan/Topic/topic_practice_ws/install/status_display
[8.915s] DEBUG:colcon.colcon_core.event_handler.log_command:Invoking command in '/root/Code/duan/Topic/topic_practice_ws/build/status_display': AMENT_PREFIX_PATH=/root/Code/duan/Topic/topic_practice_ws/install/status_interfaces:${AMENT_PREFIX_PATH} CMAKE_PREFIX_PATH=/root/Code/duan/Topic/topic_practice_ws/install/status_interfaces:/opt/ros/humble HISTTIMEFORMAT=%F %T root LD_LIBRARY_PATH=/root/Code/duan/Topic/topic_practice_ws/install/status_interfaces/lib:${LD_LIBRARY_PATH} PYTHONPATH=/root/Code/duan/Topic/topic_practice_ws/install/status_interfaces/local/lib/python3.10/dist-packages:${PYTHONPATH} /usr/bin/cmake --build /root/Code/duan/Topic/topic_practice_ws/build/status_display -- -j2 -l2
[10.711s] DEBUG:colcon.colcon_core.event_handler.log_command:Invoked command in '/root/Code/duan/Topic/topic_practice_ws/build/status_display' returned '0': AMENT_PREFIX_PATH=/root/Code/duan/Topic/topic_practice_ws/install/status_interfaces:${AMENT_PREFIX_PATH} CMAKE_PREFIX_PATH=/root/Code/duan/Topic/topic_practice_ws/install/status_interfaces:/opt/ros/humble HISTTIMEFORMAT=%F %T root LD_LIBRARY_PATH=/root/Code/duan/Topic/topic_practice_ws/install/status_interfaces/lib:${LD_LIBRARY_PATH} PYTHONPATH=/root/Code/duan/Topic/topic_practice_ws/install/status_interfaces/local/lib/python3.10/dist-packages:${PYTHONPATH} /usr/bin/cmake --build /root/Code/duan/Topic/topic_practice_ws/build/status_display -- -j2 -l2
[10.711s] DEBUG:colcon.colcon_core.event_handler.log_command:Invoking command in '/root/Code/duan/Topic/topic_practice_ws/build/status_display': AMENT_PREFIX_PATH=/root/Code/duan/Topic/topic_practice_ws/install/status_interfaces:${AMENT_PREFIX_PATH} CMAKE_PREFIX_PATH=/root/Code/duan/Topic/topic_practice_ws/install/status_interfaces:/opt/ros/humble HISTTIMEFORMAT=%F %T root LD_LIBRARY_PATH=/root/Code/duan/Topic/topic_practice_ws/install/status_interfaces/lib:${LD_LIBRARY_PATH} PYTHONPATH=/root/Code/duan/Topic/topic_practice_ws/install/status_interfaces/local/lib/python3.10/dist-packages:${PYTHONPATH} /usr/bin/cmake --install /root/Code/duan/Topic/topic_practice_ws/build/status_display
[10.729s] Level 1:colcon.colcon_core.environment:create_environment_scripts_only(status_display)
[10.729s] Level 1:colcon.colcon_core.environment:checking '/root/Code/duan/Topic/topic_practice_ws/install/status_display' for CMake module files
[10.730s] Level 1:colcon.colcon_core.environment:checking '/root/Code/duan/Topic/topic_practice_ws/install/status_display' for CMake config files
[10.730s] Level 1:colcon.colcon_core.shell:create_environment_hook('status_display', 'cmake_prefix_path')
[10.730s] INFO:colcon.colcon_core.shell:Creating environment hook '/root/Code/duan/Topic/topic_practice_ws/install/status_display/share/status_display/hook/cmake_prefix_path.ps1'
[10.731s] INFO:colcon.colcon_core.shell:Creating environment descriptor '/root/Code/duan/Topic/topic_practice_ws/install/status_display/share/status_display/hook/cmake_prefix_path.dsv'
[10.731s] INFO:colcon.colcon_core.shell:Creating environment hook '/root/Code/duan/Topic/topic_practice_ws/install/status_display/share/status_display/hook/cmake_prefix_path.sh'
[10.732s] Level 1:colcon.colcon_core.environment:checking '/root/Code/duan/Topic/topic_practice_ws/install/status_display/lib'
[10.732s] Level 1:colcon.colcon_core.environment:checking '/root/Code/duan/Topic/topic_practice_ws/install/status_display/bin'
[10.732s] Level 1:colcon.colcon_core.environment:checking '/root/Code/duan/Topic/topic_practice_ws/install/status_display/lib/pkgconfig/status_display.pc'
[10.732s] Level 1:colcon.colcon_core.environment:checking '/root/Code/duan/Topic/topic_practice_ws/install/status_display/lib/python3.10/site-packages'
[10.732s] DEBUG:colcon.colcon_core.event_handler.log_command:Invoked command in '/root/Code/duan/Topic/topic_practice_ws/build/status_display' returned '0': AMENT_PREFIX_PATH=/root/Code/duan/Topic/topic_practice_ws/install/status_interfaces:${AMENT_PREFIX_PATH} CMAKE_PREFIX_PATH=/root/Code/duan/Topic/topic_practice_ws/install/status_interfaces:/opt/ros/humble HISTTIMEFORMAT=%F %T root LD_LIBRARY_PATH=/root/Code/duan/Topic/topic_practice_ws/install/status_interfaces/lib:${LD_LIBRARY_PATH} PYTHONPATH=/root/Code/duan/Topic/topic_practice_ws/install/status_interfaces/local/lib/python3.10/dist-packages:${PYTHONPATH} /usr/bin/cmake --install /root/Code/duan/Topic/topic_practice_ws/build/status_display
[10.733s] Level 1:colcon.colcon_core.environment:checking '/root/Code/duan/Topic/topic_practice_ws/install/status_display/bin'
[10.733s] INFO:colcon.colcon_core.shell:Creating package script '/root/Code/duan/Topic/topic_practice_ws/install/status_display/share/status_display/package.ps1'
[10.733s] INFO:colcon.colcon_core.shell:Creating package descriptor '/root/Code/duan/Topic/topic_practice_ws/install/status_display/share/status_display/package.dsv'
[10.734s] INFO:colcon.colcon_core.shell:Creating package script '/root/Code/duan/Topic/topic_practice_ws/install/status_display/share/status_display/package.sh'
[10.734s] INFO:colcon.colcon_core.shell:Creating package script '/root/Code/duan/Topic/topic_practice_ws/install/status_display/share/status_display/package.bash'
[10.735s] INFO:colcon.colcon_core.shell:Creating package script '/root/Code/duan/Topic/topic_practice_ws/install/status_display/share/status_display/package.zsh'
[10.735s] Level 1:colcon.colcon_core.environment:create_file_with_runtime_dependencies(/root/Code/duan/Topic/topic_practice_ws/install/status_display/share/colcon-core/packages/status_display)
[10.736s] Level 1:colcon.colcon_core.environment:create_environment_scripts_only(status_display)
[10.736s] Level 1:colcon.colcon_core.environment:checking '/root/Code/duan/Topic/topic_practice_ws/install/status_display' for CMake module files
[10.736s] Level 1:colcon.colcon_core.environment:checking '/root/Code/duan/Topic/topic_practice_ws/install/status_display' for CMake config files
[10.736s] Level 1:colcon.colcon_core.shell:create_environment_hook('status_display', 'cmake_prefix_path')
[10.737s] INFO:colcon.colcon_core.shell:Creating environment hook '/root/Code/duan/Topic/topic_practice_ws/install/status_display/share/status_display/hook/cmake_prefix_path.ps1'
[10.737s] INFO:colcon.colcon_core.shell:Creating environment descriptor '/root/Code/duan/Topic/topic_practice_ws/install/status_display/share/status_display/hook/cmake_prefix_path.dsv'
[10.737s] INFO:colcon.colcon_core.shell:Creating environment hook '/root/Code/duan/Topic/topic_practice_ws/install/status_display/share/status_display/hook/cmake_prefix_path.sh'
[10.738s] Level 1:colcon.colcon_core.environment:checking '/root/Code/duan/Topic/topic_practice_ws/install/status_display/lib'
[10.738s] Level 1:colcon.colcon_core.environment:checking '/root/Code/duan/Topic/topic_practice_ws/install/status_display/bin'
[10.738s] Level 1:colcon.colcon_core.environment:checking '/root/Code/duan/Topic/topic_practice_ws/install/status_display/lib/pkgconfig/status_display.pc'
[10.738s] Level 1:colcon.colcon_core.environment:checking '/root/Code/duan/Topic/topic_practice_ws/install/status_display/lib/python3.10/site-packages'
[10.739s] Level 1:colcon.colcon_core.environment:checking '/root/Code/duan/Topic/topic_practice_ws/install/status_display/bin'
[10.739s] INFO:colcon.colcon_core.shell:Creating package script '/root/Code/duan/Topic/topic_practice_ws/install/status_display/share/status_display/package.ps1'
[10.739s] INFO:colcon.colcon_core.shell:Creating package descriptor '/root/Code/duan/Topic/topic_practice_ws/install/status_display/share/status_display/package.dsv'
[10.740s] INFO:colcon.colcon_core.shell:Creating package script '/root/Code/duan/Topic/topic_practice_ws/install/status_display/share/status_display/package.sh'
[10.740s] INFO:colcon.colcon_core.shell:Creating package script '/root/Code/duan/Topic/topic_practice_ws/install/status_display/share/status_display/package.bash'
[10.741s] INFO:colcon.colcon_core.shell:Creating package script '/root/Code/duan/Topic/topic_practice_ws/install/status_display/share/status_display/package.zsh'
[10.741s] Level 1:colcon.colcon_core.environment:create_file_with_runtime_dependencies(/root/Code/duan/Topic/topic_practice_ws/install/status_display/share/colcon-core/packages/status_display)
[10.743s] DEBUG:colcon.colcon_parallel_executor.executor.parallel:closing loop
[10.743s] DEBUG:colcon.colcon_parallel_executor.executor.parallel:loop closed
[10.743s] DEBUG:colcon.colcon_parallel_executor.executor.parallel:run_until_complete finished with '0'
[10.743s] DEBUG:colcon.colcon_core.event_reactor:joining thread
[10.751s] INFO:colcon.colcon_core.plugin_system:Skipping extension 'colcon_notification.desktop_notification.terminal_notifier': Not used on non-Darwin systems
[10.751s] INFO:colcon.colcon_core.plugin_system:Skipping extension 'colcon_notification.desktop_notification.win32': Not used on non-Windows systems
[10.751s] INFO:colcon.colcon_notification.desktop_notification:Sending desktop notification using 'notify2'
[10.752s] DEBUG:colcon.colcon_notification.desktop_notification.notify2:Failed to initialize notify2: org.freedesktop.DBus.Error.ServiceUnknown: The name org.freedesktop.Notifications was not provided by any .service files
[10.752s] DEBUG:colcon.colcon_core.event_reactor:joined thread
[10.752s] INFO:colcon.colcon_core.shell:Creating prefix script '/root/Code/duan/Topic/topic_practice_ws/install/local_setup.ps1'
[10.753s] INFO:colcon.colcon_core.shell:Creating prefix util module '/root/Code/duan/Topic/topic_practice_ws/install/_local_setup_util_ps1.py'
[10.754s] INFO:colcon.colcon_core.shell:Creating prefix chain script '/root/Code/duan/Topic/topic_practice_ws/install/setup.ps1'
[10.755s] INFO:colcon.colcon_core.shell:Creating prefix script '/root/Code/duan/Topic/topic_practice_ws/install/local_setup.sh'
[10.756s] INFO:colcon.colcon_core.shell:Creating prefix util module '/root/Code/duan/Topic/topic_practice_ws/install/_local_setup_util_sh.py'
[10.756s] INFO:colcon.colcon_core.shell:Creating prefix chain script '/root/Code/duan/Topic/topic_practice_ws/install/setup.sh'
[10.757s] INFO:colcon.colcon_core.shell:Creating prefix script '/root/Code/duan/Topic/topic_practice_ws/install/local_setup.bash'
[10.758s] INFO:colcon.colcon_core.shell:Creating prefix chain script '/root/Code/duan/Topic/topic_practice_ws/install/setup.bash'
[10.758s] INFO:colcon.colcon_core.shell:Creating prefix script '/root/Code/duan/Topic/topic_practice_ws/install/local_setup.zsh'
[10.759s] INFO:colcon.colcon_core.shell:Creating prefix chain script '/root/Code/duan/Topic/topic_practice_ws/install/setup.zsh'
