-- Install configuration: ""
-- Up-to-date: /home/duan/Code/Duan-Ros2/duan-src/duan_ws/install/duanbot_description/share/duanbot_description/launch
-- Up-to-date: /home/duan/Code/Duan-Ros2/duan-src/duan_ws/install/duanbot_description/share/duanbot_description/launch/display_robot.launch.py
-- Up-to-date: /home/duan/Code/Duan-Ros2/duan-src/duan_ws/install/duanbot_description/share/duanbot_description/launch/gazebo_sim.launch.py
-- Up-to-date: /home/duan/Code/Duan-Ros2/duan-src/duan_ws/install/duanbot_description/share/duanbot_description/launch/__pycache__
-- Up-to-date: /home/duan/Code/Duan-Ros2/duan-src/duan_ws/install/duanbot_description/share/duanbot_description/launch/__pycache__/display_robot.launch.cpython-310.pyc
-- Up-to-date: /home/duan/Code/Duan-Ros2/duan-src/duan_ws/install/duanbot_description/share/duanbot_description/urdf
-- Up-to-date: /home/duan/Code/Duan-Ros2/duan-src/duan_ws/install/duanbot_description/share/duanbot_description/urdf/first_robot.gv
-- Up-to-date: /home/duan/Code/Duan-Ros2/duan-src/duan_ws/install/duanbot_description/share/duanbot_description/urdf/first_robot.pdf
-- Up-to-date: /home/duan/Code/Duan-Ros2/duan-src/duan_ws/install/duanbot_description/share/duanbot_description/urdf/first_robot.urdf
-- Up-to-date: /home/duan/Code/Duan-Ros2/duan-src/duan_ws/install/duanbot_description/share/duanbot_description/urdf/duanbot
-- Up-to-date: /home/duan/Code/Duan-Ros2/duan-src/duan_ws/install/duanbot_description/share/duanbot_description/urdf/duanbot/actuator
-- Up-to-date: /home/duan/Code/Duan-Ros2/duan-src/duan_ws/install/duanbot_description/share/duanbot_description/urdf/duanbot/actuator/caster.urdf.xacro
-- Up-to-date: /home/duan/Code/Duan-Ros2/duan-src/duan_ws/install/duanbot_description/share/duanbot_description/urdf/duanbot/actuator/wheel.urdf.xacro
-- Up-to-date: /home/duan/Code/Duan-Ros2/duan-src/duan_ws/install/duanbot_description/share/duanbot_description/urdf/duanbot/duanbot.urdf.xacro
-- Up-to-date: /home/duan/Code/Duan-Ros2/duan-src/duan_ws/install/duanbot_description/share/duanbot_description/urdf/duanbot/plugins
-- Up-to-date: /home/duan/Code/Duan-Ros2/duan-src/duan_ws/install/duanbot_description/share/duanbot_description/urdf/duanbot/plugins/gazebo_control_plugin.xacro
-- Up-to-date: /home/duan/Code/Duan-Ros2/duan-src/duan_ws/install/duanbot_description/share/duanbot_description/urdf/duanbot/plugins/gazebo_sensor_plugin.xacro
-- Up-to-date: /home/duan/Code/Duan-Ros2/duan-src/duan_ws/install/duanbot_description/share/duanbot_description/urdf/duanbot/common_inertia.xacro
-- Up-to-date: /home/duan/Code/Duan-Ros2/duan-src/duan_ws/install/duanbot_description/share/duanbot_description/urdf/duanbot/base.urdf.xacro
-- Up-to-date: /home/duan/Code/Duan-Ros2/duan-src/duan_ws/install/duanbot_description/share/duanbot_description/urdf/duanbot/sensor
-- Up-to-date: /home/duan/Code/Duan-Ros2/duan-src/duan_ws/install/duanbot_description/share/duanbot_description/urdf/duanbot/sensor/camera.urdf.xacro
-- Up-to-date: /home/duan/Code/Duan-Ros2/duan-src/duan_ws/install/duanbot_description/share/duanbot_description/urdf/duanbot/sensor/laser.urdf.xacro
-- Up-to-date: /home/duan/Code/Duan-Ros2/duan-src/duan_ws/install/duanbot_description/share/duanbot_description/urdf/duanbot/sensor/imu.urdf.xacro
-- Up-to-date: /home/duan/Code/Duan-Ros2/duan-src/duan_ws/install/duanbot_description/share/duanbot_description/urdf/duanbot/duanbot.ros2_control.xacro
-- Up-to-date: /home/duan/Code/Duan-Ros2/duan-src/duan_ws/install/duanbot_description/share/duanbot_description/urdf/fisrt_robot.xacro
-- Up-to-date: /home/duan/Code/Duan-Ros2/duan-src/duan_ws/install/duanbot_description/share/duanbot_description/config
-- Up-to-date: /home/duan/Code/Duan-Ros2/duan-src/duan_ws/install/duanbot_description/share/duanbot_description/config/display_robot_model.rviz
-- Up-to-date: /home/duan/Code/Duan-Ros2/duan-src/duan_ws/install/duanbot_description/share/duanbot_description/config/duanbot_ros2_controller.yaml
-- Up-to-date: /home/duan/Code/Duan-Ros2/duan-src/duan_ws/install/duanbot_description/share/duanbot_description/world
-- Up-to-date: /home/duan/Code/Duan-Ros2/duan-src/duan_ws/install/duanbot_description/share/duanbot_description/world/room
-- Up-to-date: /home/duan/Code/Duan-Ros2/duan-src/duan_ws/install/duanbot_description/share/duanbot_description/world/room/model.config
-- Up-to-date: /home/duan/Code/Duan-Ros2/duan-src/duan_ws/install/duanbot_description/share/duanbot_description/world/room/model.sdf
-- Up-to-date: /home/duan/Code/Duan-Ros2/duan-src/duan_ws/install/duanbot_description/share/duanbot_description/world/custom_room.world
-- Up-to-date: /home/duan/Code/Duan-Ros2/duan-src/duan_ws/install/duanbot_description/share/ament_index/resource_index/package_run_dependencies/duanbot_description
-- Up-to-date: /home/duan/Code/Duan-Ros2/duan-src/duan_ws/install/duanbot_description/share/ament_index/resource_index/parent_prefix_path/duanbot_description
-- Up-to-date: /home/duan/Code/Duan-Ros2/duan-src/duan_ws/install/duanbot_description/share/duanbot_description/environment/ament_prefix_path.sh
-- Up-to-date: /home/duan/Code/Duan-Ros2/duan-src/duan_ws/install/duanbot_description/share/duanbot_description/environment/ament_prefix_path.dsv
-- Up-to-date: /home/duan/Code/Duan-Ros2/duan-src/duan_ws/install/duanbot_description/share/duanbot_description/environment/path.sh
-- Up-to-date: /home/duan/Code/Duan-Ros2/duan-src/duan_ws/install/duanbot_description/share/duanbot_description/environment/path.dsv
-- Up-to-date: /home/duan/Code/Duan-Ros2/duan-src/duan_ws/install/duanbot_description/share/duanbot_description/local_setup.bash
-- Up-to-date: /home/duan/Code/Duan-Ros2/duan-src/duan_ws/install/duanbot_description/share/duanbot_description/local_setup.sh
-- Up-to-date: /home/duan/Code/Duan-Ros2/duan-src/duan_ws/install/duanbot_description/share/duanbot_description/local_setup.zsh
-- Up-to-date: /home/duan/Code/Duan-Ros2/duan-src/duan_ws/install/duanbot_description/share/duanbot_description/local_setup.dsv
-- Up-to-date: /home/duan/Code/Duan-Ros2/duan-src/duan_ws/install/duanbot_description/share/duanbot_description/package.dsv
-- Up-to-date: /home/duan/Code/Duan-Ros2/duan-src/duan_ws/install/duanbot_description/share/ament_index/resource_index/packages/duanbot_description
-- Up-to-date: /home/duan/Code/Duan-Ros2/duan-src/duan_ws/install/duanbot_description/share/duanbot_description/cmake/duanbot_descriptionConfig.cmake
-- Up-to-date: /home/duan/Code/Duan-Ros2/duan-src/duan_ws/install/duanbot_description/share/duanbot_description/cmake/duanbot_descriptionConfig-version.cmake
-- Up-to-date: /home/duan/Code/Duan-Ros2/duan-src/duan_ws/install/duanbot_description/share/duanbot_description/package.xml
