[ 50%] [32mBuilding CXX object CMakeFiles/novel_pub_node.dir/src/novel_pub_node.cc.o[0m
[100%] [32m[1mLinking CXX executable novel_pub_node[0m
[100%] Built target novel_pub_node
-- Install configuration: ""
-- Installing: /home/duan/Code/Duan-Ros2/Topic/topic_ws/install/demo_cpp_topic/lib/demo_cpp_topic/novel_pub_node
-- Set runtime path of "/home/duan/Code/Duan-Ros2/Topic/topic_ws/install/demo_cpp_topic/lib/demo_cpp_topic/novel_pub_node" to ""
-- Installing: /home/duan/Code/Duan-Ros2/Topic/topic_ws/install/demo_cpp_topic/share/ament_index/resource_index/package_run_dependencies/demo_cpp_topic
-- Installing: /home/duan/Code/Duan-Ros2/Topic/topic_ws/install/demo_cpp_topic/share/ament_index/resource_index/parent_prefix_path/demo_cpp_topic
-- Installing: /home/duan/Code/Duan-Ros2/Topic/topic_ws/install/demo_cpp_topic/share/demo_cpp_topic/environment/ament_prefix_path.sh
-- Installing: /home/duan/Code/Duan-Ros2/Topic/topic_ws/install/demo_cpp_topic/share/demo_cpp_topic/environment/ament_prefix_path.dsv
-- Installing: /home/duan/Code/Duan-Ros2/Topic/topic_ws/install/demo_cpp_topic/share/demo_cpp_topic/environment/path.sh
-- Installing: /home/duan/Code/Duan-Ros2/Topic/topic_ws/install/demo_cpp_topic/share/demo_cpp_topic/environment/path.dsv
-- Installing: /home/duan/Code/Duan-Ros2/Topic/topic_ws/install/demo_cpp_topic/share/demo_cpp_topic/local_setup.bash
-- Installing: /home/duan/Code/Duan-Ros2/Topic/topic_ws/install/demo_cpp_topic/share/demo_cpp_topic/local_setup.sh
-- Installing: /home/duan/Code/Duan-Ros2/Topic/topic_ws/install/demo_cpp_topic/share/demo_cpp_topic/local_setup.zsh
-- Installing: /home/duan/Code/Duan-Ros2/Topic/topic_ws/install/demo_cpp_topic/share/demo_cpp_topic/local_setup.dsv
-- Up-to-date: /home/duan/Code/Duan-Ros2/Topic/topic_ws/install/demo_cpp_topic/share/demo_cpp_topic/package.dsv
-- Installing: /home/duan/Code/Duan-Ros2/Topic/topic_ws/install/demo_cpp_topic/share/ament_index/resource_index/packages/demo_cpp_topic
-- Installing: /home/duan/Code/Duan-Ros2/Topic/topic_ws/install/demo_cpp_topic/share/demo_cpp_topic/cmake/demo_cpp_topicConfig.cmake
-- Installing: /home/duan/Code/Duan-Ros2/Topic/topic_ws/install/demo_cpp_topic/share/demo_cpp_topic/cmake/demo_cpp_topicConfig-version.cmake
-- Installing: /home/duan/Code/Duan-Ros2/Topic/topic_ws/install/demo_cpp_topic/share/demo_cpp_topic/package.xml
