[0.011s] Invoking command in '/root/Code/duan/Topic/topic_ws/build/demo_cpp_topic': CMAKE_PREFIX_PATH=/opt/ros/humble HISTTIMEFORMAT=%F %T root /usr/bin/cmake --build /root/Code/duan/Topic/topic_ws/build/demo_cpp_topic -- -j2 -l2
[0.043s] -- Found ament_cmake: 1.3.11 (/opt/ros/humble/share/ament_cmake/cmake)
[0.180s] -- Found rclcpp: 16.0.12 (/opt/ros/humble/share/rclcpp/cmake)
[0.210s] -- Found rosidl_generator_c: 3.1.6 (/opt/ros/humble/share/rosidl_generator_c/cmake)
[0.213s] -- Found rosidl_adapter: 3.1.6 (/opt/ros/humble/share/rosidl_adapter/cmake)
[0.218s] -- Found rosidl_generator_cpp: 3.1.6 (/opt/ros/humble/share/rosidl_generator_cpp/cmake)
[0.229s] -- Using all available rosidl_typesupport_c: rosidl_typesupport_fastrtps_c;rosidl_typesupport_introspection_c
[0.245s] -- Using all available rosidl_typesupport_cpp: rosidl_typesupport_fastrtps_cpp;rosidl_typesupport_introspection_cpp
[0.282s] -- Found rmw_implementation_cmake: 6.1.2 (/opt/ros/humble/share/rmw_implementation_cmake/cmake)
[0.283s] -- Found rmw_fastrtps_cpp: 6.2.7 (/opt/ros/humble/share/rmw_fastrtps_cpp/cmake)
[0.387s] -- Using RMW implementation 'rmw_fastrtps_cpp' as default
[0.450s] -- Found demo_cpp_topic: 0.0.0 (/root/Code/duan/Topic/topic_ws/install/demo_cpp_topic/share/demo_cpp_topic/cmake)
[0.451s] -- Found example_interfaces: 0.9.3 (/opt/ros/humble/share/example_interfaces/cmake)
[0.522s] -- Found ament_lint_auto: 0.12.12 (/opt/ros/humble/share/ament_lint_auto/cmake)
[0.632s] -- Added test 'cppcheck' to perform static code analysis on C / C++ code
[0.632s] -- Configured cppcheck include dirs: 
[0.632s] -- Configured cppcheck exclude dirs and/or files: 
[0.635s] -- Added test 'flake8' to check Python code syntax and style conventions
[0.638s] -- Added test 'lint_cmake' to check CMake code style
[0.640s] -- Added test 'pep257' to check Python code against some of the docstring style conventions in PEP 257
[0.649s] -- Added test 'uncrustify' to check C / C++ code style
[0.649s] -- Configured uncrustify additional arguments: 
[0.651s] -- Added test 'xmllint' to check XML markup files
[0.655s] -- Configuring done
[0.679s] -- Generating done
[0.683s] -- Build files have been written to: /root/Code/duan/Topic/topic_ws/build/demo_cpp_topic
[0.712s] [35m[1mConsolidate compiler generated dependencies of target novel_pub_node[0m
[0.739s] [ 50%] [32mBuilding CXX object CMakeFiles/novel_pub_node.dir/src/novel_pub_node.cc.o[0m
[1.195s] [01m[K/root/Code/duan/Topic/topic_ws/src/demo_cpp_topic/src/novel_pub_node.cc:2:10:[m[K [01;31m[Kfatal error: [m[Kcpp-httplib/httplib.h: No such file or directory
[1.195s]     2 | #include [01;31m[K<cpp-httplib/httplib.h>[m[K  // дЄЛиљљзЫЄеЕ≥зЪДе§іжЦЗдїґ
[1.195s]       |          [01;31m[K^~~~~~~~~~~~~~~~~~~~~~~[m[K
[1.195s] compilation terminated.
[1.200s] gmake[2]: *** [CMakeFiles/novel_pub_node.dir/build.make:76: CMakeFiles/novel_pub_node.dir/src/novel_pub_node.cc.o] Error 1
[1.201s] gmake[1]: *** [CMakeFiles/Makefile2:137: CMakeFiles/novel_pub_node.dir/all] Error 2
[1.201s] gmake: *** [Makefile:146: all] Error 2
[1.204s] Invoked command in '/root/Code/duan/Topic/topic_ws/build/demo_cpp_topic' returned '2': CMAKE_PREFIX_PATH=/opt/ros/humble HISTTIMEFORMAT=%F %T root /usr/bin/cmake --build /root/Code/duan/Topic/topic_ws/build/demo_cpp_topic -- -j2 -l2
