[0.074s] DEBUG:colcon:Command line arguments: ['/usr/bin/colcon', 'build']
[0.074s] DEBUG:colcon:Parsed command line arguments: Namespace(log_base=None, log_level=None, verb_name='build', build_base='build', install_base='install', merge_install=False, symlink_install=False, test_result_base=None, continue_on_error=False, executor='parallel', parallel_workers=8, event_handlers=None, ignore_user_meta=False, metas=['./colcon.meta'], base_paths=['.'], packages_ignore=None, packages_ignore_regex=None, paths=None, packages_up_to=None, packages_up_to_regex=None, packages_above=None, packages_above_and_dependencies=None, packages_above_depth=None, packages_select_by_dep=None, packages_skip_by_dep=None, packages_skip_up_to=None, packages_select_build_failed=False, packages_skip_build_finished=False, packages_select_test_failures=False, packages_skip_test_passed=False, packages_select=None, packages_skip=None, packages_select_regex=None, packages_skip_regex=None, packages_start=None, packages_end=None, allow_overriding=[], cmake_args=None, cmake_target=None, cmake_target_skip_unavailable=False, cmake_clean_cache=False, cmake_clean_first=False, cmake_force_configure=False, ament_cmake_args=None, catkin_cmake_args=None, catkin_skip_building_tests=False, verb_parser=<colcon_defaults.argument_parser.defaults.DefaultArgumentsDecorator object at 0x72608bb1f070>, verb_extension=<colcon_core.verb.build.BuildVerb object at 0x72608bc68490>, main=<bound method BuildVerb.main of <colcon_core.verb.build.BuildVerb object at 0x72608bc68490>>)
[0.177s] Level 1:colcon.colcon_core.package_discovery:discover_packages(colcon_meta) check parameters
[0.177s] Level 1:colcon.colcon_core.package_discovery:discover_packages(recursive) check parameters
[0.177s] Level 1:colcon.colcon_core.package_discovery:discover_packages(ignore) check parameters
[0.177s] Level 1:colcon.colcon_core.package_discovery:discover_packages(path) check parameters
[0.177s] Level 1:colcon.colcon_core.package_discovery:discover_packages(colcon_meta) discover
[0.177s] Level 1:colcon.colcon_core.package_discovery:discover_packages(recursive) discover
[0.177s] INFO:colcon.colcon_core.package_discovery:Crawling recursively for packages in '/home/duan/Code/Duan-Ros2/Topic/topic_ws'
[0.177s] Level 1:colcon.colcon_core.package_identification:_identify(.) by extensions ['ignore', 'ignore_ament_install']
[0.178s] Level 1:colcon.colcon_core.package_identification:_identify(.) by extension 'ignore'
[0.178s] Level 1:colcon.colcon_core.package_identification:_identify(.) by extension 'ignore_ament_install'
[0.178s] Level 1:colcon.colcon_core.package_identification:_identify(.) by extensions ['colcon_pkg']
[0.178s] Level 1:colcon.colcon_core.package_identification:_identify(.) by extension 'colcon_pkg'
[0.178s] Level 1:colcon.colcon_core.package_identification:_identify(.) by extensions ['colcon_meta']
[0.178s] Level 1:colcon.colcon_core.package_identification:_identify(.) by extension 'colcon_meta'
[0.178s] Level 1:colcon.colcon_core.package_identification:_identify(.) by extensions ['ros']
[0.178s] Level 1:colcon.colcon_core.package_identification:_identify(.) by extension 'ros'
[0.187s] Level 1:colcon.colcon_core.package_identification:_identify(.) by extensions ['cmake', 'python']
[0.187s] Level 1:colcon.colcon_core.package_identification:_identify(.) by extension 'cmake'
[0.187s] Level 1:colcon.colcon_core.package_identification:_identify(.) by extension 'python'
[0.188s] Level 1:colcon.colcon_core.package_identification:_identify(.) by extensions ['python_setup_py']
[0.188s] Level 1:colcon.colcon_core.package_identification:_identify(.) by extension 'python_setup_py'
[0.188s] Level 1:colcon.colcon_core.package_identification:_identify(build) by extensions ['ignore', 'ignore_ament_install']
[0.188s] Level 1:colcon.colcon_core.package_identification:_identify(build) by extension 'ignore'
[0.188s] Level 1:colcon.colcon_core.package_identification:_identify(build) ignored
[0.188s] Level 1:colcon.colcon_core.package_identification:_identify(install) by extensions ['ignore', 'ignore_ament_install']
[0.188s] Level 1:colcon.colcon_core.package_identification:_identify(install) by extension 'ignore'
[0.188s] Level 1:colcon.colcon_core.package_identification:_identify(install) ignored
[0.188s] Level 1:colcon.colcon_core.package_identification:_identify(log) by extensions ['ignore', 'ignore_ament_install']
[0.188s] Level 1:colcon.colcon_core.package_identification:_identify(log) by extension 'ignore'
[0.188s] Level 1:colcon.colcon_core.package_identification:_identify(log) ignored
[0.188s] Level 1:colcon.colcon_core.package_identification:_identify(src) by extensions ['ignore', 'ignore_ament_install']
[0.189s] Level 1:colcon.colcon_core.package_identification:_identify(src) by extension 'ignore'
[0.189s] Level 1:colcon.colcon_core.package_identification:_identify(src) by extension 'ignore_ament_install'
[0.189s] Level 1:colcon.colcon_core.package_identification:_identify(src) by extensions ['colcon_pkg']
[0.189s] Level 1:colcon.colcon_core.package_identification:_identify(src) by extension 'colcon_pkg'
[0.189s] Level 1:colcon.colcon_core.package_identification:_identify(src) by extensions ['colcon_meta']
[0.189s] Level 1:colcon.colcon_core.package_identification:_identify(src) by extension 'colcon_meta'
[0.189s] Level 1:colcon.colcon_core.package_identification:_identify(src) by extensions ['ros']
[0.189s] Level 1:colcon.colcon_core.package_identification:_identify(src) by extension 'ros'
[0.189s] Level 1:colcon.colcon_core.package_identification:_identify(src) by extensions ['cmake', 'python']
[0.189s] Level 1:colcon.colcon_core.package_identification:_identify(src) by extension 'cmake'
[0.189s] Level 1:colcon.colcon_core.package_identification:_identify(src) by extension 'python'
[0.189s] Level 1:colcon.colcon_core.package_identification:_identify(src) by extensions ['python_setup_py']
[0.189s] Level 1:colcon.colcon_core.package_identification:_identify(src) by extension 'python_setup_py'
[0.189s] Level 1:colcon.colcon_core.package_identification:_identify(src/demo_cpp_topic) by extensions ['ignore', 'ignore_ament_install']
[0.189s] Level 1:colcon.colcon_core.package_identification:_identify(src/demo_cpp_topic) by extension 'ignore'
[0.189s] Level 1:colcon.colcon_core.package_identification:_identify(src/demo_cpp_topic) by extension 'ignore_ament_install'
[0.189s] Level 1:colcon.colcon_core.package_identification:_identify(src/demo_cpp_topic) by extensions ['colcon_pkg']
[0.189s] Level 1:colcon.colcon_core.package_identification:_identify(src/demo_cpp_topic) by extension 'colcon_pkg'
[0.189s] Level 1:colcon.colcon_core.package_identification:_identify(src/demo_cpp_topic) by extensions ['colcon_meta']
[0.189s] Level 1:colcon.colcon_core.package_identification:_identify(src/demo_cpp_topic) by extension 'colcon_meta'
[0.189s] Level 1:colcon.colcon_core.package_identification:_identify(src/demo_cpp_topic) by extensions ['ros']
[0.189s] Level 1:colcon.colcon_core.package_identification:_identify(src/demo_cpp_topic) by extension 'ros'
[0.191s] DEBUG:colcon.colcon_core.package_identification:Package 'src/demo_cpp_topic' with type 'ros.ament_cmake' and name 'demo_cpp_topic'
[0.191s] Level 1:colcon.colcon_core.package_identification:_identify(src/demo_turtle_topic) by extensions ['ignore', 'ignore_ament_install']
[0.191s] Level 1:colcon.colcon_core.package_identification:_identify(src/demo_turtle_topic) by extension 'ignore'
[0.191s] Level 1:colcon.colcon_core.package_identification:_identify(src/demo_turtle_topic) by extension 'ignore_ament_install'
[0.191s] Level 1:colcon.colcon_core.package_identification:_identify(src/demo_turtle_topic) by extensions ['colcon_pkg']
[0.191s] Level 1:colcon.colcon_core.package_identification:_identify(src/demo_turtle_topic) by extension 'colcon_pkg'
[0.191s] Level 1:colcon.colcon_core.package_identification:_identify(src/demo_turtle_topic) by extensions ['colcon_meta']
[0.192s] Level 1:colcon.colcon_core.package_identification:_identify(src/demo_turtle_topic) by extension 'colcon_meta'
[0.192s] Level 1:colcon.colcon_core.package_identification:_identify(src/demo_turtle_topic) by extensions ['ros']
[0.192s] Level 1:colcon.colcon_core.package_identification:_identify(src/demo_turtle_topic) by extension 'ros'
[0.192s] DEBUG:colcon.colcon_core.package_identification:Package 'src/demo_turtle_topic' with type 'ros.ament_cmake' and name 'demo_turtle_topic'
[0.192s] Level 1:colcon.colcon_core.package_discovery:discover_packages(recursive) using defaults
[0.192s] Level 1:colcon.colcon_core.package_discovery:discover_packages(ignore) discover
[0.192s] Level 1:colcon.colcon_core.package_discovery:discover_packages(ignore) using defaults
[0.192s] Level 1:colcon.colcon_core.package_discovery:discover_packages(path) discover
[0.192s] Level 1:colcon.colcon_core.package_discovery:discover_packages(path) using defaults
[0.206s] Level 1:colcon.colcon_core.package_discovery:discover_packages(prefix_path) check parameters
[0.207s] Level 1:colcon.colcon_core.package_discovery:discover_packages(prefix_path) discover
[0.208s] DEBUG:colcon.colcon_installed_package_information.package_discovery:Found 2 installed packages in /home/duan/Code/Duan-Ros2/Topic/topic_ws/install
[0.209s] DEBUG:colcon.colcon_installed_package_information.package_discovery:Found 271 installed packages in /opt/ros/humble
[0.211s] Level 1:colcon.colcon_core.package_discovery:discover_packages(prefix_path) using defaults
[0.248s] Level 5:colcon.colcon_core.verb:set package 'demo_cpp_topic' build argument 'cmake_args' from command line to 'None'
[0.248s] Level 5:colcon.colcon_core.verb:set package 'demo_cpp_topic' build argument 'cmake_target' from command line to 'None'
[0.248s] Level 5:colcon.colcon_core.verb:set package 'demo_cpp_topic' build argument 'cmake_target_skip_unavailable' from command line to 'False'
[0.248s] Level 5:colcon.colcon_core.verb:set package 'demo_cpp_topic' build argument 'cmake_clean_cache' from command line to 'False'
[0.248s] Level 5:colcon.colcon_core.verb:set package 'demo_cpp_topic' build argument 'cmake_clean_first' from command line to 'False'
[0.248s] Level 5:colcon.colcon_core.verb:set package 'demo_cpp_topic' build argument 'cmake_force_configure' from command line to 'False'
[0.248s] Level 5:colcon.colcon_core.verb:set package 'demo_cpp_topic' build argument 'ament_cmake_args' from command line to 'None'
[0.248s] Level 5:colcon.colcon_core.verb:set package 'demo_cpp_topic' build argument 'catkin_cmake_args' from command line to 'None'
[0.248s] Level 5:colcon.colcon_core.verb:set package 'demo_cpp_topic' build argument 'catkin_skip_building_tests' from command line to 'False'
[0.248s] DEBUG:colcon.colcon_core.verb:Building package 'demo_cpp_topic' with the following arguments: {'ament_cmake_args': None, 'build_base': '/home/duan/Code/Duan-Ros2/Topic/topic_ws/build/demo_cpp_topic', 'catkin_cmake_args': None, 'catkin_skip_building_tests': False, 'cmake_args': None, 'cmake_clean_cache': False, 'cmake_clean_first': False, 'cmake_force_configure': False, 'cmake_target': None, 'cmake_target_skip_unavailable': False, 'install_base': '/home/duan/Code/Duan-Ros2/Topic/topic_ws/install/demo_cpp_topic', 'merge_install': False, 'path': '/home/duan/Code/Duan-Ros2/Topic/topic_ws/src/demo_cpp_topic', 'symlink_install': False, 'test_result_base': None}
[0.249s] Level 5:colcon.colcon_core.verb:set package 'demo_turtle_topic' build argument 'cmake_args' from command line to 'None'
[0.249s] Level 5:colcon.colcon_core.verb:set package 'demo_turtle_topic' build argument 'cmake_target' from command line to 'None'
[0.249s] Level 5:colcon.colcon_core.verb:set package 'demo_turtle_topic' build argument 'cmake_target_skip_unavailable' from command line to 'False'
[0.249s] Level 5:colcon.colcon_core.verb:set package 'demo_turtle_topic' build argument 'cmake_clean_cache' from command line to 'False'
[0.249s] Level 5:colcon.colcon_core.verb:set package 'demo_turtle_topic' build argument 'cmake_clean_first' from command line to 'False'
[0.249s] Level 5:colcon.colcon_core.verb:set package 'demo_turtle_topic' build argument 'cmake_force_configure' from command line to 'False'
[0.249s] Level 5:colcon.colcon_core.verb:set package 'demo_turtle_topic' build argument 'ament_cmake_args' from command line to 'None'
[0.249s] Level 5:colcon.colcon_core.verb:set package 'demo_turtle_topic' build argument 'catkin_cmake_args' from command line to 'None'
[0.249s] Level 5:colcon.colcon_core.verb:set package 'demo_turtle_topic' build argument 'catkin_skip_building_tests' from command line to 'False'
[0.249s] DEBUG:colcon.colcon_core.verb:Building package 'demo_turtle_topic' with the following arguments: {'ament_cmake_args': None, 'build_base': '/home/duan/Code/Duan-Ros2/Topic/topic_ws/build/demo_turtle_topic', 'catkin_cmake_args': None, 'catkin_skip_building_tests': False, 'cmake_args': None, 'cmake_clean_cache': False, 'cmake_clean_first': False, 'cmake_force_configure': False, 'cmake_target': None, 'cmake_target_skip_unavailable': False, 'install_base': '/home/duan/Code/Duan-Ros2/Topic/topic_ws/install/demo_turtle_topic', 'merge_install': False, 'path': '/home/duan/Code/Duan-Ros2/Topic/topic_ws/src/demo_turtle_topic', 'symlink_install': False, 'test_result_base': None}
[0.249s] INFO:colcon.colcon_core.executor:Executing jobs using 'parallel' executor
[0.250s] DEBUG:colcon.colcon_parallel_executor.executor.parallel:run_until_complete
[0.250s] INFO:colcon.colcon_ros.task.ament_cmake.build:Building ROS package in '/home/duan/Code/Duan-Ros2/Topic/topic_ws/src/demo_cpp_topic' with build type 'ament_cmake'
[0.250s] INFO:colcon.colcon_cmake.task.cmake.build:Building CMake package in '/home/duan/Code/Duan-Ros2/Topic/topic_ws/src/demo_cpp_topic'
[0.252s] INFO:colcon.colcon_core.plugin_system:Skipping extension 'colcon_core.shell.bat': Not used on non-Windows systems
[0.253s] INFO:colcon.colcon_core.shell:Skip shell extension 'powershell' for command environment: Not usable outside of PowerShell
[0.253s] DEBUG:colcon.colcon_core.shell:Skip shell extension 'dsv' for command environment
[0.256s] INFO:colcon.colcon_ros.task.ament_cmake.build:Building ROS package in '/home/duan/Code/Duan-Ros2/Topic/topic_ws/src/demo_turtle_topic' with build type 'ament_cmake'
[0.256s] INFO:colcon.colcon_cmake.task.cmake.build:Building CMake package in '/home/duan/Code/Duan-Ros2/Topic/topic_ws/src/demo_turtle_topic'
[0.256s] INFO:colcon.colcon_core.shell:Skip shell extension 'powershell' for command environment: Not usable outside of PowerShell
[0.256s] DEBUG:colcon.colcon_core.shell:Skip shell extension 'dsv' for command environment
[0.265s] DEBUG:colcon.colcon_core.event_handler.log_command:Invoking command in '/home/duan/Code/Duan-Ros2/Topic/topic_ws/build/demo_cpp_topic': CMAKE_PREFIX_PATH=${CMAKE_PREFIX_PATH}:/opt/ros/humble /usr/bin/cmake --build /home/duan/Code/Duan-Ros2/Topic/topic_ws/build/demo_cpp_topic -- -j8 -l8
[0.267s] DEBUG:colcon.colcon_core.event_handler.log_command:Invoking command in '/home/duan/Code/Duan-Ros2/Topic/topic_ws/build/demo_turtle_topic': CMAKE_PREFIX_PATH=${CMAKE_PREFIX_PATH}:/opt/ros/humble /usr/bin/cmake --build /home/duan/Code/Duan-Ros2/Topic/topic_ws/build/demo_turtle_topic -- -j8 -l8
[0.329s] DEBUG:colcon.colcon_core.event_handler.log_command:Invoked command in '/home/duan/Code/Duan-Ros2/Topic/topic_ws/build/demo_cpp_topic' returned '0': CMAKE_PREFIX_PATH=${CMAKE_PREFIX_PATH}:/opt/ros/humble /usr/bin/cmake --build /home/duan/Code/Duan-Ros2/Topic/topic_ws/build/demo_cpp_topic -- -j8 -l8
[0.337s] DEBUG:colcon.colcon_core.event_handler.log_command:Invoking command in '/home/duan/Code/Duan-Ros2/Topic/topic_ws/build/demo_cpp_topic': CMAKE_PREFIX_PATH=${CMAKE_PREFIX_PATH}:/opt/ros/humble /usr/bin/cmake --install /home/duan/Code/Duan-Ros2/Topic/topic_ws/build/demo_cpp_topic
[0.346s] Level 1:colcon.colcon_core.environment:create_environment_scripts_only(demo_cpp_topic)
[0.348s] DEBUG:colcon.colcon_core.event_handler.log_command:Invoked command in '/home/duan/Code/Duan-Ros2/Topic/topic_ws/build/demo_cpp_topic' returned '0': CMAKE_PREFIX_PATH=${CMAKE_PREFIX_PATH}:/opt/ros/humble /usr/bin/cmake --install /home/duan/Code/Duan-Ros2/Topic/topic_ws/build/demo_cpp_topic
[0.349s] Level 1:colcon.colcon_core.environment:checking '/home/duan/Code/Duan-Ros2/Topic/topic_ws/install/demo_cpp_topic' for CMake module files
[0.350s] Level 1:colcon.colcon_core.environment:checking '/home/duan/Code/Duan-Ros2/Topic/topic_ws/install/demo_cpp_topic' for CMake config files
[0.350s] Level 1:colcon.colcon_core.shell:create_environment_hook('demo_cpp_topic', 'cmake_prefix_path')
[0.350s] INFO:colcon.colcon_core.shell:Creating environment hook '/home/duan/Code/Duan-Ros2/Topic/topic_ws/install/demo_cpp_topic/share/demo_cpp_topic/hook/cmake_prefix_path.ps1'
[0.351s] INFO:colcon.colcon_core.shell:Creating environment descriptor '/home/duan/Code/Duan-Ros2/Topic/topic_ws/install/demo_cpp_topic/share/demo_cpp_topic/hook/cmake_prefix_path.dsv'
[0.352s] INFO:colcon.colcon_core.shell:Creating environment hook '/home/duan/Code/Duan-Ros2/Topic/topic_ws/install/demo_cpp_topic/share/demo_cpp_topic/hook/cmake_prefix_path.sh'
[0.353s] Level 1:colcon.colcon_core.environment:checking '/home/duan/Code/Duan-Ros2/Topic/topic_ws/install/demo_cpp_topic/lib'
[0.353s] Level 1:colcon.colcon_core.environment:checking '/home/duan/Code/Duan-Ros2/Topic/topic_ws/install/demo_cpp_topic/bin'
[0.353s] Level 1:colcon.colcon_core.environment:checking '/home/duan/Code/Duan-Ros2/Topic/topic_ws/install/demo_cpp_topic/lib/pkgconfig/demo_cpp_topic.pc'
[0.353s] Level 1:colcon.colcon_core.environment:checking '/home/duan/Code/Duan-Ros2/Topic/topic_ws/install/demo_cpp_topic/lib/python3.10/site-packages'
[0.354s] Level 1:colcon.colcon_core.environment:checking '/home/duan/Code/Duan-Ros2/Topic/topic_ws/install/demo_cpp_topic/bin'
[0.354s] INFO:colcon.colcon_core.shell:Creating package script '/home/duan/Code/Duan-Ros2/Topic/topic_ws/install/demo_cpp_topic/share/demo_cpp_topic/package.ps1'
[0.354s] INFO:colcon.colcon_core.shell:Creating package descriptor '/home/duan/Code/Duan-Ros2/Topic/topic_ws/install/demo_cpp_topic/share/demo_cpp_topic/package.dsv'
[0.355s] INFO:colcon.colcon_core.shell:Creating package script '/home/duan/Code/Duan-Ros2/Topic/topic_ws/install/demo_cpp_topic/share/demo_cpp_topic/package.sh'
[0.355s] INFO:colcon.colcon_core.shell:Creating package script '/home/duan/Code/Duan-Ros2/Topic/topic_ws/install/demo_cpp_topic/share/demo_cpp_topic/package.bash'
[0.356s] INFO:colcon.colcon_core.shell:Creating package script '/home/duan/Code/Duan-Ros2/Topic/topic_ws/install/demo_cpp_topic/share/demo_cpp_topic/package.zsh'
[0.357s] Level 1:colcon.colcon_core.environment:create_file_with_runtime_dependencies(/home/duan/Code/Duan-Ros2/Topic/topic_ws/install/demo_cpp_topic/share/colcon-core/packages/demo_cpp_topic)
[0.357s] Level 1:colcon.colcon_core.environment:create_environment_scripts_only(demo_cpp_topic)
[0.357s] Level 1:colcon.colcon_core.environment:checking '/home/duan/Code/Duan-Ros2/Topic/topic_ws/install/demo_cpp_topic' for CMake module files
[0.358s] Level 1:colcon.colcon_core.environment:checking '/home/duan/Code/Duan-Ros2/Topic/topic_ws/install/demo_cpp_topic' for CMake config files
[0.358s] Level 1:colcon.colcon_core.shell:create_environment_hook('demo_cpp_topic', 'cmake_prefix_path')
[0.358s] INFO:colcon.colcon_core.shell:Creating environment hook '/home/duan/Code/Duan-Ros2/Topic/topic_ws/install/demo_cpp_topic/share/demo_cpp_topic/hook/cmake_prefix_path.ps1'
[0.359s] INFO:colcon.colcon_core.shell:Creating environment descriptor '/home/duan/Code/Duan-Ros2/Topic/topic_ws/install/demo_cpp_topic/share/demo_cpp_topic/hook/cmake_prefix_path.dsv'
[0.359s] INFO:colcon.colcon_core.shell:Creating environment hook '/home/duan/Code/Duan-Ros2/Topic/topic_ws/install/demo_cpp_topic/share/demo_cpp_topic/hook/cmake_prefix_path.sh'
[0.360s] Level 1:colcon.colcon_core.environment:checking '/home/duan/Code/Duan-Ros2/Topic/topic_ws/install/demo_cpp_topic/lib'
[0.360s] Level 1:colcon.colcon_core.environment:checking '/home/duan/Code/Duan-Ros2/Topic/topic_ws/install/demo_cpp_topic/bin'
[0.360s] Level 1:colcon.colcon_core.environment:checking '/home/duan/Code/Duan-Ros2/Topic/topic_ws/install/demo_cpp_topic/lib/pkgconfig/demo_cpp_topic.pc'
[0.360s] Level 1:colcon.colcon_core.environment:checking '/home/duan/Code/Duan-Ros2/Topic/topic_ws/install/demo_cpp_topic/lib/python3.10/site-packages'
[0.360s] Level 1:colcon.colcon_core.environment:checking '/home/duan/Code/Duan-Ros2/Topic/topic_ws/install/demo_cpp_topic/bin'
[0.360s] INFO:colcon.colcon_core.shell:Creating package script '/home/duan/Code/Duan-Ros2/Topic/topic_ws/install/demo_cpp_topic/share/demo_cpp_topic/package.ps1'
[0.361s] INFO:colcon.colcon_core.shell:Creating package descriptor '/home/duan/Code/Duan-Ros2/Topic/topic_ws/install/demo_cpp_topic/share/demo_cpp_topic/package.dsv'
[0.361s] INFO:colcon.colcon_core.shell:Creating package script '/home/duan/Code/Duan-Ros2/Topic/topic_ws/install/demo_cpp_topic/share/demo_cpp_topic/package.sh'
[0.362s] INFO:colcon.colcon_core.shell:Creating package script '/home/duan/Code/Duan-Ros2/Topic/topic_ws/install/demo_cpp_topic/share/demo_cpp_topic/package.bash'
[0.362s] INFO:colcon.colcon_core.shell:Creating package script '/home/duan/Code/Duan-Ros2/Topic/topic_ws/install/demo_cpp_topic/share/demo_cpp_topic/package.zsh'
[0.362s] Level 1:colcon.colcon_core.environment:create_file_with_runtime_dependencies(/home/duan/Code/Duan-Ros2/Topic/topic_ws/install/demo_cpp_topic/share/colcon-core/packages/demo_cpp_topic)
[4.176s] DEBUG:colcon.colcon_core.event_handler.log_command:Invoked command in '/home/duan/Code/Duan-Ros2/Topic/topic_ws/build/demo_turtle_topic' returned '0': CMAKE_PREFIX_PATH=${CMAKE_PREFIX_PATH}:/opt/ros/humble /usr/bin/cmake --build /home/duan/Code/Duan-Ros2/Topic/topic_ws/build/demo_turtle_topic -- -j8 -l8
[4.176s] DEBUG:colcon.colcon_core.event_handler.log_command:Invoking command in '/home/duan/Code/Duan-Ros2/Topic/topic_ws/build/demo_turtle_topic': CMAKE_PREFIX_PATH=${CMAKE_PREFIX_PATH}:/opt/ros/humble /usr/bin/cmake --install /home/duan/Code/Duan-Ros2/Topic/topic_ws/build/demo_turtle_topic
[4.186s] Level 1:colcon.colcon_core.environment:create_environment_scripts_only(demo_turtle_topic)
[4.186s] DEBUG:colcon.colcon_core.event_handler.log_command:Invoked command in '/home/duan/Code/Duan-Ros2/Topic/topic_ws/build/demo_turtle_topic' returned '0': CMAKE_PREFIX_PATH=${CMAKE_PREFIX_PATH}:/opt/ros/humble /usr/bin/cmake --install /home/duan/Code/Duan-Ros2/Topic/topic_ws/build/demo_turtle_topic
[4.186s] Level 1:colcon.colcon_core.environment:checking '/home/duan/Code/Duan-Ros2/Topic/topic_ws/install/demo_turtle_topic' for CMake module files
[4.186s] Level 1:colcon.colcon_core.environment:checking '/home/duan/Code/Duan-Ros2/Topic/topic_ws/install/demo_turtle_topic' for CMake config files
[4.187s] Level 1:colcon.colcon_core.shell:create_environment_hook('demo_turtle_topic', 'cmake_prefix_path')
[4.187s] INFO:colcon.colcon_core.shell:Creating environment hook '/home/duan/Code/Duan-Ros2/Topic/topic_ws/install/demo_turtle_topic/share/demo_turtle_topic/hook/cmake_prefix_path.ps1'
[4.187s] INFO:colcon.colcon_core.shell:Creating environment descriptor '/home/duan/Code/Duan-Ros2/Topic/topic_ws/install/demo_turtle_topic/share/demo_turtle_topic/hook/cmake_prefix_path.dsv'
[4.188s] INFO:colcon.colcon_core.shell:Creating environment hook '/home/duan/Code/Duan-Ros2/Topic/topic_ws/install/demo_turtle_topic/share/demo_turtle_topic/hook/cmake_prefix_path.sh'
[4.188s] Level 1:colcon.colcon_core.environment:checking '/home/duan/Code/Duan-Ros2/Topic/topic_ws/install/demo_turtle_topic/lib'
[4.188s] Level 1:colcon.colcon_core.environment:checking '/home/duan/Code/Duan-Ros2/Topic/topic_ws/install/demo_turtle_topic/bin'
[4.188s] Level 1:colcon.colcon_core.environment:checking '/home/duan/Code/Duan-Ros2/Topic/topic_ws/install/demo_turtle_topic/lib/pkgconfig/demo_turtle_topic.pc'
[4.188s] Level 1:colcon.colcon_core.environment:checking '/home/duan/Code/Duan-Ros2/Topic/topic_ws/install/demo_turtle_topic/lib/python3.10/site-packages'
[4.189s] Level 1:colcon.colcon_core.environment:checking '/home/duan/Code/Duan-Ros2/Topic/topic_ws/install/demo_turtle_topic/bin'
[4.189s] INFO:colcon.colcon_core.shell:Creating package script '/home/duan/Code/Duan-Ros2/Topic/topic_ws/install/demo_turtle_topic/share/demo_turtle_topic/package.ps1'
[4.189s] INFO:colcon.colcon_core.shell:Creating package descriptor '/home/duan/Code/Duan-Ros2/Topic/topic_ws/install/demo_turtle_topic/share/demo_turtle_topic/package.dsv'
[4.190s] INFO:colcon.colcon_core.shell:Creating package script '/home/duan/Code/Duan-Ros2/Topic/topic_ws/install/demo_turtle_topic/share/demo_turtle_topic/package.sh'
[4.190s] INFO:colcon.colcon_core.shell:Creating package script '/home/duan/Code/Duan-Ros2/Topic/topic_ws/install/demo_turtle_topic/share/demo_turtle_topic/package.bash'
[4.190s] INFO:colcon.colcon_core.shell:Creating package script '/home/duan/Code/Duan-Ros2/Topic/topic_ws/install/demo_turtle_topic/share/demo_turtle_topic/package.zsh'
[4.190s] Level 1:colcon.colcon_core.environment:create_file_with_runtime_dependencies(/home/duan/Code/Duan-Ros2/Topic/topic_ws/install/demo_turtle_topic/share/colcon-core/packages/demo_turtle_topic)
[4.191s] Level 1:colcon.colcon_core.environment:create_environment_scripts_only(demo_turtle_topic)
[4.191s] Level 1:colcon.colcon_core.environment:checking '/home/duan/Code/Duan-Ros2/Topic/topic_ws/install/demo_turtle_topic' for CMake module files
[4.191s] Level 1:colcon.colcon_core.environment:checking '/home/duan/Code/Duan-Ros2/Topic/topic_ws/install/demo_turtle_topic' for CMake config files
[4.192s] Level 1:colcon.colcon_core.shell:create_environment_hook('demo_turtle_topic', 'cmake_prefix_path')
[4.192s] INFO:colcon.colcon_core.shell:Creating environment hook '/home/duan/Code/Duan-Ros2/Topic/topic_ws/install/demo_turtle_topic/share/demo_turtle_topic/hook/cmake_prefix_path.ps1'
[4.192s] INFO:colcon.colcon_core.shell:Creating environment descriptor '/home/duan/Code/Duan-Ros2/Topic/topic_ws/install/demo_turtle_topic/share/demo_turtle_topic/hook/cmake_prefix_path.dsv'
[4.192s] INFO:colcon.colcon_core.shell:Creating environment hook '/home/duan/Code/Duan-Ros2/Topic/topic_ws/install/demo_turtle_topic/share/demo_turtle_topic/hook/cmake_prefix_path.sh'
[4.193s] Level 1:colcon.colcon_core.environment:checking '/home/duan/Code/Duan-Ros2/Topic/topic_ws/install/demo_turtle_topic/lib'
[4.193s] Level 1:colcon.colcon_core.environment:checking '/home/duan/Code/Duan-Ros2/Topic/topic_ws/install/demo_turtle_topic/bin'
[4.193s] Level 1:colcon.colcon_core.environment:checking '/home/duan/Code/Duan-Ros2/Topic/topic_ws/install/demo_turtle_topic/lib/pkgconfig/demo_turtle_topic.pc'
[4.193s] Level 1:colcon.colcon_core.environment:checking '/home/duan/Code/Duan-Ros2/Topic/topic_ws/install/demo_turtle_topic/lib/python3.10/site-packages'
[4.193s] Level 1:colcon.colcon_core.environment:checking '/home/duan/Code/Duan-Ros2/Topic/topic_ws/install/demo_turtle_topic/bin'
[4.194s] INFO:colcon.colcon_core.shell:Creating package script '/home/duan/Code/Duan-Ros2/Topic/topic_ws/install/demo_turtle_topic/share/demo_turtle_topic/package.ps1'
[4.194s] INFO:colcon.colcon_core.shell:Creating package descriptor '/home/duan/Code/Duan-Ros2/Topic/topic_ws/install/demo_turtle_topic/share/demo_turtle_topic/package.dsv'
[4.194s] INFO:colcon.colcon_core.shell:Creating package script '/home/duan/Code/Duan-Ros2/Topic/topic_ws/install/demo_turtle_topic/share/demo_turtle_topic/package.sh'
[4.195s] INFO:colcon.colcon_core.shell:Creating package script '/home/duan/Code/Duan-Ros2/Topic/topic_ws/install/demo_turtle_topic/share/demo_turtle_topic/package.bash'
[4.195s] INFO:colcon.colcon_core.shell:Creating package script '/home/duan/Code/Duan-Ros2/Topic/topic_ws/install/demo_turtle_topic/share/demo_turtle_topic/package.zsh'
[4.195s] Level 1:colcon.colcon_core.environment:create_file_with_runtime_dependencies(/home/duan/Code/Duan-Ros2/Topic/topic_ws/install/demo_turtle_topic/share/colcon-core/packages/demo_turtle_topic)
[4.196s] DEBUG:colcon.colcon_parallel_executor.executor.parallel:closing loop
[4.196s] DEBUG:colcon.colcon_parallel_executor.executor.parallel:loop closed
[4.196s] DEBUG:colcon.colcon_parallel_executor.executor.parallel:run_until_complete finished with '0'
[4.196s] DEBUG:colcon.colcon_core.event_reactor:joining thread
[4.201s] INFO:colcon.colcon_core.plugin_system:Skipping extension 'colcon_notification.desktop_notification.terminal_notifier': Not used on non-Darwin systems
[4.201s] INFO:colcon.colcon_core.plugin_system:Skipping extension 'colcon_notification.desktop_notification.win32': Not used on non-Windows systems
[4.201s] INFO:colcon.colcon_notification.desktop_notification:Sending desktop notification using 'notify2'
[4.216s] DEBUG:colcon.colcon_core.event_reactor:joined thread
[4.217s] INFO:colcon.colcon_core.shell:Creating prefix script '/home/duan/Code/Duan-Ros2/Topic/topic_ws/install/local_setup.ps1'
[4.218s] INFO:colcon.colcon_core.shell:Creating prefix util module '/home/duan/Code/Duan-Ros2/Topic/topic_ws/install/_local_setup_util_ps1.py'
[4.219s] INFO:colcon.colcon_core.shell:Creating prefix chain script '/home/duan/Code/Duan-Ros2/Topic/topic_ws/install/setup.ps1'
[4.220s] INFO:colcon.colcon_core.shell:Creating prefix script '/home/duan/Code/Duan-Ros2/Topic/topic_ws/install/local_setup.sh'
[4.220s] INFO:colcon.colcon_core.shell:Creating prefix util module '/home/duan/Code/Duan-Ros2/Topic/topic_ws/install/_local_setup_util_sh.py'
[4.221s] INFO:colcon.colcon_core.shell:Creating prefix chain script '/home/duan/Code/Duan-Ros2/Topic/topic_ws/install/setup.sh'
[4.222s] INFO:colcon.colcon_core.shell:Creating prefix script '/home/duan/Code/Duan-Ros2/Topic/topic_ws/install/local_setup.bash'
[4.222s] INFO:colcon.colcon_core.shell:Creating prefix chain script '/home/duan/Code/Duan-Ros2/Topic/topic_ws/install/setup.bash'
[4.223s] INFO:colcon.colcon_core.shell:Creating prefix script '/home/duan/Code/Duan-Ros2/Topic/topic_ws/install/local_setup.zsh'
[4.223s] INFO:colcon.colcon_core.shell:Creating prefix chain script '/home/duan/Code/Duan-Ros2/Topic/topic_ws/install/setup.zsh'
