[0.482s] Invoking command in '/home/duan/Code/Duan-Ros2/Topic/topic_2_ws/src/demo_python_topic': PYTHONPATH=/home/duan/Code/Duan-Ros2/Topic/topic_2_ws/build/demo_python_topic/prefix_override:/usr/lib/python3/dist-packages/colcon_core/task/python/colcon_distutils_commands:/home/duan/Code/Duan-Ros2/Topic/topic_2_ws/install/demo_python_topic/lib/python3.10/site-packages:${PYTHONPATH} /usr/bin/python3 -W ignore:setup.py install is deprecated -W ignore:easy_install command is deprecated setup.py egg_info --egg-base ../../build/demo_python_topic build --build-base /home/duan/Code/Duan-Ros2/Topic/topic_2_ws/build/demo_python_topic/build install --record /home/duan/Code/Duan-Ros2/Topic/topic_2_ws/build/demo_python_topic/install.log --single-version-externally-managed install_data
[0.653s] running egg_info
[0.654s] writing ../../build/demo_python_topic/demo_python_topic.egg-info/PKG-INFO
[0.654s] writing dependency_links to ../../build/demo_python_topic/demo_python_topic.egg-info/dependency_links.txt
[0.654s] writing entry points to ../../build/demo_python_topic/demo_python_topic.egg-info/entry_points.txt
[0.654s] writing requirements to ../../build/demo_python_topic/demo_python_topic.egg-info/requires.txt
[0.654s] writing top-level names to ../../build/demo_python_topic/demo_python_topic.egg-info/top_level.txt
[0.655s] reading manifest file '../../build/demo_python_topic/demo_python_topic.egg-info/SOURCES.txt'
[0.656s] adding license file 'LICENSE'
[0.656s] writing manifest file '../../build/demo_python_topic/demo_python_topic.egg-info/SOURCES.txt'
[0.656s] running build
[0.656s] running build_py
[0.656s] copying demo_python_topic/novel_sub_node.py -> /home/duan/Code/Duan-Ros2/Topic/topic_2_ws/build/demo_python_topic/build/lib/demo_python_topic
[0.657s] running install
[0.657s] running install_lib
[0.658s] copying /home/duan/Code/Duan-Ros2/Topic/topic_2_ws/build/demo_python_topic/build/lib/demo_python_topic/novel_sub_node.py -> /home/duan/Code/Duan-Ros2/Topic/topic_2_ws/install/demo_python_topic/lib/python3.10/site-packages/demo_python_topic
[0.658s] byte-compiling /home/duan/Code/Duan-Ros2/Topic/topic_2_ws/install/demo_python_topic/lib/python3.10/site-packages/demo_python_topic/novel_sub_node.py to novel_sub_node.cpython-310.pyc
[0.658s] running install_data
[0.659s] running install_egg_info
[0.661s] removing '/home/duan/Code/Duan-Ros2/Topic/topic_2_ws/install/demo_python_topic/lib/python3.10/site-packages/demo_python_topic-0.0.0-py3.10.egg-info' (and everything under it)
[0.661s] Copying ../../build/demo_python_topic/demo_python_topic.egg-info to /home/duan/Code/Duan-Ros2/Topic/topic_2_ws/install/demo_python_topic/lib/python3.10/site-packages/demo_python_topic-0.0.0-py3.10.egg-info
[0.661s] running install_scripts
[0.679s] Installing novel_sub_node script to /home/duan/Code/Duan-Ros2/Topic/topic_2_ws/install/demo_python_topic/lib/demo_python_topic
[0.679s] writing list of installed files to '/home/duan/Code/Duan-Ros2/Topic/topic_2_ws/build/demo_python_topic/install.log'
[0.695s] Invoked command in '/home/duan/Code/Duan-Ros2/Topic/topic_2_ws/src/demo_python_topic' returned '0': PYTHONPATH=/home/duan/Code/Duan-Ros2/Topic/topic_2_ws/build/demo_python_topic/prefix_override:/usr/lib/python3/dist-packages/colcon_core/task/python/colcon_distutils_commands:/home/duan/Code/Duan-Ros2/Topic/topic_2_ws/install/demo_python_topic/lib/python3.10/site-packages:${PYTHONPATH} /usr/bin/python3 -W ignore:setup.py install is deprecated -W ignore:easy_install command is deprecated setup.py egg_info --egg-base ../../build/demo_python_topic build --build-base /home/duan/Code/Duan-Ros2/Topic/topic_2_ws/build/demo_python_topic/build install --record /home/duan/Code/Duan-Ros2/Topic/topic_2_ws/build/demo_python_topic/install.log --single-version-externally-managed install_data
