-- The C compiler identification is GNU 11.4.0
-- The CXX compiler identification is GNU 11.4.0
-- Detecting C compiler ABI info
-- Detecting C compiler ABI info - done
-- Check for working C compiler: /usr/bin/cc - skipped
-- Detecting C compile features
-- Detecting C compile features - done
-- Detecting CXX compiler ABI info
-- Detecting CXX compiler ABI info - done
-- Check for working CXX compiler: /usr/bin/c++ - skipped
-- Detecting CXX compile features
-- Detecting CXX compile features - done
-- Found ament_cmake: 1.3.11 (/opt/ros/humble/share/ament_cmake/cmake)
-- Found Python3: /usr/bin/python3 (found version "3.10.12") found components: Interpreter 
-- Found rclcpp: 16.0.12 (/opt/ros/humble/share/rclcpp/cmake)
-- Found rosidl_generator_c: 3.1.6 (/opt/ros/humble/share/rosidl_generator_c/cmake)
-- Found rosidl_adapter: 3.1.6 (/opt/ros/humble/share/rosidl_adapter/cmake)
-- Found rosidl_generator_cpp: 3.1.6 (/opt/ros/humble/share/rosidl_generator_cpp/cmake)
-- Using all available rosidl_typesupport_c: rosidl_typesupport_fastrtps_c;rosidl_typesupport_introspection_c
-- Using all available rosidl_typesupport_cpp: rosidl_typesupport_fastrtps_cpp;rosidl_typesupport_introspection_cpp
-- Found rmw_implementation_cmake: 6.1.2 (/opt/ros/humble/share/rmw_implementation_cmake/cmake)
-- Found rmw_fastrtps_cpp: 6.2.7 (/opt/ros/humble/share/rmw_fastrtps_cpp/cmake)
-- Found OpenSSL: /usr/lib/x86_64-linux-gnu/libcrypto.so (found version "3.0.2")  
-- Found FastRTPS: /opt/ros/humble/include  
-- Using RMW implementation 'rmw_fastrtps_cpp' as default
-- Looking for pthread.h
-- Looking for pthread.h - found
-- Performing Test CMAKE_HAVE_LIBC_PTHREAD
-- Performing Test CMAKE_HAVE_LIBC_PTHREAD - Success
-- Found Threads: TRUE  
-- Found status_interfaces: 0.0.0 (/home/duan/Code/Duan-Ros2/Topic/topic_practice_ws/install/status_interfaces/share/status_interfaces/cmake)
-- Found ament_lint_auto: 0.12.12 (/opt/ros/humble/share/ament_lint_auto/cmake)
-- Added test 'cppcheck' to perform static code analysis on C / C++ code
-- Configured cppcheck include dirs: 
-- Configured cppcheck exclude dirs and/or files: 
-- Added test 'lint_cmake' to check CMake code style
-- Added test 'uncrustify' to check C / C++ code style
-- Configured uncrustify additional arguments: 
-- Added test 'xmllint' to check XML markup files
-- Configuring done
-- Generating done
-- Build files have been written to: /home/duan/Code/Duan-Ros2/Topic/topic_practice_ws/build/status_display
[ 50%] [32mBuilding CXX object CMakeFiles/hello_qt5.dir/src/hello_qt.cpp.o[0m
[01m[K/home/duan/Code/Duan-Ros2/Topic/topic_practice_ws/src/status_display/src/hello_qt.cpp:[m[K In function ‘[01m[Kint main(int, char**)[m[K’:
[01m[K/home/duan/Code/Duan-Ros2/Topic/topic_practice_ws/src/status_display/src/hello_qt.cpp:8:45:[m[K [01;31m[Kerror: [m[Kno matching function for call to ‘[01m[KQString::fromStdString()[m[K’
    8 |     QString message = [01;31m[KQString::fromStdString()[m[K;
      |                       [01;31m[K~~~~~~~~~~~~~~~~~~~~~~^~[m[K
In file included from [01m[K/usr/include/x86_64-linux-gnu/qt5/QtCore/qcoreapplication.h:44[m[K,
                 from [01m[K/usr/include/x86_64-linux-gnu/qt5/QtWidgets/qapplication.h:44[m[K,
                 from [01m[K/usr/include/x86_64-linux-gnu/qt5/QtWidgets/QApplication:1[m[K,
                 from [01m[K/home/duan/Code/Duan-Ros2/Topic/topic_practice_ws/src/status_display/src/hello_qt.cpp:1[m[K:
[01m[K/usr/include/x86_64-linux-gnu/qt5/QtCore/qstring.h:1555:16:[m[K [01;36m[Knote: [m[Kcandidate: ‘[01m[Kstatic QString QString::fromStdString(const string&)[m[K’
 1555 | inline QString [01;36m[KQString[m[K::fromStdString(const std::string &s)
      |                [01;36m[K^~~~~~~[m[K
[01m[K/usr/include/x86_64-linux-gnu/qt5/QtCore/qstring.h:1555:16:[m[K [01;36m[Knote: [m[K  candidate expects 1 argument, 0 provided
gmake[2]: *** [CMakeFiles/hello_qt5.dir/build.make:76：CMakeFiles/hello_qt5.dir/src/hello_qt.cpp.o] 错误 1
gmake[1]: *** [CMakeFiles/Makefile2:137：CMakeFiles/hello_qt5.dir/all] 错误 2
gmake: *** [Makefile:146：all] 错误 2
