[0.009s] Invoking command in '/home/duan/Code/Duan-Ros2/Topic/topic_practice_ws/build/status_display': CMAKE_PREFIX_PATH=${CMAKE_PREFIX_PATH}:/home/duan/Code/Duan-Ros2/Topic/topic_practice_ws/install/status_publisher:/opt/ros/humble /usr/bin/cmake /home/duan/Code/Duan-Ros2/Topic/topic_practice_ws/src/status_display -DCMAKE_INSTALL_PREFIX=/home/duan/Code/Duan-Ros2/Topic/topic_practice_ws/install/status_display
[0.062s] -- The C compiler identification is GNU 11.4.0
[0.117s] -- The CXX compiler identification is GNU 11.4.0
[0.124s] -- Detecting C compiler ABI info
[0.196s] -- Detecting C compiler ABI info - done
[0.199s] -- Check for working C compiler: /usr/bin/cc - skipped
[0.199s] -- Detecting C compile features
[0.200s] -- Detecting C compile features - done
[0.202s] -- Detecting CXX compiler ABI info
[0.282s] -- Detecting CXX compiler ABI info - done
[0.288s] -- Check for working CXX compiler: /usr/bin/c++ - skipped
[0.289s] -- Detecting CXX compile features
[0.289s] -- Detecting CXX compile features - done
[0.291s] -- Found ament_cmake: 1.3.11 (/opt/ros/humble/share/ament_cmake/cmake)
[0.438s] -- Found Python3: /usr/bin/python3 (found version "3.10.12") found components: Interpreter 
[0.528s] -- Found rclcpp: 16.0.12 (/opt/ros/humble/share/rclcpp/cmake)
[0.571s] -- Found rosidl_generator_c: 3.1.6 (/opt/ros/humble/share/rosidl_generator_c/cmake)
[0.575s] -- Found rosidl_adapter: 3.1.6 (/opt/ros/humble/share/rosidl_adapter/cmake)
[0.583s] -- Found rosidl_generator_cpp: 3.1.6 (/opt/ros/humble/share/rosidl_generator_cpp/cmake)
[0.593s] -- Using all available rosidl_typesupport_c: rosidl_typesupport_fastrtps_c;rosidl_typesupport_introspection_c
[0.606s] -- Using all available rosidl_typesupport_cpp: rosidl_typesupport_fastrtps_cpp;rosidl_typesupport_introspection_cpp
[0.670s] -- Found rmw_implementation_cmake: 6.1.2 (/opt/ros/humble/share/rmw_implementation_cmake/cmake)
[0.675s] -- Found rmw_fastrtps_cpp: 6.2.7 (/opt/ros/humble/share/rmw_fastrtps_cpp/cmake)
[0.765s] -- Found OpenSSL: /usr/lib/x86_64-linux-gnu/libcrypto.so (found version "3.0.2")  
[0.786s] -- Found FastRTPS: /opt/ros/humble/include  
[0.819s] -- Using RMW implementation 'rmw_fastrtps_cpp' as default
[0.830s] -- Looking for pthread.h
[0.899s] -- Looking for pthread.h - found
[0.900s] -- Performing Test CMAKE_HAVE_LIBC_PTHREAD
[0.972s] -- Performing Test CMAKE_HAVE_LIBC_PTHREAD - Success
[0.974s] -- Found Threads: TRUE  
[1.045s] -- Found status_interfaces: 0.0.0 (/home/duan/Code/Duan-Ros2/Topic/topic_practice_ws/install/status_interfaces/share/status_interfaces/cmake)
[1.079s] -- Found ament_lint_auto: 0.12.12 (/opt/ros/humble/share/ament_lint_auto/cmake)
[1.149s] -- Added test 'cppcheck' to perform static code analysis on C / C++ code
[1.149s] -- Configured cppcheck include dirs: 
[1.149s] -- Configured cppcheck exclude dirs and/or files: 
[1.149s] -- Added test 'lint_cmake' to check CMake code style
[1.149s] -- Added test 'uncrustify' to check C / C++ code style
[1.149s] -- Configured uncrustify additional arguments: 
[1.149s] -- Added test 'xmllint' to check XML markup files
[1.149s] -- Configuring done
[1.161s] -- Generating done
[1.163s] -- Build files have been written to: /home/duan/Code/Duan-Ros2/Topic/topic_practice_ws/build/status_display
[1.172s] Invoked command in '/home/duan/Code/Duan-Ros2/Topic/topic_practice_ws/build/status_display' returned '0': CMAKE_PREFIX_PATH=${CMAKE_PREFIX_PATH}:/home/duan/Code/Duan-Ros2/Topic/topic_practice_ws/install/status_publisher:/opt/ros/humble /usr/bin/cmake /home/duan/Code/Duan-Ros2/Topic/topic_practice_ws/src/status_display -DCMAKE_INSTALL_PREFIX=/home/duan/Code/Duan-Ros2/Topic/topic_practice_ws/install/status_display
[1.173s] Invoking command in '/home/duan/Code/Duan-Ros2/Topic/topic_practice_ws/build/status_display': CMAKE_PREFIX_PATH=${CMAKE_PREFIX_PATH}:/home/duan/Code/Duan-Ros2/Topic/topic_practice_ws/install/status_publisher:/opt/ros/humble /usr/bin/cmake --build /home/duan/Code/Duan-Ros2/Topic/topic_practice_ws/build/status_display -- -j8 -l8
[1.214s] [ 50%] [32mBuilding CXX object CMakeFiles/hello_qt5.dir/src/hello_qt.cpp.o[0m
[1.944s] [01m[K/home/duan/Code/Duan-Ros2/Topic/topic_practice_ws/src/status_display/src/hello_qt.cpp:[m[K In function ‘[01m[Kint main(int, char**)[m[K’:
[1.944s] [01m[K/home/duan/Code/Duan-Ros2/Topic/topic_practice_ws/src/status_display/src/hello_qt.cpp:8:45:[m[K [01;31m[Kerror: [m[Kno matching function for call to ‘[01m[KQString::fromStdString()[m[K’
[1.944s]     8 |     QString message = [01;31m[KQString::fromStdString()[m[K;
[1.944s]       |                       [01;31m[K~~~~~~~~~~~~~~~~~~~~~~^~[m[K
[1.944s] In file included from [01m[K/usr/include/x86_64-linux-gnu/qt5/QtCore/qcoreapplication.h:44[m[K,
[1.944s]                  from [01m[K/usr/include/x86_64-linux-gnu/qt5/QtWidgets/qapplication.h:44[m[K,
[1.945s]                  from [01m[K/usr/include/x86_64-linux-gnu/qt5/QtWidgets/QApplication:1[m[K,
[1.945s]                  from [01m[K/home/duan/Code/Duan-Ros2/Topic/topic_practice_ws/src/status_display/src/hello_qt.cpp:1[m[K:
[1.945s] [01m[K/usr/include/x86_64-linux-gnu/qt5/QtCore/qstring.h:1555:16:[m[K [01;36m[Knote: [m[Kcandidate: ‘[01m[Kstatic QString QString::fromStdString(const string&)[m[K’
[1.945s]  1555 | inline QString [01;36m[KQString[m[K::fromStdString(const std::string &s)
[1.945s]       |                [01;36m[K^~~~~~~[m[K
[1.946s] [01m[K/usr/include/x86_64-linux-gnu/qt5/QtCore/qstring.h:1555:16:[m[K [01;36m[Knote: [m[K  candidate expects 1 argument, 0 provided
[2.044s] gmake[2]: *** [CMakeFiles/hello_qt5.dir/build.make:76：CMakeFiles/hello_qt5.dir/src/hello_qt.cpp.o] 错误 1
[2.045s] gmake[1]: *** [CMakeFiles/Makefile2:137：CMakeFiles/hello_qt5.dir/all] 错误 2
[2.045s] gmake: *** [Makefile:146：all] 错误 2
[2.048s] Invoked command in '/home/duan/Code/Duan-Ros2/Topic/topic_practice_ws/build/status_display' returned '2': CMAKE_PREFIX_PATH=${CMAKE_PREFIX_PATH}:/home/duan/Code/Duan-Ros2/Topic/topic_practice_ws/install/status_publisher:/opt/ros/humble /usr/bin/cmake --build /home/duan/Code/Duan-Ros2/Topic/topic_practice_ws/build/status_display -- -j8 -l8
