[0.009s] Invoking command in '/root/Code/duan/Node/chapt2_ws/build/demo_cpp_pkg': CMAKE_PREFIX_PATH=${CMAKE_PREFIX_PATH}:/opt/ros/humble HISTTIMEFORMAT=%F %T root /usr/bin/cmake /root/Code/duan/Node/chapt2_ws/src/demo_cpp_pkg -DCMAKE_INSTALL_PREFIX=/root/Code/duan/Node/chapt2_ws/install/demo_cpp_pkg
[0.195s] -- The C compiler identification is GNU 11.4.0
[0.318s] -- The CXX compiler identification is GNU 11.4.0
[0.329s] -- Detecting C compiler ABI info
[0.419s] -- Detecting C compiler ABI info - done
[0.426s] -- Check for working C compiler: /usr/bin/cc - skipped
[0.427s] -- Detecting C compile features
[0.428s] -- Detecting C compile features - done
[0.432s] -- Detecting CXX compiler ABI info
[0.518s] -- Detecting CXX compiler ABI info - done
[0.526s] -- Check for working CXX compiler: /usr/bin/c++ - skipped
[0.526s] -- Detecting CXX compile features
[0.526s] -- Detecting CXX compile features - done
[0.532s] -- Found ament_cmake: 1.3.11 (/opt/ros/humble/share/ament_cmake/cmake)
[0.676s] -- Found Python3: /usr/bin/python3 (found version "3.10.12") found components: Interpreter 
[0.763s] -- Found rclcpp: 16.0.12 (/opt/ros/humble/share/rclcpp/cmake)
[0.803s] -- Found rosidl_generator_c: 3.1.6 (/opt/ros/humble/share/rosidl_generator_c/cmake)
[0.809s] -- Found rosidl_adapter: 3.1.6 (/opt/ros/humble/share/rosidl_adapter/cmake)
[0.817s] -- Found rosidl_generator_cpp: 3.1.6 (/opt/ros/humble/share/rosidl_generator_cpp/cmake)
[0.831s] -- Using all available rosidl_typesupport_c: rosidl_typesupport_fastrtps_c;rosidl_typesupport_introspection_c
[0.855s] -- Using all available rosidl_typesupport_cpp: rosidl_typesupport_fastrtps_cpp;rosidl_typesupport_introspection_cpp
[0.899s] -- Found rmw_implementation_cmake: 6.1.2 (/opt/ros/humble/share/rmw_implementation_cmake/cmake)
[0.903s] -- Found rmw_fastrtps_cpp: 6.2.7 (/opt/ros/humble/share/rmw_fastrtps_cpp/cmake)
[0.984s] -- Found OpenSSL: /usr/lib/x86_64-linux-gnu/libcrypto.so (found version "3.0.2")  
[1.009s] -- Found FastRTPS: /opt/ros/humble/include  
[1.049s] -- Using RMW implementation 'rmw_fastrtps_cpp' as default
[1.058s] -- Looking for pthread.h
[1.144s] -- Looking for pthread.h - found
[1.144s] -- Performing Test CMAKE_HAVE_LIBC_PTHREAD
[1.229s] -- Performing Test CMAKE_HAVE_LIBC_PTHREAD - Success
[1.229s] -- Found Threads: TRUE  
[1.278s] -- Found ament_lint_auto: 0.12.12 (/opt/ros/humble/share/ament_lint_auto/cmake)
[1.377s] -- Added test 'cppcheck' to perform static code analysis on C / C++ code
[1.378s] -- Configured cppcheck include dirs: 
[1.378s] -- Configured cppcheck exclude dirs and/or files: 
[1.380s] -- Added test 'lint_cmake' to check CMake code style
[1.388s] -- Added test 'uncrustify' to check C / C++ code style
[1.388s] -- Configured uncrustify additional arguments: 
[1.389s] -- Added test 'xmllint' to check XML markup files
[1.391s] -- Configuring done
[1.401s] -- Generating done
[1.405s] -- Build files have been written to: /root/Code/duan/Node/chapt2_ws/build/demo_cpp_pkg
[1.415s] Invoked command in '/root/Code/duan/Node/chapt2_ws/build/demo_cpp_pkg' returned '0': CMAKE_PREFIX_PATH=${CMAKE_PREFIX_PATH}:/opt/ros/humble HISTTIMEFORMAT=%F %T root /usr/bin/cmake /root/Code/duan/Node/chapt2_ws/src/demo_cpp_pkg -DCMAKE_INSTALL_PREFIX=/root/Code/duan/Node/chapt2_ws/install/demo_cpp_pkg
[1.417s] Invoking command in '/root/Code/duan/Node/chapt2_ws/build/demo_cpp_pkg': CMAKE_PREFIX_PATH=${CMAKE_PREFIX_PATH}:/opt/ros/humble HISTTIMEFORMAT=%F %T root /usr/bin/cmake --build /root/Code/duan/Node/chapt2_ws/build/demo_cpp_pkg -- -j2 -l2
[1.467s] [ 50%] [32mBuilding CXX object CMakeFiles/cpp_node.dir/src/cpp_node.cpp.o[0m
[4.664s] [100%] [32m[1mLinking CXX executable cpp_node[0m
[4.777s] [100%] Built target cpp_node
[4.789s] Invoked command in '/root/Code/duan/Node/chapt2_ws/build/demo_cpp_pkg' returned '0': CMAKE_PREFIX_PATH=${CMAKE_PREFIX_PATH}:/opt/ros/humble HISTTIMEFORMAT=%F %T root /usr/bin/cmake --build /root/Code/duan/Node/chapt2_ws/build/demo_cpp_pkg -- -j2 -l2
[4.799s] Invoking command in '/root/Code/duan/Node/chapt2_ws/build/demo_cpp_pkg': CMAKE_PREFIX_PATH=${CMAKE_PREFIX_PATH}:/opt/ros/humble HISTTIMEFORMAT=%F %T root /usr/bin/cmake --install /root/Code/duan/Node/chapt2_ws/build/demo_cpp_pkg
[4.806s] -- Install configuration: ""
[4.806s] -- Installing: /root/Code/duan/Node/chapt2_ws/install/demo_cpp_pkg/lib/demo_cpp_pkg/cpp_node
[4.807s] -- Set runtime path of "/root/Code/duan/Node/chapt2_ws/install/demo_cpp_pkg/lib/demo_cpp_pkg/cpp_node" to ""
[4.807s] -- Installing: /root/Code/duan/Node/chapt2_ws/install/demo_cpp_pkg/share/ament_index/resource_index/package_run_dependencies/demo_cpp_pkg
[4.807s] -- Installing: /root/Code/duan/Node/chapt2_ws/install/demo_cpp_pkg/share/ament_index/resource_index/parent_prefix_path/demo_cpp_pkg
[4.807s] -- Installing: /root/Code/duan/Node/chapt2_ws/install/demo_cpp_pkg/share/demo_cpp_pkg/environment/ament_prefix_path.sh
[4.808s] -- Installing: /root/Code/duan/Node/chapt2_ws/install/demo_cpp_pkg/share/demo_cpp_pkg/environment/ament_prefix_path.dsv
[4.808s] -- Installing: /root/Code/duan/Node/chapt2_ws/install/demo_cpp_pkg/share/demo_cpp_pkg/environment/path.sh
[4.808s] -- Installing: /root/Code/duan/Node/chapt2_ws/install/demo_cpp_pkg/share/demo_cpp_pkg/environment/path.dsv
[4.808s] -- Installing: /root/Code/duan/Node/chapt2_ws/install/demo_cpp_pkg/share/demo_cpp_pkg/local_setup.bash
[4.808s] -- Installing: /root/Code/duan/Node/chapt2_ws/install/demo_cpp_pkg/share/demo_cpp_pkg/local_setup.sh
[4.809s] -- Installing: /root/Code/duan/Node/chapt2_ws/install/demo_cpp_pkg/share/demo_cpp_pkg/local_setup.zsh
[4.809s] -- Installing: /root/Code/duan/Node/chapt2_ws/install/demo_cpp_pkg/share/demo_cpp_pkg/local_setup.dsv
[4.809s] -- Installing: /root/Code/duan/Node/chapt2_ws/install/demo_cpp_pkg/share/demo_cpp_pkg/package.dsv
[4.809s] -- Installing: /root/Code/duan/Node/chapt2_ws/install/demo_cpp_pkg/share/ament_index/resource_index/packages/demo_cpp_pkg
[4.810s] -- Installing: /root/Code/duan/Node/chapt2_ws/install/demo_cpp_pkg/share/demo_cpp_pkg/cmake/demo_cpp_pkgConfig.cmake
[4.810s] -- Installing: /root/Code/duan/Node/chapt2_ws/install/demo_cpp_pkg/share/demo_cpp_pkg/cmake/demo_cpp_pkgConfig-version.cmake
[4.810s] -- Installing: /root/Code/duan/Node/chapt2_ws/install/demo_cpp_pkg/share/demo_cpp_pkg/package.xml
[4.814s] Invoked command in '/root/Code/duan/Node/chapt2_ws/build/demo_cpp_pkg' returned '0': CMAKE_PREFIX_PATH=${CMAKE_PREFIX_PATH}:/opt/ros/humble HISTTIMEFORMAT=%F %T root /usr/bin/cmake --install /root/Code/duan/Node/chapt2_ws/build/demo_cpp_pkg
