[0.011s] Invoking command in '/root/Code/duan/Node/build/demo_cpp_pkg': CMAKE_PREFIX_PATH=/opt/ros/humble HISTTIMEFORMAT=%F %T root /usr/bin/cmake /root/Code/duan/Node/demo_cpp_pkg -DCMAKE_INSTALL_PREFIX=/root/Code/duan/Node/install/demo_cpp_pkg
[0.184s] -- The C compiler identification is GNU 11.4.0
[0.270s] -- The CXX compiler identification is GNU 11.4.0
[0.287s] -- Detecting C compiler ABI info
[0.366s] -- Detecting C compiler ABI info - done
[0.373s] -- Check for working C compiler: /usr/bin/cc - skipped
[0.374s] -- Detecting C compile features
[0.375s] -- Detecting C compile features - done
[0.379s] -- Detecting CXX compiler ABI info
[0.461s] -- Detecting CXX compiler ABI info - done
[0.465s] -- Check for working CXX compiler: /usr/bin/c++ - skipped
[0.466s] -- Detecting CXX compile features
[0.466s] -- Detecting CXX compile features - done
[0.487s] -- Found ament_cmake: 1.3.11 (/opt/ros/humble/share/ament_cmake/cmake)
[0.646s] -- Found Python3: /usr/bin/python3 (found version "3.10.12") found components: Interpreter 
[0.750s] -- Found rclcpp: 16.0.12 (/opt/ros/humble/share/rclcpp/cmake)
[0.828s] -- Found rosidl_generator_c: 3.1.6 (/opt/ros/humble/share/rosidl_generator_c/cmake)
[0.835s] -- Found rosidl_adapter: 3.1.6 (/opt/ros/humble/share/rosidl_adapter/cmake)
[0.848s] -- Found rosidl_generator_cpp: 3.1.6 (/opt/ros/humble/share/rosidl_generator_cpp/cmake)
[0.868s] -- Using all available rosidl_typesupport_c: rosidl_typesupport_fastrtps_c;rosidl_typesupport_introspection_c
[0.891s] -- Using all available rosidl_typesupport_cpp: rosidl_typesupport_fastrtps_cpp;rosidl_typesupport_introspection_cpp
[0.951s] -- Found rmw_implementation_cmake: 6.1.2 (/opt/ros/humble/share/rmw_implementation_cmake/cmake)
[0.954s] -- Found rmw_fastrtps_cpp: 6.2.7 (/opt/ros/humble/share/rmw_fastrtps_cpp/cmake)
[1.077s] -- Found OpenSSL: /usr/lib/x86_64-linux-gnu/libcrypto.so (found version "3.0.2")  
[1.106s] -- Found FastRTPS: /opt/ros/humble/include  
[1.147s] -- Using RMW implementation 'rmw_fastrtps_cpp' as default
[1.159s] -- Looking for pthread.h
[1.295s] -- Looking for pthread.h - found
[1.296s] -- Performing Test CMAKE_HAVE_LIBC_PTHREAD
[1.378s] -- Performing Test CMAKE_HAVE_LIBC_PTHREAD - Success
[1.379s] -- Found Threads: TRUE  
[1.454s] -- Found ament_lint_auto: 0.12.12 (/opt/ros/humble/share/ament_lint_auto/cmake)
[1.556s] -- Added test 'cppcheck' to perform static code analysis on C / C++ code
[1.556s] -- Configured cppcheck include dirs: 
[1.556s] -- Configured cppcheck exclude dirs and/or files: 
[1.561s] -- Added test 'lint_cmake' to check CMake code style
[1.569s] -- Added test 'uncrustify' to check C / C++ code style
[1.569s] -- Configured uncrustify additional arguments: 
[1.571s] -- Added test 'xmllint' to check XML markup files
[1.573s] -- Configuring done
[1.585s] -- Generating done
[1.589s] -- Build files have been written to: /root/Code/duan/Node/build/demo_cpp_pkg
[1.598s] Invoked command in '/root/Code/duan/Node/build/demo_cpp_pkg' returned '0': CMAKE_PREFIX_PATH=/opt/ros/humble HISTTIMEFORMAT=%F %T root /usr/bin/cmake /root/Code/duan/Node/demo_cpp_pkg -DCMAKE_INSTALL_PREFIX=/root/Code/duan/Node/install/demo_cpp_pkg
[1.599s] Invoking command in '/root/Code/duan/Node/build/demo_cpp_pkg': CMAKE_PREFIX_PATH=/opt/ros/humble HISTTIMEFORMAT=%F %T root /usr/bin/cmake --build /root/Code/duan/Node/build/demo_cpp_pkg -- -j2 -l2
[1.645s] [ 50%] [32mBuilding CXX object CMakeFiles/cpp_node.dir/src/cpp_node.cpp.o[0m
[4.686s] [100%] [32m[1mLinking CXX executable cpp_node[0m
[4.917s] [100%] Built target cpp_node
[4.933s] Invoked command in '/root/Code/duan/Node/build/demo_cpp_pkg' returned '0': CMAKE_PREFIX_PATH=/opt/ros/humble HISTTIMEFORMAT=%F %T root /usr/bin/cmake --build /root/Code/duan/Node/build/demo_cpp_pkg -- -j2 -l2
[4.946s] Invoking command in '/root/Code/duan/Node/build/demo_cpp_pkg': CMAKE_PREFIX_PATH=/opt/ros/humble HISTTIMEFORMAT=%F %T root /usr/bin/cmake --install /root/Code/duan/Node/build/demo_cpp_pkg
[4.957s] -- Install configuration: ""
[4.959s] -- Installing: /root/Code/duan/Node/install/demo_cpp_pkg/share/ament_index/resource_index/package_run_dependencies/demo_cpp_pkg
[4.959s] -- Installing: /root/Code/duan/Node/install/demo_cpp_pkg/share/ament_index/resource_index/parent_prefix_path/demo_cpp_pkg
[4.960s] -- Installing: /root/Code/duan/Node/install/demo_cpp_pkg/share/demo_cpp_pkg/environment/ament_prefix_path.sh
[4.961s] -- Installing: /root/Code/duan/Node/install/demo_cpp_pkg/share/demo_cpp_pkg/environment/ament_prefix_path.dsv
[4.961s] -- Installing: /root/Code/duan/Node/install/demo_cpp_pkg/share/demo_cpp_pkg/environment/path.sh
[4.962s] -- Installing: /root/Code/duan/Node/install/demo_cpp_pkg/share/demo_cpp_pkg/environment/path.dsv
[4.962s] -- Installing: /root/Code/duan/Node/install/demo_cpp_pkg/share/demo_cpp_pkg/local_setup.bash
[4.963s] -- Installing: /root/Code/duan/Node/install/demo_cpp_pkg/share/demo_cpp_pkg/local_setup.sh
[4.964s] -- Installing: /root/Code/duan/Node/install/demo_cpp_pkg/share/demo_cpp_pkg/local_setup.zsh
[4.964s] -- Installing: /root/Code/duan/Node/install/demo_cpp_pkg/share/demo_cpp_pkg/local_setup.dsv
[4.965s] -- Installing: /root/Code/duan/Node/install/demo_cpp_pkg/share/demo_cpp_pkg/package.dsv
[4.965s] -- Installing: /root/Code/duan/Node/install/demo_cpp_pkg/share/ament_index/resource_index/packages/demo_cpp_pkg
[4.966s] -- Installing: /root/Code/duan/Node/install/demo_cpp_pkg/share/demo_cpp_pkg/cmake/demo_cpp_pkgConfig.cmake
[4.966s] -- Installing: /root/Code/duan/Node/install/demo_cpp_pkg/share/demo_cpp_pkg/cmake/demo_cpp_pkgConfig-version.cmake
[4.967s] -- Installing: /root/Code/duan/Node/install/demo_cpp_pkg/share/demo_cpp_pkg/package.xml
[4.970s] Invoked command in '/root/Code/duan/Node/build/demo_cpp_pkg' returned '0': CMAKE_PREFIX_PATH=/opt/ros/humble HISTTIMEFORMAT=%F %T root /usr/bin/cmake --install /root/Code/duan/Node/build/demo_cpp_pkg
