[0.169s] DEBUG:colcon:Command line arguments: ['/usr/bin/colcon', 'build']
[0.169s] DEBUG:colcon:Parsed command line arguments: Namespace(log_base=None, log_level=None, verb_name='build', build_base='build', install_base='install', merge_install=False, symlink_install=False, test_result_base=None, continue_on_error=False, executor='parallel', parallel_workers=2, event_handlers=None, ignore_user_meta=False, metas=['./colcon.meta'], base_paths=['.'], packages_ignore=None, packages_ignore_regex=None, paths=None, packages_up_to=None, packages_up_to_regex=None, packages_above=None, packages_above_and_dependencies=None, packages_above_depth=None, packages_select_by_dep=None, packages_skip_by_dep=None, packages_skip_up_to=None, packages_select_build_failed=False, packages_skip_build_finished=False, packages_select_test_failures=False, packages_skip_test_passed=False, packages_select=None, packages_skip=None, packages_select_regex=None, packages_skip_regex=None, packages_start=None, packages_end=None, allow_overriding=[], cmake_args=None, cmake_target=None, cmake_target_skip_unavailable=False, cmake_clean_cache=False, cmake_clean_first=False, cmake_force_configure=False, ament_cmake_args=None, catkin_cmake_args=None, catkin_skip_building_tests=False, verb_parser=<colcon_defaults.argument_parser.defaults.DefaultArgumentsDecorator object at 0x7f963bc3f730>, verb_extension=<colcon_core.verb.build.BuildVerb object at 0x7f963bc3f2e0>, main=<bound method BuildVerb.main of <colcon_core.verb.build.BuildVerb object at 0x7f963bc3f2e0>>)
[0.671s] Level 1:colcon.colcon_core.package_discovery:discover_packages(colcon_meta) check parameters
[0.671s] Level 1:colcon.colcon_core.package_discovery:discover_packages(recursive) check parameters
[0.671s] Level 1:colcon.colcon_core.package_discovery:discover_packages(ignore) check parameters
[0.671s] Level 1:colcon.colcon_core.package_discovery:discover_packages(path) check parameters
[0.671s] Level 1:colcon.colcon_core.package_discovery:discover_packages(colcon_meta) discover
[0.671s] Level 1:colcon.colcon_core.package_discovery:discover_packages(recursive) discover
[0.671s] INFO:colcon.colcon_core.package_discovery:Crawling recursively for packages in '/root/Code/duan/Node'
[0.671s] Level 1:colcon.colcon_core.package_identification:_identify(.) by extensions ['ignore', 'ignore_ament_install']
[0.671s] Level 1:colcon.colcon_core.package_identification:_identify(.) by extension 'ignore'
[0.672s] Level 1:colcon.colcon_core.package_identification:_identify(.) by extension 'ignore_ament_install'
[0.672s] Level 1:colcon.colcon_core.package_identification:_identify(.) by extensions ['colcon_pkg']
[0.672s] Level 1:colcon.colcon_core.package_identification:_identify(.) by extension 'colcon_pkg'
[0.672s] Level 1:colcon.colcon_core.package_identification:_identify(.) by extensions ['colcon_meta']
[0.672s] Level 1:colcon.colcon_core.package_identification:_identify(.) by extension 'colcon_meta'
[0.672s] Level 1:colcon.colcon_core.package_identification:_identify(.) by extensions ['ros']
[0.672s] Level 1:colcon.colcon_core.package_identification:_identify(.) by extension 'ros'
[0.683s] Level 1:colcon.colcon_core.package_identification:_identify(.) by extensions ['cmake', 'python']
[0.683s] Level 1:colcon.colcon_core.package_identification:_identify(.) by extension 'cmake'
[0.705s] Level 1:colcon.colcon_core.package_identification:_identify(.) by extension 'python'
[0.705s] DEBUG:colcon.colcon_core.package_identification:Package '.' with type 'cmake' and name 'ros2_cpp'
[0.705s] Level 1:colcon.colcon_core.package_discovery:discover_packages(recursive) using defaults
[0.705s] Level 1:colcon.colcon_core.package_discovery:discover_packages(ignore) discover
[0.705s] Level 1:colcon.colcon_core.package_discovery:discover_packages(ignore) using defaults
[0.705s] Level 1:colcon.colcon_core.package_discovery:discover_packages(path) discover
[0.705s] Level 1:colcon.colcon_core.package_discovery:discover_packages(path) using defaults
[0.748s] Level 1:colcon.colcon_core.package_discovery:discover_packages(prefix_path) check parameters
[0.748s] Level 1:colcon.colcon_core.package_discovery:discover_packages(prefix_path) discover
[0.754s] DEBUG:colcon.colcon_installed_package_information.package_discovery:Found 271 installed packages in /opt/ros/humble
[0.756s] Level 1:colcon.colcon_core.package_discovery:discover_packages(prefix_path) using defaults
[0.912s] Level 5:colcon.colcon_core.verb:set package 'ros2_cpp' build argument 'cmake_args' from command line to 'None'
[0.912s] Level 5:colcon.colcon_core.verb:set package 'ros2_cpp' build argument 'cmake_target' from command line to 'None'
[0.912s] Level 5:colcon.colcon_core.verb:set package 'ros2_cpp' build argument 'cmake_target_skip_unavailable' from command line to 'False'
[0.912s] Level 5:colcon.colcon_core.verb:set package 'ros2_cpp' build argument 'cmake_clean_cache' from command line to 'False'
[0.912s] Level 5:colcon.colcon_core.verb:set package 'ros2_cpp' build argument 'cmake_clean_first' from command line to 'False'
[0.912s] Level 5:colcon.colcon_core.verb:set package 'ros2_cpp' build argument 'cmake_force_configure' from command line to 'False'
[0.912s] Level 5:colcon.colcon_core.verb:set package 'ros2_cpp' build argument 'ament_cmake_args' from command line to 'None'
[0.912s] Level 5:colcon.colcon_core.verb:set package 'ros2_cpp' build argument 'catkin_cmake_args' from command line to 'None'
[0.913s] Level 5:colcon.colcon_core.verb:set package 'ros2_cpp' build argument 'catkin_skip_building_tests' from command line to 'False'
[0.913s] DEBUG:colcon.colcon_core.verb:Building package 'ros2_cpp' with the following arguments: {'ament_cmake_args': None, 'build_base': '/root/Code/duan/Node/build/ros2_cpp', 'catkin_cmake_args': None, 'catkin_skip_building_tests': False, 'cmake_args': None, 'cmake_clean_cache': False, 'cmake_clean_first': False, 'cmake_force_configure': False, 'cmake_target': None, 'cmake_target_skip_unavailable': False, 'install_base': '/root/Code/duan/Node/install/ros2_cpp', 'merge_install': False, 'path': '/root/Code/duan/Node', 'symlink_install': False, 'test_result_base': None}
[0.913s] INFO:colcon.colcon_core.executor:Executing jobs using 'parallel' executor
[0.914s] DEBUG:colcon.colcon_parallel_executor.executor.parallel:run_until_complete
[0.914s] INFO:colcon.colcon_cmake.task.cmake.build:Building CMake package in '/root/Code/duan/Node'
[0.925s] INFO:colcon.colcon_core.plugin_system:Skipping extension 'colcon_core.shell.bat': Not used on non-Windows systems
[0.925s] INFO:colcon.colcon_core.shell:Skip shell extension 'powershell' for command environment: Not usable outside of PowerShell
[0.925s] DEBUG:colcon.colcon_core.shell:Skip shell extension 'dsv' for command environment
[0.934s] DEBUG:colcon.colcon_core.event_handler.log_command:Invoking command in '/root/Code/duan/Node/build/ros2_cpp': HISTTIMEFORMAT=%F %T root /usr/bin/cmake /root/Code/duan/Node -DCMAKE_INSTALL_PREFIX=/root/Code/duan/Node/install/ros2_cpp
[2.068s] DEBUG:colcon.colcon_core.event_handler.log_command:Invoked command in '/root/Code/duan/Node/build/ros2_cpp' returned '0': HISTTIMEFORMAT=%F %T root /usr/bin/cmake /root/Code/duan/Node -DCMAKE_INSTALL_PREFIX=/root/Code/duan/Node/install/ros2_cpp
[2.068s] DEBUG:colcon.colcon_core.event_handler.log_command:Invoking command in '/root/Code/duan/Node/build/ros2_cpp': HISTTIMEFORMAT=%F %T root /usr/bin/cmake --build /root/Code/duan/Node/build/ros2_cpp -- -j2 -l2
[5.193s] DEBUG:colcon.colcon_core.event_handler.log_command:Invoked command in '/root/Code/duan/Node/build/ros2_cpp' returned '0': HISTTIMEFORMAT=%F %T root /usr/bin/cmake --build /root/Code/duan/Node/build/ros2_cpp -- -j2 -l2
[5.193s] WARNING:colcon.colcon_cmake.task.cmake.build:Could not run installation step for package 'ros2_cpp' because it has no 'install' target
[5.194s] Level 1:colcon.colcon_core.environment:create_environment_scripts_only(ros2_cpp)
[5.205s] Level 1:colcon.colcon_core.environment:checking '/root/Code/duan/Node/install/ros2_cpp' for CMake module files
[5.205s] Level 1:colcon.colcon_core.environment:checking '/root/Code/duan/Node/install/ros2_cpp' for CMake config files
[5.205s] Level 1:colcon.colcon_core.environment:checking '/root/Code/duan/Node/install/ros2_cpp/bin'
[5.205s] Level 1:colcon.colcon_core.environment:checking '/root/Code/duan/Node/install/ros2_cpp/lib/pkgconfig/ros2_cpp.pc'
[5.206s] Level 1:colcon.colcon_core.environment:checking '/root/Code/duan/Node/install/ros2_cpp/lib/python3.10/site-packages'
[5.206s] Level 1:colcon.colcon_core.environment:checking '/root/Code/duan/Node/install/ros2_cpp/bin'
[5.206s] INFO:colcon.colcon_core.shell:Creating package script '/root/Code/duan/Node/install/ros2_cpp/share/ros2_cpp/package.ps1'
[5.208s] INFO:colcon.colcon_core.shell:Creating package descriptor '/root/Code/duan/Node/install/ros2_cpp/share/ros2_cpp/package.dsv'
[5.209s] INFO:colcon.colcon_core.shell:Creating package script '/root/Code/duan/Node/install/ros2_cpp/share/ros2_cpp/package.sh'
[5.210s] INFO:colcon.colcon_core.shell:Creating package script '/root/Code/duan/Node/install/ros2_cpp/share/ros2_cpp/package.bash'
[5.212s] INFO:colcon.colcon_core.shell:Creating package script '/root/Code/duan/Node/install/ros2_cpp/share/ros2_cpp/package.zsh'
[5.213s] Level 1:colcon.colcon_core.environment:create_file_with_runtime_dependencies(/root/Code/duan/Node/install/ros2_cpp/share/colcon-core/packages/ros2_cpp)
[5.214s] DEBUG:colcon.colcon_parallel_executor.executor.parallel:closing loop
[5.214s] DEBUG:colcon.colcon_parallel_executor.executor.parallel:loop closed
[5.215s] DEBUG:colcon.colcon_parallel_executor.executor.parallel:run_until_complete finished with '0'
[5.215s] DEBUG:colcon.colcon_core.event_reactor:joining thread
[5.235s] INFO:colcon.colcon_core.plugin_system:Skipping extension 'colcon_notification.desktop_notification.terminal_notifier': Not used on non-Darwin systems
[5.235s] INFO:colcon.colcon_core.plugin_system:Skipping extension 'colcon_notification.desktop_notification.win32': Not used on non-Windows systems
[5.235s] INFO:colcon.colcon_notification.desktop_notification:Sending desktop notification using 'notify2'
[5.242s] DEBUG:colcon.colcon_notification.desktop_notification.notify2:Failed to initialize notify2: org.freedesktop.DBus.Error.ServiceUnknown: The name org.freedesktop.Notifications was not provided by any .service files
[5.242s] DEBUG:colcon.colcon_core.event_reactor:joined thread
[5.242s] INFO:colcon.colcon_core.shell:Creating prefix script '/root/Code/duan/Node/install/local_setup.ps1'
[5.245s] INFO:colcon.colcon_core.shell:Creating prefix util module '/root/Code/duan/Node/install/_local_setup_util_ps1.py'
[5.247s] INFO:colcon.colcon_core.shell:Creating prefix chain script '/root/Code/duan/Node/install/setup.ps1'
[5.249s] INFO:colcon.colcon_core.shell:Creating prefix script '/root/Code/duan/Node/install/local_setup.sh'
[5.251s] INFO:colcon.colcon_core.shell:Creating prefix util module '/root/Code/duan/Node/install/_local_setup_util_sh.py'
[5.251s] INFO:colcon.colcon_core.shell:Creating prefix chain script '/root/Code/duan/Node/install/setup.sh'
[5.253s] INFO:colcon.colcon_core.shell:Creating prefix script '/root/Code/duan/Node/install/local_setup.bash'
[5.254s] INFO:colcon.colcon_core.shell:Creating prefix chain script '/root/Code/duan/Node/install/setup.bash'
[5.256s] INFO:colcon.colcon_core.shell:Creating prefix script '/root/Code/duan/Node/install/local_setup.zsh'
[5.257s] INFO:colcon.colcon_core.shell:Creating prefix chain script '/root/Code/duan/Node/install/setup.zsh'
