-- Found ament_cmake: 1.3.11 (/opt/ros/humble/share/ament_cmake/cmake)
-- Found rclcpp: 16.0.12 (/opt/ros/humble/share/rclcpp/cmake)
-- Found rosidl_generator_c: 3.1.6 (/opt/ros/humble/share/rosidl_generator_c/cmake)
-- Found rosidl_adapter: 3.1.6 (/opt/ros/humble/share/rosidl_adapter/cmake)
-- Found rosidl_generator_cpp: 3.1.6 (/opt/ros/humble/share/rosidl_generator_cpp/cmake)
-- Using all available rosidl_typesupport_c: rosidl_typesupport_fastrtps_c;rosidl_typesupport_introspection_c
-- Using all available rosidl_typesupport_cpp: rosidl_typesupport_fastrtps_cpp;rosidl_typesupport_introspection_cpp
-- Found rmw_implementation_cmake: 6.1.2 (/opt/ros/humble/share/rmw_implementation_cmake/cmake)
-- Found rmw_fastrtps_cpp: 6.2.7 (/opt/ros/humble/share/rmw_fastrtps_cpp/cmake)
-- Using RMW implementation 'rmw_fastrtps_cpp' as default
-- Found example_interfaces: 0.9.3 (/opt/ros/humble/share/example_interfaces/cmake)
-- Found ament_lint_auto: 0.12.12 (/opt/ros/humble/share/ament_lint_auto/cmake)
-- Added test 'cppcheck' to perform static code analysis on C / C++ code
-- Configured cppcheck include dirs: /home/duan/Code/Duan-Ros2/Topic/topic_ws/src/demo_cpp_topic/include/demo_cpp_topic
-- Configured cppcheck exclude dirs and/or files: 
-- Added test 'flake8' to check Python code syntax and style conventions
-- Added test 'lint_cmake' to check CMake code style
-- Added test 'pep257' to check Python code against some of the docstring style conventions in PEP 257
-- Added test 'uncrustify' to check C / C++ code style
-- Configured uncrustify additional arguments: 
-- Added test 'xmllint' to check XML markup files
-- Configuring done
-- Generating done
-- Build files have been written to: /home/duan/Code/Duan-Ros2/Topic/topic_ws/build/demo_cpp_topic
[35m[1mConsolidate compiler generated dependencies of target novel_pub_node[0m
[100%] Built target novel_pub_node
-- Install configuration: ""
-- Up-to-date: /home/duan/Code/Duan-Ros2/Topic/topic_ws/install/demo_cpp_topic/lib/demo_cpp_topic/novel_pub_node
-- Up-to-date: /home/duan/Code/Duan-Ros2/Topic/topic_ws/install/demo_cpp_topic/share/ament_index/resource_index/package_run_dependencies/demo_cpp_topic
-- Up-to-date: /home/duan/Code/Duan-Ros2/Topic/topic_ws/install/demo_cpp_topic/share/ament_index/resource_index/parent_prefix_path/demo_cpp_topic
-- Up-to-date: /home/duan/Code/Duan-Ros2/Topic/topic_ws/install/demo_cpp_topic/share/demo_cpp_topic/environment/ament_prefix_path.sh
-- Installing: /home/duan/Code/Duan-Ros2/Topic/topic_ws/install/demo_cpp_topic/share/demo_cpp_topic/environment/ament_prefix_path.dsv
-- Up-to-date: /home/duan/Code/Duan-Ros2/Topic/topic_ws/install/demo_cpp_topic/share/demo_cpp_topic/environment/path.sh
-- Installing: /home/duan/Code/Duan-Ros2/Topic/topic_ws/install/demo_cpp_topic/share/demo_cpp_topic/environment/path.dsv
-- Up-to-date: /home/duan/Code/Duan-Ros2/Topic/topic_ws/install/demo_cpp_topic/share/demo_cpp_topic/local_setup.bash
-- Up-to-date: /home/duan/Code/Duan-Ros2/Topic/topic_ws/install/demo_cpp_topic/share/demo_cpp_topic/local_setup.sh
-- Up-to-date: /home/duan/Code/Duan-Ros2/Topic/topic_ws/install/demo_cpp_topic/share/demo_cpp_topic/local_setup.zsh
-- Installing: /home/duan/Code/Duan-Ros2/Topic/topic_ws/install/demo_cpp_topic/share/demo_cpp_topic/local_setup.dsv
-- Installing: /home/duan/Code/Duan-Ros2/Topic/topic_ws/install/demo_cpp_topic/share/demo_cpp_topic/package.dsv
-- Up-to-date: /home/duan/Code/Duan-Ros2/Topic/topic_ws/install/demo_cpp_topic/share/ament_index/resource_index/packages/demo_cpp_topic
-- Up-to-date: /home/duan/Code/Duan-Ros2/Topic/topic_ws/install/demo_cpp_topic/share/demo_cpp_topic/cmake/demo_cpp_topicConfig.cmake
-- Up-to-date: /home/duan/Code/Duan-Ros2/Topic/topic_ws/install/demo_cpp_topic/share/demo_cpp_topic/cmake/demo_cpp_topicConfig-version.cmake
-- Up-to-date: /home/duan/Code/Duan-Ros2/Topic/topic_ws/install/demo_cpp_topic/share/demo_cpp_topic/package.xml
