[0.012s] Invoking command in '/home/duan/Code/Duan-Ros2/Topic/topic_ws/build/demo_cpp_topic': CMAKE_PREFIX_PATH=${CMAKE_PREFIX_PATH}:/opt/ros/humble /usr/bin/cmake --build /home/duan/Code/Duan-Ros2/Topic/topic_ws/build/demo_cpp_topic -- -j8 -l8
[0.039s] -- Found ament_cmake: 1.3.11 (/opt/ros/humble/share/ament_cmake/cmake)
[0.147s] -- Found rclcpp: 16.0.12 (/opt/ros/humble/share/rclcpp/cmake)
[0.169s] -- Found rosidl_generator_c: 3.1.6 (/opt/ros/humble/share/rosidl_generator_c/cmake)
[0.173s] -- Found rosidl_adapter: 3.1.6 (/opt/ros/humble/share/rosidl_adapter/cmake)
[0.176s] -- Found rosidl_generator_cpp: 3.1.6 (/opt/ros/humble/share/rosidl_generator_cpp/cmake)
[0.184s] -- Using all available rosidl_typesupport_c: rosidl_typesupport_fastrtps_c;rosidl_typesupport_introspection_c
[0.194s] -- Using all available rosidl_typesupport_cpp: rosidl_typesupport_fastrtps_cpp;rosidl_typesupport_introspection_cpp
[0.225s] -- Found rmw_implementation_cmake: 6.1.2 (/opt/ros/humble/share/rmw_implementation_cmake/cmake)
[0.227s] -- Found rmw_fastrtps_cpp: 6.2.7 (/opt/ros/humble/share/rmw_fastrtps_cpp/cmake)
[0.295s] -- Using RMW implementation 'rmw_fastrtps_cpp' as default
[0.333s] -- Found example_interfaces: 0.9.3 (/opt/ros/humble/share/example_interfaces/cmake)
[0.360s] -- Found ament_lint_auto: 0.12.12 (/opt/ros/humble/share/ament_lint_auto/cmake)
[0.420s] -- Added test 'cppcheck' to perform static code analysis on C / C++ code
[0.420s] -- Configured cppcheck include dirs: /home/duan/Code/Duan-Ros2/Topic/topic_ws/src/demo_cpp_topic/include/demo_cpp_topic
[0.421s] -- Configured cppcheck exclude dirs and/or files: 
[0.421s] -- Added test 'flake8' to check Python code syntax and style conventions
[0.427s] -- Added test 'lint_cmake' to check CMake code style
[0.427s] -- Added test 'pep257' to check Python code against some of the docstring style conventions in PEP 257
[0.429s] -- Added test 'uncrustify' to check C / C++ code style
[0.430s] -- Configured uncrustify additional arguments: 
[0.431s] -- Added test 'xmllint' to check XML markup files
[0.431s] -- Configuring done
[0.441s] -- Generating done
[0.443s] -- Build files have been written to: /home/duan/Code/Duan-Ros2/Topic/topic_ws/build/demo_cpp_topic
[0.465s] [35m[1mConsolidate compiler generated dependencies of target novel_pub_node[0m
[0.487s] [100%] Built target novel_pub_node
[0.498s] Invoked command in '/home/duan/Code/Duan-Ros2/Topic/topic_ws/build/demo_cpp_topic' returned '0': CMAKE_PREFIX_PATH=${CMAKE_PREFIX_PATH}:/opt/ros/humble /usr/bin/cmake --build /home/duan/Code/Duan-Ros2/Topic/topic_ws/build/demo_cpp_topic -- -j8 -l8
[0.507s] Invoking command in '/home/duan/Code/Duan-Ros2/Topic/topic_ws/build/demo_cpp_topic': CMAKE_PREFIX_PATH=${CMAKE_PREFIX_PATH}:/opt/ros/humble /usr/bin/cmake --install /home/duan/Code/Duan-Ros2/Topic/topic_ws/build/demo_cpp_topic
[0.516s] -- Install configuration: ""
[0.516s] -- Up-to-date: /home/duan/Code/Duan-Ros2/Topic/topic_ws/install/demo_cpp_topic/lib/demo_cpp_topic/novel_pub_node
[0.517s] -- Up-to-date: /home/duan/Code/Duan-Ros2/Topic/topic_ws/install/demo_cpp_topic/share/ament_index/resource_index/package_run_dependencies/demo_cpp_topic
[0.517s] -- Up-to-date: /home/duan/Code/Duan-Ros2/Topic/topic_ws/install/demo_cpp_topic/share/ament_index/resource_index/parent_prefix_path/demo_cpp_topic
[0.517s] -- Up-to-date: /home/duan/Code/Duan-Ros2/Topic/topic_ws/install/demo_cpp_topic/share/demo_cpp_topic/environment/ament_prefix_path.sh
[0.517s] -- Installing: /home/duan/Code/Duan-Ros2/Topic/topic_ws/install/demo_cpp_topic/share/demo_cpp_topic/environment/ament_prefix_path.dsv
[0.517s] -- Up-to-date: /home/duan/Code/Duan-Ros2/Topic/topic_ws/install/demo_cpp_topic/share/demo_cpp_topic/environment/path.sh
[0.517s] -- Installing: /home/duan/Code/Duan-Ros2/Topic/topic_ws/install/demo_cpp_topic/share/demo_cpp_topic/environment/path.dsv
[0.517s] -- Up-to-date: /home/duan/Code/Duan-Ros2/Topic/topic_ws/install/demo_cpp_topic/share/demo_cpp_topic/local_setup.bash
[0.517s] -- Up-to-date: /home/duan/Code/Duan-Ros2/Topic/topic_ws/install/demo_cpp_topic/share/demo_cpp_topic/local_setup.sh
[0.517s] -- Up-to-date: /home/duan/Code/Duan-Ros2/Topic/topic_ws/install/demo_cpp_topic/share/demo_cpp_topic/local_setup.zsh
[0.517s] -- Installing: /home/duan/Code/Duan-Ros2/Topic/topic_ws/install/demo_cpp_topic/share/demo_cpp_topic/local_setup.dsv
[0.518s] -- Installing: /home/duan/Code/Duan-Ros2/Topic/topic_ws/install/demo_cpp_topic/share/demo_cpp_topic/package.dsv
[0.518s] -- Up-to-date: /home/duan/Code/Duan-Ros2/Topic/topic_ws/install/demo_cpp_topic/share/ament_index/resource_index/packages/demo_cpp_topic
[0.518s] -- Up-to-date: /home/duan/Code/Duan-Ros2/Topic/topic_ws/install/demo_cpp_topic/share/demo_cpp_topic/cmake/demo_cpp_topicConfig.cmake
[0.518s] -- Up-to-date: /home/duan/Code/Duan-Ros2/Topic/topic_ws/install/demo_cpp_topic/share/demo_cpp_topic/cmake/demo_cpp_topicConfig-version.cmake
[0.518s] -- Up-to-date: /home/duan/Code/Duan-Ros2/Topic/topic_ws/install/demo_cpp_topic/share/demo_cpp_topic/package.xml
[0.522s] Invoked command in '/home/duan/Code/Duan-Ros2/Topic/topic_ws/build/demo_cpp_topic' returned '0': CMAKE_PREFIX_PATH=${CMAKE_PREFIX_PATH}:/opt/ros/humble /usr/bin/cmake --install /home/duan/Code/Duan-Ros2/Topic/topic_ws/build/demo_cpp_topic
