[1.842s] DEBUG:colcon:Command line arguments: ['/usr/bin/colcon', 'build']
[1.843s] DEBUG:colcon:Parsed command line arguments: Namespace(log_base=None, log_level=None, verb_name='build', build_base='build', install_base='install', merge_install=False, symlink_install=False, test_result_base=None, continue_on_error=False, executor='parallel', parallel_workers=2, event_handlers=None, ignore_user_meta=False, metas=['./colcon.meta'], base_paths=['.'], packages_ignore=None, packages_ignore_regex=None, paths=None, packages_up_to=None, packages_up_to_regex=None, packages_above=None, packages_above_and_dependencies=None, packages_above_depth=None, packages_select_by_dep=None, packages_skip_by_dep=None, packages_skip_up_to=None, packages_select_build_failed=False, packages_skip_build_finished=False, packages_select_test_failures=False, packages_skip_test_passed=False, packages_select=None, packages_skip=None, packages_select_regex=None, packages_skip_regex=None, packages_start=None, packages_end=None, allow_overriding=[], cmake_args=None, cmake_target=None, cmake_target_skip_unavailable=False, cmake_clean_cache=False, cmake_clean_first=False, cmake_force_configure=False, ament_cmake_args=None, catkin_cmake_args=None, catkin_skip_building_tests=False, verb_parser=<colcon_defaults.argument_parser.defaults.DefaultArgumentsDecorator object at 0x7fa2005a7a00>, verb_extension=<colcon_core.verb.build.BuildVerb object at 0x7fa2005a75b0>, main=<bound method BuildVerb.main of <colcon_core.verb.build.BuildVerb object at 0x7fa2005a75b0>>)
[5.736s] Level 1:colcon.colcon_core.package_discovery:discover_packages(colcon_meta) check parameters
[5.738s] Level 1:colcon.colcon_core.package_discovery:discover_packages(recursive) check parameters
[5.738s] Level 1:colcon.colcon_core.package_discovery:discover_packages(ignore) check parameters
[5.738s] Level 1:colcon.colcon_core.package_discovery:discover_packages(path) check parameters
[5.738s] Level 1:colcon.colcon_core.package_discovery:discover_packages(colcon_meta) discover
[5.738s] Level 1:colcon.colcon_core.package_discovery:discover_packages(recursive) discover
[5.738s] INFO:colcon.colcon_core.package_discovery:Crawling recursively for packages in '/root/Code/duan/Topic/topic_2_ws'
[5.738s] Level 1:colcon.colcon_core.package_identification:_identify(.) by extensions ['ignore', 'ignore_ament_install']
[5.739s] Level 1:colcon.colcon_core.package_identification:_identify(.) by extension 'ignore'
[5.740s] Level 1:colcon.colcon_core.package_identification:_identify(.) by extension 'ignore_ament_install'
[5.740s] Level 1:colcon.colcon_core.package_identification:_identify(.) by extensions ['colcon_pkg']
[5.740s] Level 1:colcon.colcon_core.package_identification:_identify(.) by extension 'colcon_pkg'
[5.740s] Level 1:colcon.colcon_core.package_identification:_identify(.) by extensions ['colcon_meta']
[5.740s] Level 1:colcon.colcon_core.package_identification:_identify(.) by extension 'colcon_meta'
[5.740s] Level 1:colcon.colcon_core.package_identification:_identify(.) by extensions ['ros']
[5.740s] Level 1:colcon.colcon_core.package_identification:_identify(.) by extension 'ros'
[5.771s] Level 1:colcon.colcon_core.package_identification:_identify(.) by extensions ['cmake', 'python']
[5.771s] Level 1:colcon.colcon_core.package_identification:_identify(.) by extension 'cmake'
[5.771s] Level 1:colcon.colcon_core.package_identification:_identify(.) by extension 'python'
[5.771s] Level 1:colcon.colcon_core.package_identification:_identify(.) by extensions ['python_setup_py']
[5.771s] Level 1:colcon.colcon_core.package_identification:_identify(.) by extension 'python_setup_py'
[5.772s] Level 1:colcon.colcon_core.package_identification:_identify(build) by extensions ['ignore', 'ignore_ament_install']
[5.772s] Level 1:colcon.colcon_core.package_identification:_identify(build) by extension 'ignore'
[5.773s] Level 1:colcon.colcon_core.package_identification:_identify(build) ignored
[5.773s] Level 1:colcon.colcon_core.package_identification:_identify(install) by extensions ['ignore', 'ignore_ament_install']
[5.773s] Level 1:colcon.colcon_core.package_identification:_identify(install) by extension 'ignore'
[5.773s] Level 1:colcon.colcon_core.package_identification:_identify(install) ignored
[5.773s] Level 1:colcon.colcon_core.package_identification:_identify(log) by extensions ['ignore', 'ignore_ament_install']
[5.773s] Level 1:colcon.colcon_core.package_identification:_identify(log) by extension 'ignore'
[5.773s] Level 1:colcon.colcon_core.package_identification:_identify(log) ignored
[5.775s] Level 1:colcon.colcon_core.package_identification:_identify(src) by extensions ['ignore', 'ignore_ament_install']
[5.775s] Level 1:colcon.colcon_core.package_identification:_identify(src) by extension 'ignore'
[5.775s] Level 1:colcon.colcon_core.package_identification:_identify(src) by extension 'ignore_ament_install'
[5.775s] Level 1:colcon.colcon_core.package_identification:_identify(src) by extensions ['colcon_pkg']
[5.775s] Level 1:colcon.colcon_core.package_identification:_identify(src) by extension 'colcon_pkg'
[5.775s] Level 1:colcon.colcon_core.package_identification:_identify(src) by extensions ['colcon_meta']
[5.775s] Level 1:colcon.colcon_core.package_identification:_identify(src) by extension 'colcon_meta'
[5.775s] Level 1:colcon.colcon_core.package_identification:_identify(src) by extensions ['ros']
[5.775s] Level 1:colcon.colcon_core.package_identification:_identify(src) by extension 'ros'
[5.775s] Level 1:colcon.colcon_core.package_identification:_identify(src) by extensions ['cmake', 'python']
[5.775s] Level 1:colcon.colcon_core.package_identification:_identify(src) by extension 'cmake'
[5.775s] Level 1:colcon.colcon_core.package_identification:_identify(src) by extension 'python'
[5.776s] Level 1:colcon.colcon_core.package_identification:_identify(src) by extensions ['python_setup_py']
[5.776s] Level 1:colcon.colcon_core.package_identification:_identify(src) by extension 'python_setup_py'
[5.776s] Level 1:colcon.colcon_core.package_identification:_identify(src/demo_python_topic) by extensions ['ignore', 'ignore_ament_install']
[5.776s] Level 1:colcon.colcon_core.package_identification:_identify(src/demo_python_topic) by extension 'ignore'
[5.776s] Level 1:colcon.colcon_core.package_identification:_identify(src/demo_python_topic) by extension 'ignore_ament_install'
[5.777s] Level 1:colcon.colcon_core.package_identification:_identify(src/demo_python_topic) by extensions ['colcon_pkg']
[5.777s] Level 1:colcon.colcon_core.package_identification:_identify(src/demo_python_topic) by extension 'colcon_pkg'
[5.777s] Level 1:colcon.colcon_core.package_identification:_identify(src/demo_python_topic) by extensions ['colcon_meta']
[5.777s] Level 1:colcon.colcon_core.package_identification:_identify(src/demo_python_topic) by extension 'colcon_meta'
[5.777s] Level 1:colcon.colcon_core.package_identification:_identify(src/demo_python_topic) by extensions ['ros']
[5.777s] Level 1:colcon.colcon_core.package_identification:_identify(src/demo_python_topic) by extension 'ros'
[5.797s] DEBUG:colcon.colcon_core.package_identification:Package 'src/demo_python_topic' with type 'ros.ament_python' and name 'demo_python_topic'
[5.797s] Level 1:colcon.colcon_core.package_discovery:discover_packages(recursive) using defaults
[5.797s] Level 1:colcon.colcon_core.package_discovery:discover_packages(ignore) discover
[5.797s] Level 1:colcon.colcon_core.package_discovery:discover_packages(ignore) using defaults
[5.797s] Level 1:colcon.colcon_core.package_discovery:discover_packages(path) discover
[5.797s] Level 1:colcon.colcon_core.package_discovery:discover_packages(path) using defaults
[5.933s] Level 1:colcon.colcon_core.package_discovery:discover_packages(prefix_path) check parameters
[5.934s] Level 1:colcon.colcon_core.package_discovery:discover_packages(prefix_path) discover
[5.950s] DEBUG:colcon.colcon_installed_package_information.package_discovery:Found 1 installed packages in /root/Code/duan/Topic/topic_2_ws/install
[5.956s] DEBUG:colcon.colcon_installed_package_information.package_discovery:Found 271 installed packages in /opt/ros/humble
[5.959s] Level 1:colcon.colcon_core.package_discovery:discover_packages(prefix_path) using defaults
[6.819s] Level 5:colcon.colcon_core.verb:set package 'demo_python_topic' build argument 'cmake_args' from command line to 'None'
[6.819s] Level 5:colcon.colcon_core.verb:set package 'demo_python_topic' build argument 'cmake_target' from command line to 'None'
[6.820s] Level 5:colcon.colcon_core.verb:set package 'demo_python_topic' build argument 'cmake_target_skip_unavailable' from command line to 'False'
[6.820s] Level 5:colcon.colcon_core.verb:set package 'demo_python_topic' build argument 'cmake_clean_cache' from command line to 'False'
[6.820s] Level 5:colcon.colcon_core.verb:set package 'demo_python_topic' build argument 'cmake_clean_first' from command line to 'False'
[6.820s] Level 5:colcon.colcon_core.verb:set package 'demo_python_topic' build argument 'cmake_force_configure' from command line to 'False'
[6.820s] Level 5:colcon.colcon_core.verb:set package 'demo_python_topic' build argument 'ament_cmake_args' from command line to 'None'
[6.820s] Level 5:colcon.colcon_core.verb:set package 'demo_python_topic' build argument 'catkin_cmake_args' from command line to 'None'
[6.820s] Level 5:colcon.colcon_core.verb:set package 'demo_python_topic' build argument 'catkin_skip_building_tests' from command line to 'False'
[6.820s] DEBUG:colcon.colcon_core.verb:Building package 'demo_python_topic' with the following arguments: {'ament_cmake_args': None, 'build_base': '/root/Code/duan/Topic/topic_2_ws/build/demo_python_topic', 'catkin_cmake_args': None, 'catkin_skip_building_tests': False, 'cmake_args': None, 'cmake_clean_cache': False, 'cmake_clean_first': False, 'cmake_force_configure': False, 'cmake_target': None, 'cmake_target_skip_unavailable': False, 'install_base': '/root/Code/duan/Topic/topic_2_ws/install/demo_python_topic', 'merge_install': False, 'path': '/root/Code/duan/Topic/topic_2_ws/src/demo_python_topic', 'symlink_install': False, 'test_result_base': None}
[6.820s] INFO:colcon.colcon_core.executor:Executing jobs using 'parallel' executor
[6.827s] DEBUG:colcon.colcon_parallel_executor.executor.parallel:run_until_complete
[6.827s] INFO:colcon.colcon_ros.task.ament_python.build:Building ROS package in '/root/Code/duan/Topic/topic_2_ws/src/demo_python_topic' with build type 'ament_python'
[6.827s] Level 1:colcon.colcon_core.shell:create_environment_hook('demo_python_topic', 'ament_prefix_path')
[6.859s] INFO:colcon.colcon_core.plugin_system:Skipping extension 'colcon_core.shell.bat': Not used on non-Windows systems
[6.859s] INFO:colcon.colcon_core.shell:Creating environment hook '/root/Code/duan/Topic/topic_2_ws/install/demo_python_topic/share/demo_python_topic/hook/ament_prefix_path.ps1'
[6.864s] INFO:colcon.colcon_core.shell:Creating environment descriptor '/root/Code/duan/Topic/topic_2_ws/install/demo_python_topic/share/demo_python_topic/hook/ament_prefix_path.dsv'
[6.865s] INFO:colcon.colcon_core.shell:Creating environment hook '/root/Code/duan/Topic/topic_2_ws/install/demo_python_topic/share/demo_python_topic/hook/ament_prefix_path.sh'
[6.867s] INFO:colcon.colcon_core.shell:Skip shell extension 'powershell' for command environment: Not usable outside of PowerShell
[6.867s] DEBUG:colcon.colcon_core.shell:Skip shell extension 'dsv' for command environment
[13.513s] INFO:colcon.colcon_core.task.python.build:Building Python package in '/root/Code/duan/Topic/topic_2_ws/src/demo_python_topic'
[13.517s] INFO:colcon.colcon_core.shell:Skip shell extension 'powershell' for command environment: Not usable outside of PowerShell
[13.517s] DEBUG:colcon.colcon_core.shell:Skip shell extension 'dsv' for command environment
[36.683s] DEBUG:colcon.colcon_core.event_handler.log_command:Invoking command in '/root/Code/duan/Topic/topic_2_ws/src/demo_python_topic': HISTTIMEFORMAT=%F %T root PYTHONPATH=/root/Code/duan/Topic/topic_2_ws/build/demo_python_topic/prefix_override:/usr/lib/python3/dist-packages/colcon_core/task/python/colcon_distutils_commands:/root/Code/duan/Topic/topic_2_ws/install/demo_python_topic/lib/python3.10/site-packages:${PYTHONPATH} /usr/bin/python3 -W ignore:setup.py install is deprecated -W ignore:easy_install command is deprecated setup.py egg_info --egg-base ../../build/demo_python_topic build --build-base /root/Code/duan/Topic/topic_2_ws/build/demo_python_topic/build install --record /root/Code/duan/Topic/topic_2_ws/build/demo_python_topic/install.log --single-version-externally-managed install_data
[44.592s] DEBUG:colcon.colcon_core.event_handler.log_command:Invoked command in '/root/Code/duan/Topic/topic_2_ws/src/demo_python_topic' returned '0': HISTTIMEFORMAT=%F %T root PYTHONPATH=/root/Code/duan/Topic/topic_2_ws/build/demo_python_topic/prefix_override:/usr/lib/python3/dist-packages/colcon_core/task/python/colcon_distutils_commands:/root/Code/duan/Topic/topic_2_ws/install/demo_python_topic/lib/python3.10/site-packages:${PYTHONPATH} /usr/bin/python3 -W ignore:setup.py install is deprecated -W ignore:easy_install command is deprecated setup.py egg_info --egg-base ../../build/demo_python_topic build --build-base /root/Code/duan/Topic/topic_2_ws/build/demo_python_topic/build install --record /root/Code/duan/Topic/topic_2_ws/build/demo_python_topic/install.log --single-version-externally-managed install_data
[44.610s] Level 1:colcon.colcon_core.environment:checking '/root/Code/duan/Topic/topic_2_ws/install/demo_python_topic' for CMake module files
[44.613s] Level 1:colcon.colcon_core.environment:checking '/root/Code/duan/Topic/topic_2_ws/install/demo_python_topic' for CMake config files
[44.616s] Level 1:colcon.colcon_core.environment:checking '/root/Code/duan/Topic/topic_2_ws/install/demo_python_topic/lib'
[44.616s] Level 1:colcon.colcon_core.environment:checking '/root/Code/duan/Topic/topic_2_ws/install/demo_python_topic/bin'
[44.616s] Level 1:colcon.colcon_core.environment:checking '/root/Code/duan/Topic/topic_2_ws/install/demo_python_topic/lib/pkgconfig/demo_python_topic.pc'
[44.616s] Level 1:colcon.colcon_core.environment:checking '/root/Code/duan/Topic/topic_2_ws/install/demo_python_topic/lib/python3.10/site-packages'
[44.616s] Level 1:colcon.colcon_core.shell:create_environment_hook('demo_python_topic', 'pythonpath')
[44.617s] INFO:colcon.colcon_core.shell:Creating environment hook '/root/Code/duan/Topic/topic_2_ws/install/demo_python_topic/share/demo_python_topic/hook/pythonpath.ps1'
[44.619s] INFO:colcon.colcon_core.shell:Creating environment descriptor '/root/Code/duan/Topic/topic_2_ws/install/demo_python_topic/share/demo_python_topic/hook/pythonpath.dsv'
[44.621s] INFO:colcon.colcon_core.shell:Creating environment hook '/root/Code/duan/Topic/topic_2_ws/install/demo_python_topic/share/demo_python_topic/hook/pythonpath.sh'
[44.622s] Level 1:colcon.colcon_core.environment:checking '/root/Code/duan/Topic/topic_2_ws/install/demo_python_topic/bin'
[44.622s] Level 1:colcon.colcon_core.environment:create_environment_scripts_only(demo_python_topic)
[44.622s] INFO:colcon.colcon_core.shell:Creating package script '/root/Code/duan/Topic/topic_2_ws/install/demo_python_topic/share/demo_python_topic/package.ps1'
[44.624s] INFO:colcon.colcon_core.shell:Creating package descriptor '/root/Code/duan/Topic/topic_2_ws/install/demo_python_topic/share/demo_python_topic/package.dsv'
[44.625s] INFO:colcon.colcon_core.shell:Creating package script '/root/Code/duan/Topic/topic_2_ws/install/demo_python_topic/share/demo_python_topic/package.sh'
[44.626s] INFO:colcon.colcon_core.shell:Creating package script '/root/Code/duan/Topic/topic_2_ws/install/demo_python_topic/share/demo_python_topic/package.bash'
[44.628s] INFO:colcon.colcon_core.shell:Creating package script '/root/Code/duan/Topic/topic_2_ws/install/demo_python_topic/share/demo_python_topic/package.zsh'
[44.634s] Level 1:colcon.colcon_core.environment:create_file_with_runtime_dependencies(/root/Code/duan/Topic/topic_2_ws/install/demo_python_topic/share/colcon-core/packages/demo_python_topic)
[44.635s] DEBUG:colcon.colcon_parallel_executor.executor.parallel:closing loop
[44.635s] DEBUG:colcon.colcon_parallel_executor.executor.parallel:loop closed
[44.635s] DEBUG:colcon.colcon_parallel_executor.executor.parallel:run_until_complete finished with '0'
[44.635s] DEBUG:colcon.colcon_core.event_reactor:joining thread
[44.713s] INFO:colcon.colcon_core.plugin_system:Skipping extension 'colcon_notification.desktop_notification.terminal_notifier': Not used on non-Darwin systems
[44.713s] INFO:colcon.colcon_core.plugin_system:Skipping extension 'colcon_notification.desktop_notification.win32': Not used on non-Windows systems
[44.713s] INFO:colcon.colcon_notification.desktop_notification:Sending desktop notification using 'notify2'
[44.744s] DEBUG:colcon.colcon_notification.desktop_notification.notify2:Failed to initialize notify2: org.freedesktop.DBus.Error.ServiceUnknown: The name org.freedesktop.Notifications was not provided by any .service files
[44.745s] DEBUG:colcon.colcon_core.event_reactor:joined thread
[44.745s] INFO:colcon.colcon_core.shell:Creating prefix script '/root/Code/duan/Topic/topic_2_ws/install/local_setup.ps1'
[44.756s] INFO:colcon.colcon_core.shell:Creating prefix util module '/root/Code/duan/Topic/topic_2_ws/install/_local_setup_util_ps1.py'
[44.764s] INFO:colcon.colcon_core.shell:Creating prefix chain script '/root/Code/duan/Topic/topic_2_ws/install/setup.ps1'
[44.770s] INFO:colcon.colcon_core.shell:Creating prefix script '/root/Code/duan/Topic/topic_2_ws/install/local_setup.sh'
[44.771s] INFO:colcon.colcon_core.shell:Creating prefix util module '/root/Code/duan/Topic/topic_2_ws/install/_local_setup_util_sh.py'
[44.771s] INFO:colcon.colcon_core.shell:Creating prefix chain script '/root/Code/duan/Topic/topic_2_ws/install/setup.sh'
[44.773s] INFO:colcon.colcon_core.shell:Creating prefix script '/root/Code/duan/Topic/topic_2_ws/install/local_setup.bash'
[44.776s] INFO:colcon.colcon_core.shell:Creating prefix chain script '/root/Code/duan/Topic/topic_2_ws/install/setup.bash'
[44.777s] INFO:colcon.colcon_core.shell:Creating prefix script '/root/Code/duan/Topic/topic_2_ws/install/local_setup.zsh'
[44.779s] INFO:colcon.colcon_core.shell:Creating prefix chain script '/root/Code/duan/Topic/topic_2_ws/install/setup.zsh'
