[0.911s] Invoking command in '/root/Code/duan/Topic/topic_2_ws/src/demo_python_topic': HISTTIMEFORMAT=%F %T root PYTHONPATH=/root/Code/duan/Topic/topic_2_ws/build/demo_python_topic/prefix_override:/usr/lib/python3/dist-packages/colcon_core/task/python/colcon_distutils_commands:/root/Code/duan/Topic/topic_2_ws/install/demo_python_topic/lib/python3.10/site-packages:${PYTHONPATH} /usr/bin/python3 -W ignore:setup.py install is deprecated -W ignore:easy_install command is deprecated setup.py egg_info --egg-base ../../build/demo_python_topic build --build-base /root/Code/duan/Topic/topic_2_ws/build/demo_python_topic/build install --record /root/Code/duan/Topic/topic_2_ws/build/demo_python_topic/install.log --single-version-externally-managed install_data
[1.135s] running egg_info
[1.135s] writing ../../build/demo_python_topic/demo_python_topic.egg-info/PKG-INFO
[1.135s] writing dependency_links to ../../build/demo_python_topic/demo_python_topic.egg-info/dependency_links.txt
[1.136s] writing entry points to ../../build/demo_python_topic/demo_python_topic.egg-info/entry_points.txt
[1.136s] writing requirements to ../../build/demo_python_topic/demo_python_topic.egg-info/requires.txt
[1.136s] writing top-level names to ../../build/demo_python_topic/demo_python_topic.egg-info/top_level.txt
[1.138s] reading manifest file '../../build/demo_python_topic/demo_python_topic.egg-info/SOURCES.txt'
[1.138s] adding license file 'LICENSE'
[1.139s] writing manifest file '../../build/demo_python_topic/demo_python_topic.egg-info/SOURCES.txt'
[1.139s] running build
[1.139s] running build_py
[1.140s] copying demo_python_topic/novel_sub_node.py -> /root/Code/duan/Topic/topic_2_ws/build/demo_python_topic/build/lib/demo_python_topic
[1.140s] running install
[1.140s] running install_lib
[1.141s] copying /root/Code/duan/Topic/topic_2_ws/build/demo_python_topic/build/lib/demo_python_topic/novel_sub_node.py -> /root/Code/duan/Topic/topic_2_ws/install/demo_python_topic/lib/python3.10/site-packages/demo_python_topic
[1.141s] byte-compiling /root/Code/duan/Topic/topic_2_ws/install/demo_python_topic/lib/python3.10/site-packages/demo_python_topic/novel_sub_node.py to novel_sub_node.cpython-310.pyc
[1.142s] running install_data
[1.142s] running install_egg_info
[1.144s] removing '/root/Code/duan/Topic/topic_2_ws/install/demo_python_topic/lib/python3.10/site-packages/demo_python_topic-0.0.0-py3.10.egg-info' (and everything under it)
[1.145s] Copying ../../build/demo_python_topic/demo_python_topic.egg-info to /root/Code/duan/Topic/topic_2_ws/install/demo_python_topic/lib/python3.10/site-packages/demo_python_topic-0.0.0-py3.10.egg-info
[1.146s] running install_scripts
[1.164s] Installing novel_sub_node script to /root/Code/duan/Topic/topic_2_ws/install/demo_python_topic/lib/demo_python_topic
[1.164s] writing list of installed files to '/root/Code/duan/Topic/topic_2_ws/build/demo_python_topic/install.log'
[1.183s] Invoked command in '/root/Code/duan/Topic/topic_2_ws/src/demo_python_topic' returned '0': HISTTIMEFORMAT=%F %T root PYTHONPATH=/root/Code/duan/Topic/topic_2_ws/build/demo_python_topic/prefix_override:/usr/lib/python3/dist-packages/colcon_core/task/python/colcon_distutils_commands:/root/Code/duan/Topic/topic_2_ws/install/demo_python_topic/lib/python3.10/site-packages:${PYTHONPATH} /usr/bin/python3 -W ignore:setup.py install is deprecated -W ignore:easy_install command is deprecated setup.py egg_info --egg-base ../../build/demo_python_topic build --build-base /root/Code/duan/Topic/topic_2_ws/build/demo_python_topic/build install --record /root/Code/duan/Topic/topic_2_ws/build/demo_python_topic/install.log --single-version-externally-managed install_data
