running egg_info
creating ../../build/demo_python_topic/demo_python_topic.egg-info
writing ../../build/demo_python_topic/demo_python_topic.egg-info/PKG-INFO
writing dependency_links to ../../build/demo_python_topic/demo_python_topic.egg-info/dependency_links.txt
writing entry points to ../../build/demo_python_topic/demo_python_topic.egg-info/entry_points.txt
writing requirements to ../../build/demo_python_topic/demo_python_topic.egg-info/requires.txt
writing top-level names to ../../build/demo_python_topic/demo_python_topic.egg-info/top_level.txt
writing manifest file '../../build/demo_python_topic/demo_python_topic.egg-info/SOURCES.txt'
reading manifest file '../../build/demo_python_topic/demo_python_topic.egg-info/SOURCES.txt'
adding license file 'LICENSE'
writing manifest file '../../build/demo_python_topic/demo_python_topic.egg-info/SOURCES.txt'
running build
running build_py
creating /root/Code/duan/Topic/topic_2_ws/build/demo_python_topic/build
creating /root/Code/duan/Topic/topic_2_ws/build/demo_python_topic/build/lib
creating /root/Code/duan/Topic/topic_2_ws/build/demo_python_topic/build/lib/demo_python_topic
copying demo_python_topic/novel_sub_node.py -> /root/Code/duan/Topic/topic_2_ws/build/demo_python_topic/build/lib/demo_python_topic
copying demo_python_topic/__init__.py -> /root/Code/duan/Topic/topic_2_ws/build/demo_python_topic/build/lib/demo_python_topic
running install
running install_lib
creating /root/Code/duan/Topic/topic_2_ws/install/demo_python_topic/lib/python3.10/site-packages/demo_python_topic
copying /root/Code/duan/Topic/topic_2_ws/build/demo_python_topic/build/lib/demo_python_topic/novel_sub_node.py -> /root/Code/duan/Topic/topic_2_ws/install/demo_python_topic/lib/python3.10/site-packages/demo_python_topic
copying /root/Code/duan/Topic/topic_2_ws/build/demo_python_topic/build/lib/demo_python_topic/__init__.py -> /root/Code/duan/Topic/topic_2_ws/install/demo_python_topic/lib/python3.10/site-packages/demo_python_topic
byte-compiling /root/Code/duan/Topic/topic_2_ws/install/demo_python_topic/lib/python3.10/site-packages/demo_python_topic/novel_sub_node.py to novel_sub_node.cpython-310.pyc
byte-compiling /root/Code/duan/Topic/topic_2_ws/install/demo_python_topic/lib/python3.10/site-packages/demo_python_topic/__init__.py to __init__.cpython-310.pyc
running install_data
creating /root/Code/duan/Topic/topic_2_ws/install/demo_python_topic/share/ament_index
creating /root/Code/duan/Topic/topic_2_ws/install/demo_python_topic/share/ament_index/resource_index
creating /root/Code/duan/Topic/topic_2_ws/install/demo_python_topic/share/ament_index/resource_index/packages
copying resource/demo_python_topic -> /root/Code/duan/Topic/topic_2_ws/install/demo_python_topic/share/ament_index/resource_index/packages
copying package.xml -> /root/Code/duan/Topic/topic_2_ws/install/demo_python_topic/share/demo_python_topic
running install_egg_info
Copying ../../build/demo_python_topic/demo_python_topic.egg-info to /root/Code/duan/Topic/topic_2_ws/install/demo_python_topic/lib/python3.10/site-packages/demo_python_topic-0.0.0-py3.10.egg-info
running install_scripts
Installing novel_sub_node script to /root/Code/duan/Topic/topic_2_ws/install/demo_python_topic/lib/demo_python_topic
writing list of installed files to '/root/Code/duan/Topic/topic_2_ws/build/demo_python_topic/install.log'
