[1.244s] Invoking command in '/root/Code/duan/Topic/topic_2_ws/src/demo_python_topic': HISTTIMEFORMAT=%F %T root PYTHONPATH=/root/Code/duan/Topic/topic_2_ws/build/demo_python_topic/prefix_override:/usr/lib/python3/dist-packages/colcon_core/task/python/colcon_distutils_commands:/root/Code/duan/Topic/topic_2_ws/install/demo_python_topic/lib/python3.10/site-packages:${PYTHONPATH} /usr/bin/python3 -W ignore:setup.py install is deprecated -W ignore:easy_install command is deprecated setup.py egg_info --egg-base ../../build/demo_python_topic build --build-base /root/Code/duan/Topic/topic_2_ws/build/demo_python_topic/build install --record /root/Code/duan/Topic/topic_2_ws/build/demo_python_topic/install.log --single-version-externally-managed install_data
[1.479s] running egg_info
[1.480s] creating ../../build/demo_python_topic/demo_python_topic.egg-info
[1.480s] writing ../../build/demo_python_topic/demo_python_topic.egg-info/PKG-INFO
[1.480s] writing dependency_links to ../../build/demo_python_topic/demo_python_topic.egg-info/dependency_links.txt
[1.481s] writing entry points to ../../build/demo_python_topic/demo_python_topic.egg-info/entry_points.txt
[1.481s] writing requirements to ../../build/demo_python_topic/demo_python_topic.egg-info/requires.txt
[1.481s] writing top-level names to ../../build/demo_python_topic/demo_python_topic.egg-info/top_level.txt
[1.481s] writing manifest file '../../build/demo_python_topic/demo_python_topic.egg-info/SOURCES.txt'
[1.482s] reading manifest file '../../build/demo_python_topic/demo_python_topic.egg-info/SOURCES.txt'
[1.482s] adding license file 'LICENSE'
[1.483s] writing manifest file '../../build/demo_python_topic/demo_python_topic.egg-info/SOURCES.txt'
[1.483s] running build
[1.483s] running build_py
[1.484s] creating /root/Code/duan/Topic/topic_2_ws/build/demo_python_topic/build
[1.484s] creating /root/Code/duan/Topic/topic_2_ws/build/demo_python_topic/build/lib
[1.484s] creating /root/Code/duan/Topic/topic_2_ws/build/demo_python_topic/build/lib/demo_python_topic
[1.484s] copying demo_python_topic/novel_sub_node.py -> /root/Code/duan/Topic/topic_2_ws/build/demo_python_topic/build/lib/demo_python_topic
[1.484s] copying demo_python_topic/__init__.py -> /root/Code/duan/Topic/topic_2_ws/build/demo_python_topic/build/lib/demo_python_topic
[1.484s] running install
[1.485s] running install_lib
[1.485s] creating /root/Code/duan/Topic/topic_2_ws/install/demo_python_topic/lib/python3.10/site-packages/demo_python_topic
[1.486s] copying /root/Code/duan/Topic/topic_2_ws/build/demo_python_topic/build/lib/demo_python_topic/novel_sub_node.py -> /root/Code/duan/Topic/topic_2_ws/install/demo_python_topic/lib/python3.10/site-packages/demo_python_topic
[1.486s] copying /root/Code/duan/Topic/topic_2_ws/build/demo_python_topic/build/lib/demo_python_topic/__init__.py -> /root/Code/duan/Topic/topic_2_ws/install/demo_python_topic/lib/python3.10/site-packages/demo_python_topic
[1.487s] byte-compiling /root/Code/duan/Topic/topic_2_ws/install/demo_python_topic/lib/python3.10/site-packages/demo_python_topic/novel_sub_node.py to novel_sub_node.cpython-310.pyc
[1.487s] byte-compiling /root/Code/duan/Topic/topic_2_ws/install/demo_python_topic/lib/python3.10/site-packages/demo_python_topic/__init__.py to __init__.cpython-310.pyc
[1.487s] running install_data
[1.487s] creating /root/Code/duan/Topic/topic_2_ws/install/demo_python_topic/share/ament_index
[1.487s] creating /root/Code/duan/Topic/topic_2_ws/install/demo_python_topic/share/ament_index/resource_index
[1.488s] creating /root/Code/duan/Topic/topic_2_ws/install/demo_python_topic/share/ament_index/resource_index/packages
[1.488s] copying resource/demo_python_topic -> /root/Code/duan/Topic/topic_2_ws/install/demo_python_topic/share/ament_index/resource_index/packages
[1.488s] copying package.xml -> /root/Code/duan/Topic/topic_2_ws/install/demo_python_topic/share/demo_python_topic
[1.488s] running install_egg_info
[1.490s] Copying ../../build/demo_python_topic/demo_python_topic.egg-info to /root/Code/duan/Topic/topic_2_ws/install/demo_python_topic/lib/python3.10/site-packages/demo_python_topic-0.0.0-py3.10.egg-info
[1.491s] running install_scripts
[1.510s] Installing novel_sub_node script to /root/Code/duan/Topic/topic_2_ws/install/demo_python_topic/lib/demo_python_topic
[1.511s] writing list of installed files to '/root/Code/duan/Topic/topic_2_ws/build/demo_python_topic/install.log'
[1.539s] Invoked command in '/root/Code/duan/Topic/topic_2_ws/src/demo_python_topic' returned '0': HISTTIMEFORMAT=%F %T root PYTHONPATH=/root/Code/duan/Topic/topic_2_ws/build/demo_python_topic/prefix_override:/usr/lib/python3/dist-packages/colcon_core/task/python/colcon_distutils_commands:/root/Code/duan/Topic/topic_2_ws/install/demo_python_topic/lib/python3.10/site-packages:${PYTHONPATH} /usr/bin/python3 -W ignore:setup.py install is deprecated -W ignore:easy_install command is deprecated setup.py egg_info --egg-base ../../build/demo_python_topic build --build-base /root/Code/duan/Topic/topic_2_ws/build/demo_python_topic/build install --record /root/Code/duan/Topic/topic_2_ws/build/demo_python_topic/install.log --single-version-externally-managed install_data
