[0.015s] Invoking command in '/home/duan/Code/Duan-Ros2/duan-src/duan_ws/build/duanbot_navigation2': CMAKE_PREFIX_PATH=${CMAKE_PREFIX_PATH}:/opt/ros/humble /usr/bin/cmake /home/duan/Code/Duan-Ros2/duan-src/duan_ws/src/duanbot_navigation2 -DCMAKE_INSTALL_PREFIX=/home/duan/Code/Duan-Ros2/duan-src/duan_ws/install/duanbot_navigation2
[0.079s] -- The C compiler identification is GNU 11.4.0
[0.137s] -- The CXX compiler identification is GNU 11.4.0
[0.144s] -- Detecting C compiler ABI info
[0.210s] -- Detecting C compiler ABI info - done
[0.218s] -- Check for working C compiler: /usr/bin/cc - skipped
[0.218s] -- Detecting C compile features
[0.218s] -- Detecting C compile features - done
[0.222s] -- Detecting CXX compiler ABI info
[0.294s] -- Detecting CXX compiler ABI info - done
[0.298s] -- Check for working CXX compiler: /usr/bin/c++ - skipped
[0.298s] -- Detecting CXX compile features
[0.298s] -- Detecting CXX compile features - done
[0.300s] -- Found ament_cmake: 1.3.11 (/opt/ros/humble/share/ament_cmake/cmake)
[0.431s] -- Found Python3: /usr/bin/python3 (found version "3.10.12") found components: Interpreter 
[0.517s] -- Found ament_lint_auto: 0.12.12 (/opt/ros/humble/share/ament_lint_auto/cmake)
[0.589s] -- Added test 'flake8' to check Python code syntax and style conventions
[0.590s] -- Added test 'lint_cmake' to check CMake code style
[0.590s] -- Added test 'pep257' to check Python code against some of the docstring style conventions in PEP 257
[0.591s] -- Added test 'xmllint' to check XML markup files
[0.592s] -- Configuring done
[0.597s] -- Generating done
[0.597s] -- Build files have been written to: /home/duan/Code/Duan-Ros2/duan-src/duan_ws/build/duanbot_navigation2
[0.600s] Invoked command in '/home/duan/Code/Duan-Ros2/duan-src/duan_ws/build/duanbot_navigation2' returned '0': CMAKE_PREFIX_PATH=${CMAKE_PREFIX_PATH}:/opt/ros/humble /usr/bin/cmake /home/duan/Code/Duan-Ros2/duan-src/duan_ws/src/duanbot_navigation2 -DCMAKE_INSTALL_PREFIX=/home/duan/Code/Duan-Ros2/duan-src/duan_ws/install/duanbot_navigation2
[0.601s] Invoking command in '/home/duan/Code/Duan-Ros2/duan-src/duan_ws/build/duanbot_navigation2': CMAKE_PREFIX_PATH=${CMAKE_PREFIX_PATH}:/opt/ros/humble /usr/bin/cmake --build /home/duan/Code/Duan-Ros2/duan-src/duan_ws/build/duanbot_navigation2 -- -j8 -l8
[0.641s] Invoked command in '/home/duan/Code/Duan-Ros2/duan-src/duan_ws/build/duanbot_navigation2' returned '0': CMAKE_PREFIX_PATH=${CMAKE_PREFIX_PATH}:/opt/ros/humble /usr/bin/cmake --build /home/duan/Code/Duan-Ros2/duan-src/duan_ws/build/duanbot_navigation2 -- -j8 -l8
[0.646s] Invoking command in '/home/duan/Code/Duan-Ros2/duan-src/duan_ws/build/duanbot_navigation2': CMAKE_PREFIX_PATH=${CMAKE_PREFIX_PATH}:/opt/ros/humble /usr/bin/cmake --install /home/duan/Code/Duan-Ros2/duan-src/duan_ws/build/duanbot_navigation2
[0.650s] -- Install configuration: ""
[0.650s] -- Installing: /home/duan/Code/Duan-Ros2/duan-src/duan_ws/install/duanbot_navigation2/share/duanbot_navigation2/launch
[0.650s] -- Installing: /home/duan/Code/Duan-Ros2/duan-src/duan_ws/install/duanbot_navigation2/share/duanbot_navigation2/launch/navigation2.launch.py
[0.650s] -- Installing: /home/duan/Code/Duan-Ros2/duan-src/duan_ws/install/duanbot_navigation2/share/duanbot_navigation2/config
[0.650s] -- Installing: /home/duan/Code/Duan-Ros2/duan-src/duan_ws/install/duanbot_navigation2/share/duanbot_navigation2/config/nav2_params.yaml
[0.651s] [31mCMake Error at cmake_install.cmake:46 (file):
[0.651s]   file INSTALL cannot find
[0.651s]   "/home/duan/Code/Duan-Ros2/duan-src/duan_ws/src/duanbot_navigation2/map":
[0.651s]   No such file or directory.
[0.651s] 
[0.651s] [0m
[0.662s] Invoked command in '/home/duan/Code/Duan-Ros2/duan-src/duan_ws/build/duanbot_navigation2' returned '1': CMAKE_PREFIX_PATH=${CMAKE_PREFIX_PATH}:/opt/ros/humble /usr/bin/cmake --install /home/duan/Code/Duan-Ros2/duan-src/duan_ws/build/duanbot_navigation2
