[0.009s] Invoking command in '/home/duan/Code/Duan-Ros2/Topic/topic_ws/build/demo_cpp_topic': CMAKE_PREFIX_PATH=${CMAKE_PREFIX_PATH}:/opt/ros/humble /usr/bin/cmake --build /home/duan/Code/Duan-Ros2/Topic/topic_ws/build/demo_cpp_topic -- -j8 -l8
[0.077s] [ 50%] [32mBuilding CXX object CMakeFiles/novel_pub_node.dir/src/novel_pub_node.cc.o[0m
[7.299s] [100%] [32m[1mLinking CXX executable novel_pub_node[0m
[7.593s] [100%] Built target novel_pub_node
[7.609s] Invoked command in '/home/duan/Code/Duan-Ros2/Topic/topic_ws/build/demo_cpp_topic' returned '0': CMAKE_PREFIX_PATH=${CMAKE_PREFIX_PATH}:/opt/ros/humble /usr/bin/cmake --build /home/duan/Code/Duan-Ros2/Topic/topic_ws/build/demo_cpp_topic -- -j8 -l8
[7.617s] Invoking command in '/home/duan/Code/Duan-Ros2/Topic/topic_ws/build/demo_cpp_topic': CMAKE_PREFIX_PATH=${CMAKE_PREFIX_PATH}:/opt/ros/humble /usr/bin/cmake --install /home/duan/Code/Duan-Ros2/Topic/topic_ws/build/demo_cpp_topic
[7.629s] -- Install configuration: ""
[7.629s] -- Installing: /home/duan/Code/Duan-Ros2/Topic/topic_ws/install/demo_cpp_topic/lib/demo_cpp_topic/novel_pub_node
[7.634s] -- Set runtime path of "/home/duan/Code/Duan-Ros2/Topic/topic_ws/install/demo_cpp_topic/lib/demo_cpp_topic/novel_pub_node" to ""
[7.634s] -- Up-to-date: /home/duan/Code/Duan-Ros2/Topic/topic_ws/install/demo_cpp_topic/share/ament_index/resource_index/package_run_dependencies/demo_cpp_topic
[7.635s] -- Up-to-date: /home/duan/Code/Duan-Ros2/Topic/topic_ws/install/demo_cpp_topic/share/ament_index/resource_index/parent_prefix_path/demo_cpp_topic
[7.635s] -- Up-to-date: /home/duan/Code/Duan-Ros2/Topic/topic_ws/install/demo_cpp_topic/share/demo_cpp_topic/environment/ament_prefix_path.sh
[7.635s] -- Up-to-date: /home/duan/Code/Duan-Ros2/Topic/topic_ws/install/demo_cpp_topic/share/demo_cpp_topic/environment/ament_prefix_path.dsv
[7.635s] -- Up-to-date: /home/duan/Code/Duan-Ros2/Topic/topic_ws/install/demo_cpp_topic/share/demo_cpp_topic/environment/path.sh
[7.635s] -- Up-to-date: /home/duan/Code/Duan-Ros2/Topic/topic_ws/install/demo_cpp_topic/share/demo_cpp_topic/environment/path.dsv
[7.635s] -- Up-to-date: /home/duan/Code/Duan-Ros2/Topic/topic_ws/install/demo_cpp_topic/share/demo_cpp_topic/local_setup.bash
[7.635s] -- Up-to-date: /home/duan/Code/Duan-Ros2/Topic/topic_ws/install/demo_cpp_topic/share/demo_cpp_topic/local_setup.sh
[7.635s] -- Up-to-date: /home/duan/Code/Duan-Ros2/Topic/topic_ws/install/demo_cpp_topic/share/demo_cpp_topic/local_setup.zsh
[7.636s] -- Up-to-date: /home/duan/Code/Duan-Ros2/Topic/topic_ws/install/demo_cpp_topic/share/demo_cpp_topic/local_setup.dsv
[7.636s] -- Installing: /home/duan/Code/Duan-Ros2/Topic/topic_ws/install/demo_cpp_topic/share/demo_cpp_topic/package.dsv
[7.636s] -- Up-to-date: /home/duan/Code/Duan-Ros2/Topic/topic_ws/install/demo_cpp_topic/share/ament_index/resource_index/packages/demo_cpp_topic
[7.639s] -- Up-to-date: /home/duan/Code/Duan-Ros2/Topic/topic_ws/install/demo_cpp_topic/share/demo_cpp_topic/cmake/demo_cpp_topicConfig.cmake
[7.640s] -- Up-to-date: /home/duan/Code/Duan-Ros2/Topic/topic_ws/install/demo_cpp_topic/share/demo_cpp_topic/cmake/demo_cpp_topicConfig-version.cmake
[7.640s] -- Up-to-date: /home/duan/Code/Duan-Ros2/Topic/topic_ws/install/demo_cpp_topic/share/demo_cpp_topic/package.xml
[7.645s] Invoked command in '/home/duan/Code/Duan-Ros2/Topic/topic_ws/build/demo_cpp_topic' returned '0': CMAKE_PREFIX_PATH=${CMAKE_PREFIX_PATH}:/opt/ros/humble /usr/bin/cmake --install /home/duan/Code/Duan-Ros2/Topic/topic_ws/build/demo_cpp_topic
