-- Found ament_cmake: 1.3.11 (/opt/ros/humble/share/ament_cmake/cmake)
-- Found rclcpp: 16.0.12 (/opt/ros/humble/share/rclcpp/cmake)
-- Found rosidl_generator_c: 3.1.6 (/opt/ros/humble/share/rosidl_generator_c/cmake)
-- Found rosidl_adapter: 3.1.6 (/opt/ros/humble/share/rosidl_adapter/cmake)
-- Found rosidl_generator_cpp: 3.1.6 (/opt/ros/humble/share/rosidl_generator_cpp/cmake)
-- Using all available rosidl_typesupport_c: rosidl_typesupport_fastrtps_c;rosidl_typesupport_introspection_c
-- Using all available rosidl_typesupport_cpp: rosidl_typesupport_fastrtps_cpp;rosidl_typesupport_introspection_cpp
-- Found rmw_implementation_cmake: 6.1.2 (/opt/ros/humble/share/rmw_implementation_cmake/cmake)
-- Found rmw_fastrtps_cpp: 6.2.7 (/opt/ros/humble/share/rmw_fastrtps_cpp/cmake)
-- Using RMW implementation 'rmw_fastrtps_cpp' as default
-- Found example_interfaces: 0.9.3 (/opt/ros/humble/share/example_interfaces/cmake)
[31mCMake Error at CMakeLists.txt:13 (find_package):
  By not providing "Findcpp-httplib.cmake" in CMAKE_MODULE_PATH this project
  has asked CMake to find a package configuration file provided by
  "cpp-httplib", but CMake did not find one.

  Could not find a package configuration file provided by "cpp-httplib" with
  any of the following names:

    cpp-httplibConfig.cmake
    cpp-httplib-config.cmake

  Add the installation prefix of "cpp-httplib" to CMAKE_PREFIX_PATH or set
  "cpp-httplib_DIR" to a directory containing one of the above files.  If
  "cpp-httplib" provides a separate development package or SDK, be sure it
  has been installed.

[0m
-- Configuring incomplete, errors occurred!
See also "/root/Code/duan/Topic/topic_ws/build/demo_cpp_topic/CMakeFiles/CMakeOutput.log".
gmake: *** [Makefile:267: cmake_check_build_system] Error 1
