[0.005s] Invoking command in '/root/Code/duan/Topic/topic_ws/build/demo_cpp_topic': CMAKE_PREFIX_PATH=/opt/ros/humble HISTTIMEFORMAT=%F %T root /usr/bin/cmake --build /root/Code/duan/Topic/topic_ws/build/demo_cpp_topic -- -j2 -l2
[0.029s] -- Found ament_cmake: 1.3.11 (/opt/ros/humble/share/ament_cmake/cmake)
[0.151s] -- Found rclcpp: 16.0.12 (/opt/ros/humble/share/rclcpp/cmake)
[0.178s] -- Found rosidl_generator_c: 3.1.6 (/opt/ros/humble/share/rosidl_generator_c/cmake)
[0.181s] -- Found rosidl_adapter: 3.1.6 (/opt/ros/humble/share/rosidl_adapter/cmake)
[0.186s] -- Found rosidl_generator_cpp: 3.1.6 (/opt/ros/humble/share/rosidl_generator_cpp/cmake)
[0.196s] -- Using all available rosidl_typesupport_c: rosidl_typesupport_fastrtps_c;rosidl_typesupport_introspection_c
[0.208s] -- Using all available rosidl_typesupport_cpp: rosidl_typesupport_fastrtps_cpp;rosidl_typesupport_introspection_cpp
[0.239s] -- Found rmw_implementation_cmake: 6.1.2 (/opt/ros/humble/share/rmw_implementation_cmake/cmake)
[0.240s] -- Found rmw_fastrtps_cpp: 6.2.7 (/opt/ros/humble/share/rmw_fastrtps_cpp/cmake)
[0.348s] -- Using RMW implementation 'rmw_fastrtps_cpp' as default
[0.398s] -- Found example_interfaces: 0.9.3 (/opt/ros/humble/share/example_interfaces/cmake)
[0.445s] [31mCMake Error at CMakeLists.txt:13 (find_package):
[0.445s]   By not providing "Findcpp-httplib.cmake" in CMAKE_MODULE_PATH this project
[0.445s]   has asked CMake to find a package configuration file provided by
[0.445s]   "cpp-httplib", but CMake did not find one.
[0.445s] 
[0.445s]   Could not find a package configuration file provided by "cpp-httplib" with
[0.445s]   any of the following names:
[0.446s] 
[0.446s]     cpp-httplibConfig.cmake
[0.446s]     cpp-httplib-config.cmake
[0.446s] 
[0.446s]   Add the installation prefix of "cpp-httplib" to CMAKE_PREFIX_PATH or set
[0.446s]   "cpp-httplib_DIR" to a directory containing one of the above files.  If
[0.446s]   "cpp-httplib" provides a separate development package or SDK, be sure it
[0.447s]   has been installed.
[0.447s] 
[0.447s] [0m
[0.447s] -- Configuring incomplete, errors occurred!
[0.447s] See also "/root/Code/duan/Topic/topic_ws/build/demo_cpp_topic/CMakeFiles/CMakeOutput.log".
[0.452s] gmake: *** [Makefile:267: cmake_check_build_system] Error 1
[0.454s] Invoked command in '/root/Code/duan/Topic/topic_ws/build/demo_cpp_topic' returned '2': CMAKE_PREFIX_PATH=/opt/ros/humble HISTTIMEFORMAT=%F %T root /usr/bin/cmake --build /root/Code/duan/Topic/topic_ws/build/demo_cpp_topic -- -j2 -l2
