[0.081s] DEBUG:colcon:Command line arguments: ['/usr/bin/colcon', 'build']
[0.081s] DEBUG:colcon:Parsed command line arguments: Namespace(log_base=None, log_level=None, verb_name='build', build_base='build', install_base='install', merge_install=False, symlink_install=False, test_result_base=None, continue_on_error=False, executor='parallel', parallel_workers=8, event_handlers=None, ignore_user_meta=False, metas=['./colcon.meta'], base_paths=['.'], packages_ignore=None, packages_ignore_regex=None, paths=None, packages_up_to=None, packages_up_to_regex=None, packages_above=None, packages_above_and_dependencies=None, packages_above_depth=None, packages_select_by_dep=None, packages_skip_by_dep=None, packages_skip_up_to=None, packages_select_build_failed=False, packages_skip_build_finished=False, packages_select_test_failures=False, packages_skip_test_passed=False, packages_select=None, packages_skip=None, packages_select_regex=None, packages_skip_regex=None, packages_start=None, packages_end=None, allow_overriding=[], cmake_args=None, cmake_target=None, cmake_target_skip_unavailable=False, cmake_clean_cache=False, cmake_clean_first=False, cmake_force_configure=False, ament_cmake_args=None, catkin_cmake_args=None, catkin_skip_building_tests=False, verb_parser=<colcon_defaults.argument_parser.defaults.DefaultArgumentsDecorator object at 0x71686902fdf0>, verb_extension=<colcon_core.verb.build.BuildVerb object at 0x7168691e9390>, main=<bound method BuildVerb.main of <colcon_core.verb.build.BuildVerb object at 0x7168691e9390>>)
[0.192s] Level 1:colcon.colcon_core.package_discovery:discover_packages(colcon_meta) check parameters
[0.192s] Level 1:colcon.colcon_core.package_discovery:discover_packages(recursive) check parameters
[0.193s] Level 1:colcon.colcon_core.package_discovery:discover_packages(ignore) check parameters
[0.193s] Level 1:colcon.colcon_core.package_discovery:discover_packages(path) check parameters
[0.193s] Level 1:colcon.colcon_core.package_discovery:discover_packages(colcon_meta) discover
[0.193s] Level 1:colcon.colcon_core.package_discovery:discover_packages(recursive) discover
[0.193s] INFO:colcon.colcon_core.package_discovery:Crawling recursively for packages in '/home/duan/Code/Duan-Ros2/duan-src/duan_ws'
[0.193s] Level 1:colcon.colcon_core.package_identification:_identify(.) by extensions ['ignore', 'ignore_ament_install']
[0.193s] Level 1:colcon.colcon_core.package_identification:_identify(.) by extension 'ignore'
[0.193s] Level 1:colcon.colcon_core.package_identification:_identify(.) by extension 'ignore_ament_install'
[0.193s] Level 1:colcon.colcon_core.package_identification:_identify(.) by extensions ['colcon_pkg']
[0.193s] Level 1:colcon.colcon_core.package_identification:_identify(.) by extension 'colcon_pkg'
[0.193s] Level 1:colcon.colcon_core.package_identification:_identify(.) by extensions ['colcon_meta']
[0.193s] Level 1:colcon.colcon_core.package_identification:_identify(.) by extension 'colcon_meta'
[0.193s] Level 1:colcon.colcon_core.package_identification:_identify(.) by extensions ['ros']
[0.193s] Level 1:colcon.colcon_core.package_identification:_identify(.) by extension 'ros'
[0.202s] Level 1:colcon.colcon_core.package_identification:_identify(.) by extensions ['cmake', 'python']
[0.202s] Level 1:colcon.colcon_core.package_identification:_identify(.) by extension 'cmake'
[0.202s] Level 1:colcon.colcon_core.package_identification:_identify(.) by extension 'python'
[0.202s] Level 1:colcon.colcon_core.package_identification:_identify(.) by extensions ['python_setup_py']
[0.202s] Level 1:colcon.colcon_core.package_identification:_identify(.) by extension 'python_setup_py'
[0.202s] Level 1:colcon.colcon_core.package_identification:_identify(build) by extensions ['ignore', 'ignore_ament_install']
[0.202s] Level 1:colcon.colcon_core.package_identification:_identify(build) by extension 'ignore'
[0.202s] Level 1:colcon.colcon_core.package_identification:_identify(build) ignored
[0.202s] Level 1:colcon.colcon_core.package_identification:_identify(install) by extensions ['ignore', 'ignore_ament_install']
[0.202s] Level 1:colcon.colcon_core.package_identification:_identify(install) by extension 'ignore'
[0.202s] Level 1:colcon.colcon_core.package_identification:_identify(install) ignored
[0.202s] Level 1:colcon.colcon_core.package_identification:_identify(log) by extensions ['ignore', 'ignore_ament_install']
[0.202s] Level 1:colcon.colcon_core.package_identification:_identify(log) by extension 'ignore'
[0.202s] Level 1:colcon.colcon_core.package_identification:_identify(log) ignored
[0.202s] Level 1:colcon.colcon_core.package_identification:_identify(src) by extensions ['ignore', 'ignore_ament_install']
[0.202s] Level 1:colcon.colcon_core.package_identification:_identify(src) by extension 'ignore'
[0.202s] Level 1:colcon.colcon_core.package_identification:_identify(src) by extension 'ignore_ament_install'
[0.202s] Level 1:colcon.colcon_core.package_identification:_identify(src) by extensions ['colcon_pkg']
[0.202s] Level 1:colcon.colcon_core.package_identification:_identify(src) by extension 'colcon_pkg'
[0.202s] Level 1:colcon.colcon_core.package_identification:_identify(src) by extensions ['colcon_meta']
[0.203s] Level 1:colcon.colcon_core.package_identification:_identify(src) by extension 'colcon_meta'
[0.203s] Level 1:colcon.colcon_core.package_identification:_identify(src) by extensions ['ros']
[0.203s] Level 1:colcon.colcon_core.package_identification:_identify(src) by extension 'ros'
[0.203s] Level 1:colcon.colcon_core.package_identification:_identify(src) by extensions ['cmake', 'python']
[0.203s] Level 1:colcon.colcon_core.package_identification:_identify(src) by extension 'cmake'
[0.203s] Level 1:colcon.colcon_core.package_identification:_identify(src) by extension 'python'
[0.203s] Level 1:colcon.colcon_core.package_identification:_identify(src) by extensions ['python_setup_py']
[0.203s] Level 1:colcon.colcon_core.package_identification:_identify(src) by extension 'python_setup_py'
[0.203s] Level 1:colcon.colcon_core.package_identification:_identify(src/duanbot_description) by extensions ['ignore', 'ignore_ament_install']
[0.203s] Level 1:colcon.colcon_core.package_identification:_identify(src/duanbot_description) by extension 'ignore'
[0.203s] Level 1:colcon.colcon_core.package_identification:_identify(src/duanbot_description) by extension 'ignore_ament_install'
[0.203s] Level 1:colcon.colcon_core.package_identification:_identify(src/duanbot_description) by extensions ['colcon_pkg']
[0.203s] Level 1:colcon.colcon_core.package_identification:_identify(src/duanbot_description) by extension 'colcon_pkg'
[0.203s] Level 1:colcon.colcon_core.package_identification:_identify(src/duanbot_description) by extensions ['colcon_meta']
[0.203s] Level 1:colcon.colcon_core.package_identification:_identify(src/duanbot_description) by extension 'colcon_meta'
[0.203s] Level 1:colcon.colcon_core.package_identification:_identify(src/duanbot_description) by extensions ['ros']
[0.203s] Level 1:colcon.colcon_core.package_identification:_identify(src/duanbot_description) by extension 'ros'
[0.205s] DEBUG:colcon.colcon_core.package_identification:Package 'src/duanbot_description' with type 'ros.ament_cmake' and name 'duanbot_description'
[0.205s] Level 1:colcon.colcon_core.package_identification:_identify(src/duanbot_navigation2) by extensions ['ignore', 'ignore_ament_install']
[0.205s] Level 1:colcon.colcon_core.package_identification:_identify(src/duanbot_navigation2) by extension 'ignore'
[0.205s] Level 1:colcon.colcon_core.package_identification:_identify(src/duanbot_navigation2) by extension 'ignore_ament_install'
[0.205s] Level 1:colcon.colcon_core.package_identification:_identify(src/duanbot_navigation2) by extensions ['colcon_pkg']
[0.205s] Level 1:colcon.colcon_core.package_identification:_identify(src/duanbot_navigation2) by extension 'colcon_pkg'
[0.205s] Level 1:colcon.colcon_core.package_identification:_identify(src/duanbot_navigation2) by extensions ['colcon_meta']
[0.205s] Level 1:colcon.colcon_core.package_identification:_identify(src/duanbot_navigation2) by extension 'colcon_meta'
[0.205s] Level 1:colcon.colcon_core.package_identification:_identify(src/duanbot_navigation2) by extensions ['ros']
[0.205s] Level 1:colcon.colcon_core.package_identification:_identify(src/duanbot_navigation2) by extension 'ros'
[0.206s] DEBUG:colcon.colcon_core.package_identification:Package 'src/duanbot_navigation2' with type 'ros.ament_cmake' and name 'duanbot_navigation2'
[0.206s] Level 1:colcon.colcon_core.package_discovery:discover_packages(recursive) using defaults
[0.206s] Level 1:colcon.colcon_core.package_discovery:discover_packages(ignore) discover
[0.206s] Level 1:colcon.colcon_core.package_discovery:discover_packages(ignore) using defaults
[0.206s] Level 1:colcon.colcon_core.package_discovery:discover_packages(path) discover
[0.206s] Level 1:colcon.colcon_core.package_discovery:discover_packages(path) using defaults
[0.220s] Level 1:colcon.colcon_core.package_discovery:discover_packages(prefix_path) check parameters
[0.220s] Level 1:colcon.colcon_core.package_discovery:discover_packages(prefix_path) discover
[0.220s] WARNING:colcon.colcon_core.prefix_path.colcon:The path '/home/duan/Code/Duan-Ros2/Simulation/sim_ws/install' in the environment variable COLCON_PREFIX_PATH doesn't exist
[0.220s] WARNING:colcon.colcon_ros.prefix_path.ament:The path '/home/duan/Code/Duan-Ros2/duan-src/duan_ws/install/duanbot_description' in the environment variable AMENT_PREFIX_PATH doesn't exist
[0.220s] WARNING:colcon.colcon_ros.prefix_path.ament:The path '/home/duan/Code/Duan-Ros2/Simulation/sim_ws/install/duanbot_description' in the environment variable AMENT_PREFIX_PATH doesn't exist
[0.220s] WARNING:colcon.colcon_ros.prefix_path.catkin:The path '/home/duan/Code/Duan-Ros2/duan-src/duan_ws/install/duanbot_description' in the environment variable CMAKE_PREFIX_PATH doesn't exist
[0.220s] WARNING:colcon.colcon_ros.prefix_path.catkin:The path '/home/duan/Code/Duan-Ros2/Simulation/sim_ws/install/duanbot_description' in the environment variable CMAKE_PREFIX_PATH doesn't exist
[0.222s] DEBUG:colcon.colcon_installed_package_information.package_discovery:Found 0 installed packages in /home/duan/Code/Duan-Ros2/duan-src/duan_ws/install
[0.223s] DEBUG:colcon.colcon_installed_package_information.package_discovery:Found 369 installed packages in /opt/ros/humble
[0.233s] Level 1:colcon.colcon_core.package_discovery:discover_packages(prefix_path) using defaults
[0.272s] Level 5:colcon.colcon_core.verb:set package 'duanbot_description' build argument 'cmake_args' from command line to 'None'
[0.272s] Level 5:colcon.colcon_core.verb:set package 'duanbot_description' build argument 'cmake_target' from command line to 'None'
[0.272s] Level 5:colcon.colcon_core.verb:set package 'duanbot_description' build argument 'cmake_target_skip_unavailable' from command line to 'False'
[0.272s] Level 5:colcon.colcon_core.verb:set package 'duanbot_description' build argument 'cmake_clean_cache' from command line to 'False'
[0.272s] Level 5:colcon.colcon_core.verb:set package 'duanbot_description' build argument 'cmake_clean_first' from command line to 'False'
[0.272s] Level 5:colcon.colcon_core.verb:set package 'duanbot_description' build argument 'cmake_force_configure' from command line to 'False'
[0.272s] Level 5:colcon.colcon_core.verb:set package 'duanbot_description' build argument 'ament_cmake_args' from command line to 'None'
[0.272s] Level 5:colcon.colcon_core.verb:set package 'duanbot_description' build argument 'catkin_cmake_args' from command line to 'None'
[0.272s] Level 5:colcon.colcon_core.verb:set package 'duanbot_description' build argument 'catkin_skip_building_tests' from command line to 'False'
[0.272s] DEBUG:colcon.colcon_core.verb:Building package 'duanbot_description' with the following arguments: {'ament_cmake_args': None, 'build_base': '/home/duan/Code/Duan-Ros2/duan-src/duan_ws/build/duanbot_description', 'catkin_cmake_args': None, 'catkin_skip_building_tests': False, 'cmake_args': None, 'cmake_clean_cache': False, 'cmake_clean_first': False, 'cmake_force_configure': False, 'cmake_target': None, 'cmake_target_skip_unavailable': False, 'install_base': '/home/duan/Code/Duan-Ros2/duan-src/duan_ws/install/duanbot_description', 'merge_install': False, 'path': '/home/duan/Code/Duan-Ros2/duan-src/duan_ws/src/duanbot_description', 'symlink_install': False, 'test_result_base': None}
[0.272s] Level 5:colcon.colcon_core.verb:set package 'duanbot_navigation2' build argument 'cmake_args' from command line to 'None'
[0.272s] Level 5:colcon.colcon_core.verb:set package 'duanbot_navigation2' build argument 'cmake_target' from command line to 'None'
[0.272s] Level 5:colcon.colcon_core.verb:set package 'duanbot_navigation2' build argument 'cmake_target_skip_unavailable' from command line to 'False'
[0.272s] Level 5:colcon.colcon_core.verb:set package 'duanbot_navigation2' build argument 'cmake_clean_cache' from command line to 'False'
[0.272s] Level 5:colcon.colcon_core.verb:set package 'duanbot_navigation2' build argument 'cmake_clean_first' from command line to 'False'
[0.272s] Level 5:colcon.colcon_core.verb:set package 'duanbot_navigation2' build argument 'cmake_force_configure' from command line to 'False'
[0.272s] Level 5:colcon.colcon_core.verb:set package 'duanbot_navigation2' build argument 'ament_cmake_args' from command line to 'None'
[0.272s] Level 5:colcon.colcon_core.verb:set package 'duanbot_navigation2' build argument 'catkin_cmake_args' from command line to 'None'
[0.272s] Level 5:colcon.colcon_core.verb:set package 'duanbot_navigation2' build argument 'catkin_skip_building_tests' from command line to 'False'
[0.273s] DEBUG:colcon.colcon_core.verb:Building package 'duanbot_navigation2' with the following arguments: {'ament_cmake_args': None, 'build_base': '/home/duan/Code/Duan-Ros2/duan-src/duan_ws/build/duanbot_navigation2', 'catkin_cmake_args': None, 'catkin_skip_building_tests': False, 'cmake_args': None, 'cmake_clean_cache': False, 'cmake_clean_first': False, 'cmake_force_configure': False, 'cmake_target': None, 'cmake_target_skip_unavailable': False, 'install_base': '/home/duan/Code/Duan-Ros2/duan-src/duan_ws/install/duanbot_navigation2', 'merge_install': False, 'path': '/home/duan/Code/Duan-Ros2/duan-src/duan_ws/src/duanbot_navigation2', 'symlink_install': False, 'test_result_base': None}
[0.273s] INFO:colcon.colcon_core.executor:Executing jobs using 'parallel' executor
[0.273s] DEBUG:colcon.colcon_parallel_executor.executor.parallel:run_until_complete
[0.274s] INFO:colcon.colcon_ros.task.ament_cmake.build:Building ROS package in '/home/duan/Code/Duan-Ros2/duan-src/duan_ws/src/duanbot_description' with build type 'ament_cmake'
[0.274s] INFO:colcon.colcon_cmake.task.cmake.build:Building CMake package in '/home/duan/Code/Duan-Ros2/duan-src/duan_ws/src/duanbot_description'
[0.276s] INFO:colcon.colcon_core.plugin_system:Skipping extension 'colcon_core.shell.bat': Not used on non-Windows systems
[0.276s] INFO:colcon.colcon_core.shell:Skip shell extension 'powershell' for command environment: Not usable outside of PowerShell
[0.276s] DEBUG:colcon.colcon_core.shell:Skip shell extension 'dsv' for command environment
[0.279s] INFO:colcon.colcon_ros.task.ament_cmake.build:Building ROS package in '/home/duan/Code/Duan-Ros2/duan-src/duan_ws/src/duanbot_navigation2' with build type 'ament_cmake'
[0.279s] INFO:colcon.colcon_cmake.task.cmake.build:Building CMake package in '/home/duan/Code/Duan-Ros2/duan-src/duan_ws/src/duanbot_navigation2'
[0.279s] INFO:colcon.colcon_core.shell:Skip shell extension 'powershell' for command environment: Not usable outside of PowerShell
[0.279s] DEBUG:colcon.colcon_core.shell:Skip shell extension 'dsv' for command environment
[0.293s] DEBUG:colcon.colcon_core.event_handler.log_command:Invoking command in '/home/duan/Code/Duan-Ros2/duan-src/duan_ws/build/duanbot_description': CMAKE_PREFIX_PATH=${CMAKE_PREFIX_PATH}:/opt/ros/humble /usr/bin/cmake /home/duan/Code/Duan-Ros2/duan-src/duan_ws/src/duanbot_description -DCMAKE_INSTALL_PREFIX=/home/duan/Code/Duan-Ros2/duan-src/duan_ws/install/duanbot_description
[0.295s] DEBUG:colcon.colcon_core.event_handler.log_command:Invoking command in '/home/duan/Code/Duan-Ros2/duan-src/duan_ws/build/duanbot_navigation2': CMAKE_PREFIX_PATH=${CMAKE_PREFIX_PATH}:/opt/ros/humble /usr/bin/cmake /home/duan/Code/Duan-Ros2/duan-src/duan_ws/src/duanbot_navigation2 -DCMAKE_INSTALL_PREFIX=/home/duan/Code/Duan-Ros2/duan-src/duan_ws/install/duanbot_navigation2
[0.852s] DEBUG:colcon.colcon_core.event_handler.log_command:Invoked command in '/home/duan/Code/Duan-Ros2/duan-src/duan_ws/build/duanbot_description' returned '0': CMAKE_PREFIX_PATH=${CMAKE_PREFIX_PATH}:/opt/ros/humble /usr/bin/cmake /home/duan/Code/Duan-Ros2/duan-src/duan_ws/src/duanbot_description -DCMAKE_INSTALL_PREFIX=/home/duan/Code/Duan-Ros2/duan-src/duan_ws/install/duanbot_description
[0.855s] DEBUG:colcon.colcon_core.event_handler.log_command:Invoking command in '/home/duan/Code/Duan-Ros2/duan-src/duan_ws/build/duanbot_description': CMAKE_PREFIX_PATH=${CMAKE_PREFIX_PATH}:/opt/ros/humble /usr/bin/cmake --build /home/duan/Code/Duan-Ros2/duan-src/duan_ws/build/duanbot_description -- -j8 -l8
[0.879s] DEBUG:colcon.colcon_core.event_handler.log_command:Invoked command in '/home/duan/Code/Duan-Ros2/duan-src/duan_ws/build/duanbot_navigation2' returned '0': CMAKE_PREFIX_PATH=${CMAKE_PREFIX_PATH}:/opt/ros/humble /usr/bin/cmake /home/duan/Code/Duan-Ros2/duan-src/duan_ws/src/duanbot_navigation2 -DCMAKE_INSTALL_PREFIX=/home/duan/Code/Duan-Ros2/duan-src/duan_ws/install/duanbot_navigation2
[0.881s] DEBUG:colcon.colcon_core.event_handler.log_command:Invoking command in '/home/duan/Code/Duan-Ros2/duan-src/duan_ws/build/duanbot_navigation2': CMAKE_PREFIX_PATH=${CMAKE_PREFIX_PATH}:/opt/ros/humble /usr/bin/cmake --build /home/duan/Code/Duan-Ros2/duan-src/duan_ws/build/duanbot_navigation2 -- -j8 -l8
[0.892s] DEBUG:colcon.colcon_core.event_handler.log_command:Invoked command in '/home/duan/Code/Duan-Ros2/duan-src/duan_ws/build/duanbot_description' returned '0': CMAKE_PREFIX_PATH=${CMAKE_PREFIX_PATH}:/opt/ros/humble /usr/bin/cmake --build /home/duan/Code/Duan-Ros2/duan-src/duan_ws/build/duanbot_description -- -j8 -l8
[0.909s] DEBUG:colcon.colcon_core.event_handler.log_command:Invoking command in '/home/duan/Code/Duan-Ros2/duan-src/duan_ws/build/duanbot_description': CMAKE_PREFIX_PATH=${CMAKE_PREFIX_PATH}:/opt/ros/humble /usr/bin/cmake --install /home/duan/Code/Duan-Ros2/duan-src/duan_ws/build/duanbot_description
[0.921s] DEBUG:colcon.colcon_core.event_handler.log_command:Invoked command in '/home/duan/Code/Duan-Ros2/duan-src/duan_ws/build/duanbot_navigation2' returned '0': CMAKE_PREFIX_PATH=${CMAKE_PREFIX_PATH}:/opt/ros/humble /usr/bin/cmake --build /home/duan/Code/Duan-Ros2/duan-src/duan_ws/build/duanbot_navigation2 -- -j8 -l8
[0.925s] Level 1:colcon.colcon_core.environment:create_environment_scripts_only(duanbot_description)
[0.926s] DEBUG:colcon.colcon_core.event_handler.log_command:Invoking command in '/home/duan/Code/Duan-Ros2/duan-src/duan_ws/build/duanbot_navigation2': CMAKE_PREFIX_PATH=${CMAKE_PREFIX_PATH}:/opt/ros/humble /usr/bin/cmake --install /home/duan/Code/Duan-Ros2/duan-src/duan_ws/build/duanbot_navigation2
[0.926s] DEBUG:colcon.colcon_core.event_handler.log_command:Invoked command in '/home/duan/Code/Duan-Ros2/duan-src/duan_ws/build/duanbot_description' returned '0': CMAKE_PREFIX_PATH=${CMAKE_PREFIX_PATH}:/opt/ros/humble /usr/bin/cmake --install /home/duan/Code/Duan-Ros2/duan-src/duan_ws/build/duanbot_description
[0.928s] Level 1:colcon.colcon_core.environment:checking '/home/duan/Code/Duan-Ros2/duan-src/duan_ws/install/duanbot_description' for CMake module files
[0.928s] Level 1:colcon.colcon_core.environment:checking '/home/duan/Code/Duan-Ros2/duan-src/duan_ws/install/duanbot_description' for CMake config files
[0.929s] Level 1:colcon.colcon_core.shell:create_environment_hook('duanbot_description', 'cmake_prefix_path')
[0.929s] INFO:colcon.colcon_core.shell:Creating environment hook '/home/duan/Code/Duan-Ros2/duan-src/duan_ws/install/duanbot_description/share/duanbot_description/hook/cmake_prefix_path.ps1'
[0.930s] INFO:colcon.colcon_core.shell:Creating environment descriptor '/home/duan/Code/Duan-Ros2/duan-src/duan_ws/install/duanbot_description/share/duanbot_description/hook/cmake_prefix_path.dsv'
[0.931s] INFO:colcon.colcon_core.shell:Creating environment hook '/home/duan/Code/Duan-Ros2/duan-src/duan_ws/install/duanbot_description/share/duanbot_description/hook/cmake_prefix_path.sh'
[0.932s] Level 1:colcon.colcon_core.environment:checking '/home/duan/Code/Duan-Ros2/duan-src/duan_ws/install/duanbot_description/bin'
[0.932s] Level 1:colcon.colcon_core.environment:checking '/home/duan/Code/Duan-Ros2/duan-src/duan_ws/install/duanbot_description/lib/pkgconfig/duanbot_description.pc'
[0.932s] Level 1:colcon.colcon_core.environment:checking '/home/duan/Code/Duan-Ros2/duan-src/duan_ws/install/duanbot_description/lib/python3.10/site-packages'
[0.932s] Level 1:colcon.colcon_core.environment:checking '/home/duan/Code/Duan-Ros2/duan-src/duan_ws/install/duanbot_description/bin'
[0.932s] INFO:colcon.colcon_core.shell:Creating package script '/home/duan/Code/Duan-Ros2/duan-src/duan_ws/install/duanbot_description/share/duanbot_description/package.ps1'
[0.933s] INFO:colcon.colcon_core.shell:Creating package descriptor '/home/duan/Code/Duan-Ros2/duan-src/duan_ws/install/duanbot_description/share/duanbot_description/package.dsv'
[0.933s] INFO:colcon.colcon_core.shell:Creating package script '/home/duan/Code/Duan-Ros2/duan-src/duan_ws/install/duanbot_description/share/duanbot_description/package.sh'
[0.934s] INFO:colcon.colcon_core.shell:Creating package script '/home/duan/Code/Duan-Ros2/duan-src/duan_ws/install/duanbot_description/share/duanbot_description/package.bash'
[0.934s] INFO:colcon.colcon_core.shell:Creating package script '/home/duan/Code/Duan-Ros2/duan-src/duan_ws/install/duanbot_description/share/duanbot_description/package.zsh'
[0.935s] Level 1:colcon.colcon_core.environment:create_file_with_runtime_dependencies(/home/duan/Code/Duan-Ros2/duan-src/duan_ws/install/duanbot_description/share/colcon-core/packages/duanbot_description)
[0.935s] Level 1:colcon.colcon_core.environment:create_environment_scripts_only(duanbot_description)
[0.936s] Level 1:colcon.colcon_core.environment:checking '/home/duan/Code/Duan-Ros2/duan-src/duan_ws/install/duanbot_description' for CMake module files
[0.936s] Level 1:colcon.colcon_core.environment:checking '/home/duan/Code/Duan-Ros2/duan-src/duan_ws/install/duanbot_description' for CMake config files
[0.936s] Level 1:colcon.colcon_core.shell:create_environment_hook('duanbot_description', 'cmake_prefix_path')
[0.936s] INFO:colcon.colcon_core.shell:Creating environment hook '/home/duan/Code/Duan-Ros2/duan-src/duan_ws/install/duanbot_description/share/duanbot_description/hook/cmake_prefix_path.ps1'
[0.937s] INFO:colcon.colcon_core.shell:Creating environment descriptor '/home/duan/Code/Duan-Ros2/duan-src/duan_ws/install/duanbot_description/share/duanbot_description/hook/cmake_prefix_path.dsv'
[0.937s] INFO:colcon.colcon_core.shell:Creating environment hook '/home/duan/Code/Duan-Ros2/duan-src/duan_ws/install/duanbot_description/share/duanbot_description/hook/cmake_prefix_path.sh'
[0.937s] Level 1:colcon.colcon_core.environment:checking '/home/duan/Code/Duan-Ros2/duan-src/duan_ws/install/duanbot_description/bin'
[0.937s] Level 1:colcon.colcon_core.environment:checking '/home/duan/Code/Duan-Ros2/duan-src/duan_ws/install/duanbot_description/lib/pkgconfig/duanbot_description.pc'
[0.938s] Level 1:colcon.colcon_core.environment:checking '/home/duan/Code/Duan-Ros2/duan-src/duan_ws/install/duanbot_description/lib/python3.10/site-packages'
[0.938s] Level 1:colcon.colcon_core.environment:checking '/home/duan/Code/Duan-Ros2/duan-src/duan_ws/install/duanbot_description/bin'
[0.938s] INFO:colcon.colcon_core.shell:Creating package script '/home/duan/Code/Duan-Ros2/duan-src/duan_ws/install/duanbot_description/share/duanbot_description/package.ps1'
[0.938s] INFO:colcon.colcon_core.shell:Creating package descriptor '/home/duan/Code/Duan-Ros2/duan-src/duan_ws/install/duanbot_description/share/duanbot_description/package.dsv'
[0.939s] INFO:colcon.colcon_core.shell:Creating package script '/home/duan/Code/Duan-Ros2/duan-src/duan_ws/install/duanbot_description/share/duanbot_description/package.sh'
[0.939s] INFO:colcon.colcon_core.shell:Creating package script '/home/duan/Code/Duan-Ros2/duan-src/duan_ws/install/duanbot_description/share/duanbot_description/package.bash'
[0.939s] INFO:colcon.colcon_core.shell:Creating package script '/home/duan/Code/Duan-Ros2/duan-src/duan_ws/install/duanbot_description/share/duanbot_description/package.zsh'
[0.940s] Level 1:colcon.colcon_core.environment:create_file_with_runtime_dependencies(/home/duan/Code/Duan-Ros2/duan-src/duan_ws/install/duanbot_description/share/colcon-core/packages/duanbot_description)
[0.941s] Level 1:colcon.colcon_core.environment:create_environment_scripts_only(duanbot_navigation2)
[0.941s] Level 1:colcon.colcon_core.environment:checking '/home/duan/Code/Duan-Ros2/duan-src/duan_ws/install/duanbot_navigation2' for CMake module files
[0.942s] DEBUG:colcon.colcon_core.event_handler.log_command:Invoked command in '/home/duan/Code/Duan-Ros2/duan-src/duan_ws/build/duanbot_navigation2' returned '1': CMAKE_PREFIX_PATH=${CMAKE_PREFIX_PATH}:/opt/ros/humble /usr/bin/cmake --install /home/duan/Code/Duan-Ros2/duan-src/duan_ws/build/duanbot_navigation2
[0.942s] Level 1:colcon.colcon_core.environment:checking '/home/duan/Code/Duan-Ros2/duan-src/duan_ws/install/duanbot_navigation2' for CMake config files
[0.943s] Level 1:colcon.colcon_core.environment:checking '/home/duan/Code/Duan-Ros2/duan-src/duan_ws/install/duanbot_navigation2/bin'
[0.943s] Level 1:colcon.colcon_core.environment:checking '/home/duan/Code/Duan-Ros2/duan-src/duan_ws/install/duanbot_navigation2/lib/pkgconfig/duanbot_navigation2.pc'
[0.943s] Level 1:colcon.colcon_core.environment:checking '/home/duan/Code/Duan-Ros2/duan-src/duan_ws/install/duanbot_navigation2/lib/python3.10/site-packages'
[0.943s] Level 1:colcon.colcon_core.environment:checking '/home/duan/Code/Duan-Ros2/duan-src/duan_ws/install/duanbot_navigation2/bin'
[0.943s] INFO:colcon.colcon_core.shell:Creating package script '/home/duan/Code/Duan-Ros2/duan-src/duan_ws/install/duanbot_navigation2/share/duanbot_navigation2/package.ps1'
[0.943s] INFO:colcon.colcon_core.shell:Creating package descriptor '/home/duan/Code/Duan-Ros2/duan-src/duan_ws/install/duanbot_navigation2/share/duanbot_navigation2/package.dsv'
[0.944s] INFO:colcon.colcon_core.shell:Creating package script '/home/duan/Code/Duan-Ros2/duan-src/duan_ws/install/duanbot_navigation2/share/duanbot_navigation2/package.sh'
[0.944s] INFO:colcon.colcon_core.shell:Creating package script '/home/duan/Code/Duan-Ros2/duan-src/duan_ws/install/duanbot_navigation2/share/duanbot_navigation2/package.bash'
[0.944s] INFO:colcon.colcon_core.shell:Creating package script '/home/duan/Code/Duan-Ros2/duan-src/duan_ws/install/duanbot_navigation2/share/duanbot_navigation2/package.zsh'
[0.945s] Level 1:colcon.colcon_core.environment:create_file_with_runtime_dependencies(/home/duan/Code/Duan-Ros2/duan-src/duan_ws/install/duanbot_navigation2/share/colcon-core/packages/duanbot_navigation2)
[0.955s] DEBUG:colcon.colcon_parallel_executor.executor.parallel:closing loop
[0.956s] DEBUG:colcon.colcon_parallel_executor.executor.parallel:loop closed
[0.956s] DEBUG:colcon.colcon_parallel_executor.executor.parallel:run_until_complete finished with '1'
[0.956s] DEBUG:colcon.colcon_core.event_reactor:joining thread
[0.962s] INFO:colcon.colcon_core.plugin_system:Skipping extension 'colcon_notification.desktop_notification.terminal_notifier': Not used on non-Darwin systems
[0.962s] INFO:colcon.colcon_core.plugin_system:Skipping extension 'colcon_notification.desktop_notification.win32': Not used on non-Windows systems
[0.963s] INFO:colcon.colcon_notification.desktop_notification:Sending desktop notification using 'notify2'
[0.980s] DEBUG:colcon.colcon_core.event_reactor:joined thread
[0.981s] INFO:colcon.colcon_core.shell:Creating prefix script '/home/duan/Code/Duan-Ros2/duan-src/duan_ws/install/local_setup.ps1'
[0.981s] INFO:colcon.colcon_core.shell:Creating prefix util module '/home/duan/Code/Duan-Ros2/duan-src/duan_ws/install/_local_setup_util_ps1.py'
[0.983s] INFO:colcon.colcon_core.shell:Creating prefix chain script '/home/duan/Code/Duan-Ros2/duan-src/duan_ws/install/setup.ps1'
[0.983s] INFO:colcon.colcon_core.shell:Creating prefix script '/home/duan/Code/Duan-Ros2/duan-src/duan_ws/install/local_setup.sh'
[0.984s] INFO:colcon.colcon_core.shell:Creating prefix util module '/home/duan/Code/Duan-Ros2/duan-src/duan_ws/install/_local_setup_util_sh.py'
[0.985s] INFO:colcon.colcon_core.shell:Creating prefix chain script '/home/duan/Code/Duan-Ros2/duan-src/duan_ws/install/setup.sh'
[0.985s] INFO:colcon.colcon_core.shell:Creating prefix script '/home/duan/Code/Duan-Ros2/duan-src/duan_ws/install/local_setup.bash'
[0.986s] INFO:colcon.colcon_core.shell:Creating prefix chain script '/home/duan/Code/Duan-Ros2/duan-src/duan_ws/install/setup.bash'
[0.986s] INFO:colcon.colcon_core.shell:Creating prefix script '/home/duan/Code/Duan-Ros2/duan-src/duan_ws/install/local_setup.zsh'
[0.987s] INFO:colcon.colcon_core.shell:Creating prefix chain script '/home/duan/Code/Duan-Ros2/duan-src/duan_ws/install/setup.zsh'
