[0.010s] Invoking command in '/root/Code/duan/Topic/topic_ws/build/demo_cpp_topic': CMAKE_PREFIX_PATH=/opt/ros/humble HISTTIMEFORMAT=%F %T root /usr/bin/cmake --build /root/Code/duan/Topic/topic_ws/build/demo_cpp_topic -- -j2 -l2
[0.248s] [100%] Built target novel_pub_node
[0.259s] Invoked command in '/root/Code/duan/Topic/topic_ws/build/demo_cpp_topic' returned '0': CMAKE_PREFIX_PATH=/opt/ros/humble HISTTIMEFORMAT=%F %T root /usr/bin/cmake --build /root/Code/duan/Topic/topic_ws/build/demo_cpp_topic -- -j2 -l2
[0.270s] Invoking command in '/root/Code/duan/Topic/topic_ws/build/demo_cpp_topic': CMAKE_PREFIX_PATH=/opt/ros/humble HISTTIMEFORMAT=%F %T root /usr/bin/cmake --install /root/Code/duan/Topic/topic_ws/build/demo_cpp_topic
[0.278s] -- Install configuration: ""
[0.280s] -- Up-to-date: /root/Code/duan/Topic/topic_ws/install/demo_cpp_topic/lib/demo_cpp_topic/novel_pub_node
[0.281s] -- Up-to-date: /root/Code/duan/Topic/topic_ws/install/demo_cpp_topic/share/ament_index/resource_index/package_run_dependencies/demo_cpp_topic
[0.281s] -- Up-to-date: /root/Code/duan/Topic/topic_ws/install/demo_cpp_topic/share/ament_index/resource_index/parent_prefix_path/demo_cpp_topic
[0.281s] -- Up-to-date: /root/Code/duan/Topic/topic_ws/install/demo_cpp_topic/share/demo_cpp_topic/environment/ament_prefix_path.sh
[0.281s] -- Up-to-date: /root/Code/duan/Topic/topic_ws/install/demo_cpp_topic/share/demo_cpp_topic/environment/ament_prefix_path.dsv
[0.281s] -- Up-to-date: /root/Code/duan/Topic/topic_ws/install/demo_cpp_topic/share/demo_cpp_topic/environment/path.sh
[0.281s] -- Up-to-date: /root/Code/duan/Topic/topic_ws/install/demo_cpp_topic/share/demo_cpp_topic/environment/path.dsv
[0.281s] -- Up-to-date: /root/Code/duan/Topic/topic_ws/install/demo_cpp_topic/share/demo_cpp_topic/local_setup.bash
[0.281s] -- Up-to-date: /root/Code/duan/Topic/topic_ws/install/demo_cpp_topic/share/demo_cpp_topic/local_setup.sh
[0.282s] -- Up-to-date: /root/Code/duan/Topic/topic_ws/install/demo_cpp_topic/share/demo_cpp_topic/local_setup.zsh
[0.282s] -- Up-to-date: /root/Code/duan/Topic/topic_ws/install/demo_cpp_topic/share/demo_cpp_topic/local_setup.dsv
[0.282s] -- Installing: /root/Code/duan/Topic/topic_ws/install/demo_cpp_topic/share/demo_cpp_topic/package.dsv
[0.282s] -- Up-to-date: /root/Code/duan/Topic/topic_ws/install/demo_cpp_topic/share/ament_index/resource_index/packages/demo_cpp_topic
[0.282s] -- Up-to-date: /root/Code/duan/Topic/topic_ws/install/demo_cpp_topic/share/demo_cpp_topic/cmake/demo_cpp_topicConfig.cmake
[0.282s] -- Up-to-date: /root/Code/duan/Topic/topic_ws/install/demo_cpp_topic/share/demo_cpp_topic/cmake/demo_cpp_topicConfig-version.cmake
[0.282s] -- Up-to-date: /root/Code/duan/Topic/topic_ws/install/demo_cpp_topic/share/demo_cpp_topic/package.xml
[0.285s] Invoked command in '/root/Code/duan/Topic/topic_ws/build/demo_cpp_topic' returned '0': CMAKE_PREFIX_PATH=/opt/ros/humble HISTTIMEFORMAT=%F %T root /usr/bin/cmake --install /root/Code/duan/Topic/topic_ws/build/demo_cpp_topic
