[0.008s] Invoking command in '/home/duan/Code/Duan-Ros2/Topic/topic_practice_ws/build/status_interfaces': CMAKE_PREFIX_PATH=/opt/ros/humble /usr/bin/cmake /home/duan/Code/Duan-Ros2/Topic/topic_practice_ws/src/status_interfaces -DCMAKE_INSTALL_PREFIX=/home/duan/Code/Duan-Ros2/Topic/topic_practice_ws/install/status_interfaces
[0.026s] -- Found ament_cmake: 1.3.11 (/opt/ros/humble/share/ament_cmake/cmake)
[0.132s] -- Found builtin_interfaces: 1.2.1 (/opt/ros/humble/share/builtin_interfaces/cmake)
[0.149s] -- Found rosidl_generator_c: 3.1.6 (/opt/ros/humble/share/rosidl_generator_c/cmake)
[0.150s] -- Found rosidl_adapter: 3.1.6 (/opt/ros/humble/share/rosidl_adapter/cmake)
[0.157s] -- Found rosidl_generator_cpp: 3.1.6 (/opt/ros/humble/share/rosidl_generator_cpp/cmake)
[0.164s] -- Using all available rosidl_typesupport_c: rosidl_typesupport_fastrtps_c;rosidl_typesupport_introspection_c
[0.172s] -- Using all available rosidl_typesupport_cpp: rosidl_typesupport_fastrtps_cpp;rosidl_typesupport_introspection_cpp
[0.181s] -- Found rosidl_default_generators: 1.2.0 (/opt/ros/humble/share/rosidl_default_generators/cmake)
[0.387s] -- Found ament_cmake_ros: 0.10.0 (/opt/ros/humble/share/ament_cmake_ros/cmake)
[0.637s] -- Using all available rosidl_typesupport_c: rosidl_typesupport_fastrtps_c;rosidl_typesupport_introspection_c
[0.732s] -- Using all available rosidl_typesupport_cpp: rosidl_typesupport_fastrtps_cpp;rosidl_typesupport_introspection_cpp
[0.753s] -- Found PythonInterp: /usr/bin/python3 (found suitable version "3.10.12", minimum required is "3.6") 
[0.755s] -- Found python_cmake_module: 0.10.0 (/opt/ros/humble/share/python_cmake_module/cmake)
[0.776s] -- Found PythonLibs: /usr/lib/x86_64-linux-gnu/libpython3.10.so (found suitable version "3.10.12", minimum required is "3.5") 
[0.776s] -- Using PYTHON_EXECUTABLE: /usr/bin/python3
[0.777s] -- Using PYTHON_INCLUDE_DIRS: /usr/include/python3.10
[0.777s] -- Using PYTHON_LIBRARIES: /usr/lib/x86_64-linux-gnu/libpython3.10.so
[0.794s] -- Found PythonExtra: .so  
[0.824s] -- Found ament_lint_auto: 0.12.12 (/opt/ros/humble/share/ament_lint_auto/cmake)
[0.858s] -- Added test 'lint_cmake' to check CMake code style
[0.859s] -- Added test 'xmllint' to check XML markup files
[0.862s] -- Configuring done
[0.886s] -- Generating done
[0.893s] -- Build files have been written to: /home/duan/Code/Duan-Ros2/Topic/topic_practice_ws/build/status_interfaces
[0.897s] Invoked command in '/home/duan/Code/Duan-Ros2/Topic/topic_practice_ws/build/status_interfaces' returned '0': CMAKE_PREFIX_PATH=/opt/ros/humble /usr/bin/cmake /home/duan/Code/Duan-Ros2/Topic/topic_practice_ws/src/status_interfaces -DCMAKE_INSTALL_PREFIX=/home/duan/Code/Duan-Ros2/Topic/topic_practice_ws/install/status_interfaces
[0.899s] Invoking command in '/home/duan/Code/Duan-Ros2/Topic/topic_practice_ws/build/status_interfaces': CMAKE_PREFIX_PATH=/opt/ros/humble /usr/bin/cmake --build /home/duan/Code/Duan-Ros2/Topic/topic_practice_ws/build/status_interfaces -- -j8 -l8
[0.938s] [  3%] [34m[1mGenerating C code for ROS interfaces[0m
[0.947s] [  6%] [34m[1mGenerating C++ code for ROS interfaces[0m
[0.951s] [  6%] Built target ament_cmake_python_copy_status_interfaces
[1.144s] running egg_info
[1.145s] creating status_interfaces.egg-info
[1.145s] writing status_interfaces.egg-info/PKG-INFO
[1.145s] writing dependency_links to status_interfaces.egg-info/dependency_links.txt
[1.145s] writing top-level names to status_interfaces.egg-info/top_level.txt
[1.146s] writing manifest file 'status_interfaces.egg-info/SOURCES.txt'
[1.148s] reading manifest file 'status_interfaces.egg-info/SOURCES.txt'
[1.149s] writing manifest file 'status_interfaces.egg-info/SOURCES.txt'
[1.178s] [  6%] Built target ament_cmake_python_build_status_interfaces_egg
[1.201s] [  6%] Built target status_interfaces__cpp
[1.209s] [  9%] [34m[1mGenerating C++ type support dispatch for ROS interfaces[0m
[1.210s] [ 12%] [34m[1mGenerating C++ type support for eProsima Fast-RTPS[0m
[1.211s] [ 16%] [34m[1mGenerating C++ introspection for ROS interfaces[0m
[1.219s] [ 19%] [32mBuilding C object CMakeFiles/status_interfaces__rosidl_generator_c.dir/rosidl_generator_c/status_interfaces/msg/detail/system_status__functions.c.o[0m
[1.292s] [ 22%] [32m[1mLinking C shared library libstatus_interfaces__rosidl_generator_c.so[0m
[1.325s] [ 22%] Built target status_interfaces__rosidl_generator_c
[1.343s] [ 29%] [34m[1mGenerating C type support for eProsima Fast-RTPS[0m
[1.343s] [ 29%] [34m[1mGenerating C introspection for ROS interfaces[0m
[1.345s] [ 32%] [34m[1mGenerating C type support dispatch for ROS interfaces[0m
[1.449s] [ 35%] [32mBuilding CXX object CMakeFiles/status_interfaces__rosidl_typesupport_cpp.dir/rosidl_typesupport_cpp/status_interfaces/msg/system_status__type_support.cpp.o[0m
[1.469s] [ 38%] [32mBuilding CXX object CMakeFiles/status_interfaces__rosidl_typesupport_fastrtps_cpp.dir/rosidl_typesupport_fastrtps_cpp/status_interfaces/msg/detail/dds_fastrtps/system_status__type_support.cpp.o[0m
[1.476s] [ 41%] [32mBuilding CXX object CMakeFiles/status_interfaces__rosidl_typesupport_introspection_cpp.dir/rosidl_typesupport_introspection_cpp/status_interfaces/msg/detail/system_status__type_support.cpp.o[0m
[1.585s] [ 45%] [32mBuilding CXX object CMakeFiles/status_interfaces__rosidl_typesupport_c.dir/rosidl_typesupport_c/status_interfaces/msg/system_status__type_support.cpp.o[0m
[1.600s] [ 48%] [32mBuilding CXX object CMakeFiles/status_interfaces__rosidl_typesupport_fastrtps_c.dir/rosidl_typesupport_fastrtps_c/status_interfaces/msg/detail/system_status__type_support_c.cpp.o[0m
[1.615s] [ 51%] [32mBuilding C object CMakeFiles/status_interfaces__rosidl_typesupport_introspection_c.dir/rosidl_typesupport_introspection_c/status_interfaces/msg/detail/system_status__type_support.c.o[0m
[1.618s] [ 54%] [32m[1mLinking CXX shared library libstatus_interfaces__rosidl_typesupport_c.so[0m
[1.658s] [ 58%] [32m[1mLinking C shared library libstatus_interfaces__rosidl_typesupport_introspection_c.so[0m
[1.677s] [ 58%] Built target status_interfaces__rosidl_typesupport_c
[1.690s] [ 58%] Built target status_interfaces__rosidl_typesupport_introspection_c
[1.726s] [ 61%] [32m[1mLinking CXX shared library libstatus_interfaces__rosidl_typesupport_cpp.so[0m
[1.765s] [ 61%] Built target status_interfaces__rosidl_typesupport_cpp
[1.824s] [ 64%] [32m[1mLinking CXX shared library libstatus_interfaces__rosidl_typesupport_introspection_cpp.so[0m
[1.854s] [ 67%] [32m[1mLinking CXX shared library libstatus_interfaces__rosidl_typesupport_fastrtps_cpp.so[0m
[1.873s] [ 70%] [32m[1mLinking CXX shared library libstatus_interfaces__rosidl_typesupport_fastrtps_c.so[0m
[1.881s] [ 70%] Built target status_interfaces__rosidl_typesupport_introspection_cpp
[1.930s] [ 70%] Built target status_interfaces__rosidl_typesupport_fastrtps_cpp
[1.943s] [ 70%] Built target status_interfaces__rosidl_typesupport_fastrtps_c
[1.961s] [ 70%] Built target status_interfaces
[1.977s] [ 74%] [34m[1mGenerating Python code for ROS interfaces[0m
[2.278s] [ 74%] Built target status_interfaces__py
[2.295s] [ 77%] [32mBuilding C object CMakeFiles/status_interfaces__rosidl_generator_py.dir/rosidl_generator_py/status_interfaces/msg/_system_status_s.c.o[0m
[2.415s] [ 80%] [32m[1mLinking C shared library rosidl_generator_py/status_interfaces/libstatus_interfaces__rosidl_generator_py.so[0m
[2.445s] [ 80%] Built target status_interfaces__rosidl_generator_py
[2.470s] [ 83%] [32mBuilding C object CMakeFiles/status_interfaces__rosidl_typesupport_introspection_c__pyext.dir/rosidl_generator_py/status_interfaces/_status_interfaces_s.ep.rosidl_typesupport_introspection_c.c.o[0m
[2.473s] [ 87%] [32mBuilding C object CMakeFiles/status_interfaces__rosidl_typesupport_fastrtps_c__pyext.dir/rosidl_generator_py/status_interfaces/_status_interfaces_s.ep.rosidl_typesupport_fastrtps_c.c.o[0m
[2.488s] [ 90%] [32mBuilding C object CMakeFiles/status_interfaces__rosidl_typesupport_c__pyext.dir/rosidl_generator_py/status_interfaces/_status_interfaces_s.ep.rosidl_typesupport_c.c.o[0m
[2.565s] [ 93%] [32m[1mLinking C shared library rosidl_generator_py/status_interfaces/status_interfaces_s__rosidl_typesupport_introspection_c.cpython-310-x86_64-linux-gnu.so[0m
[2.566s] [ 96%] [32m[1mLinking C shared library rosidl_generator_py/status_interfaces/status_interfaces_s__rosidl_typesupport_fastrtps_c.cpython-310-x86_64-linux-gnu.so[0m
[2.574s] [100%] [32m[1mLinking C shared library rosidl_generator_py/status_interfaces/status_interfaces_s__rosidl_typesupport_c.cpython-310-x86_64-linux-gnu.so[0m
[2.606s] [100%] Built target status_interfaces__rosidl_typesupport_introspection_c__pyext
[2.606s] [100%] Built target status_interfaces__rosidl_typesupport_fastrtps_c__pyext
[2.614s] [100%] Built target status_interfaces__rosidl_typesupport_c__pyext
[2.623s] Invoked command in '/home/duan/Code/Duan-Ros2/Topic/topic_practice_ws/build/status_interfaces' returned '0': CMAKE_PREFIX_PATH=/opt/ros/humble /usr/bin/cmake --build /home/duan/Code/Duan-Ros2/Topic/topic_practice_ws/build/status_interfaces -- -j8 -l8
[2.631s] Invoking command in '/home/duan/Code/Duan-Ros2/Topic/topic_practice_ws/build/status_interfaces': CMAKE_PREFIX_PATH=/opt/ros/humble /usr/bin/cmake --install /home/duan/Code/Duan-Ros2/Topic/topic_practice_ws/build/status_interfaces
[2.636s] -- Install configuration: ""
[2.636s] -- Installing: /home/duan/Code/Duan-Ros2/Topic/topic_practice_ws/install/status_interfaces/share/ament_index/resource_index/rosidl_interfaces/status_interfaces
[2.636s] -- Installing: /home/duan/Code/Duan-Ros2/Topic/topic_practice_ws/install/status_interfaces/include/status_interfaces/status_interfaces
[2.636s] -- Installing: /home/duan/Code/Duan-Ros2/Topic/topic_practice_ws/install/status_interfaces/include/status_interfaces/status_interfaces/msg
[2.637s] -- Installing: /home/duan/Code/Duan-Ros2/Topic/topic_practice_ws/install/status_interfaces/include/status_interfaces/status_interfaces/msg/system_status.h
[2.637s] -- Installing: /home/duan/Code/Duan-Ros2/Topic/topic_practice_ws/install/status_interfaces/include/status_interfaces/status_interfaces/msg/detail
[2.637s] -- Installing: /home/duan/Code/Duan-Ros2/Topic/topic_practice_ws/install/status_interfaces/include/status_interfaces/status_interfaces/msg/detail/system_status__struct.h
[2.637s] -- Installing: /home/duan/Code/Duan-Ros2/Topic/topic_practice_ws/install/status_interfaces/include/status_interfaces/status_interfaces/msg/detail/system_status__type_support.h
[2.637s] -- Installing: /home/duan/Code/Duan-Ros2/Topic/topic_practice_ws/install/status_interfaces/include/status_interfaces/status_interfaces/msg/detail/system_status__functions.c
[2.637s] -- Installing: /home/duan/Code/Duan-Ros2/Topic/topic_practice_ws/install/status_interfaces/include/status_interfaces/status_interfaces/msg/detail/system_status__functions.h
[2.637s] -- Installing: /home/duan/Code/Duan-Ros2/Topic/topic_practice_ws/install/status_interfaces/include/status_interfaces/status_interfaces/msg/rosidl_generator_c__visibility_control.h
[2.637s] -- Installing: /home/duan/Code/Duan-Ros2/Topic/topic_practice_ws/install/status_interfaces/share/status_interfaces/environment/library_path.sh
[2.637s] -- Installing: /home/duan/Code/Duan-Ros2/Topic/topic_practice_ws/install/status_interfaces/share/status_interfaces/environment/library_path.dsv
[2.637s] -- Installing: /home/duan/Code/Duan-Ros2/Topic/topic_practice_ws/install/status_interfaces/lib/libstatus_interfaces__rosidl_generator_c.so
[2.638s] -- Set runtime path of "/home/duan/Code/Duan-Ros2/Topic/topic_practice_ws/install/status_interfaces/lib/libstatus_interfaces__rosidl_generator_c.so" to ""
[2.638s] -- Up-to-date: /home/duan/Code/Duan-Ros2/Topic/topic_practice_ws/install/status_interfaces/include/status_interfaces/status_interfaces
[2.642s] -- Up-to-date: /home/duan/Code/Duan-Ros2/Topic/topic_practice_ws/install/status_interfaces/include/status_interfaces/status_interfaces/msg
[2.643s] -- Installing: /home/duan/Code/Duan-Ros2/Topic/topic_practice_ws/install/status_interfaces/include/status_interfaces/status_interfaces/msg/rosidl_typesupport_fastrtps_c__visibility_control.h
[2.643s] -- Up-to-date: /home/duan/Code/Duan-Ros2/Topic/topic_practice_ws/install/status_interfaces/include/status_interfaces/status_interfaces/msg/detail
[2.643s] -- Installing: /home/duan/Code/Duan-Ros2/Topic/topic_practice_ws/install/status_interfaces/include/status_interfaces/status_interfaces/msg/detail/system_status__rosidl_typesupport_fastrtps_c.h
[2.643s] -- Installing: /home/duan/Code/Duan-Ros2/Topic/topic_practice_ws/install/status_interfaces/lib/libstatus_interfaces__rosidl_typesupport_fastrtps_c.so
[2.643s] -- Set runtime path of "/home/duan/Code/Duan-Ros2/Topic/topic_practice_ws/install/status_interfaces/lib/libstatus_interfaces__rosidl_typesupport_fastrtps_c.so" to ""
[2.643s] -- Up-to-date: /home/duan/Code/Duan-Ros2/Topic/topic_practice_ws/install/status_interfaces/include/status_interfaces/status_interfaces
[2.643s] -- Up-to-date: /home/duan/Code/Duan-Ros2/Topic/topic_practice_ws/install/status_interfaces/include/status_interfaces/status_interfaces/msg
[2.643s] -- Installing: /home/duan/Code/Duan-Ros2/Topic/topic_practice_ws/install/status_interfaces/include/status_interfaces/status_interfaces/msg/system_status.hpp
[2.643s] -- Up-to-date: /home/duan/Code/Duan-Ros2/Topic/topic_practice_ws/install/status_interfaces/include/status_interfaces/status_interfaces/msg/detail
[2.643s] -- Installing: /home/duan/Code/Duan-Ros2/Topic/topic_practice_ws/install/status_interfaces/include/status_interfaces/status_interfaces/msg/detail/system_status__type_support.hpp
[2.643s] -- Installing: /home/duan/Code/Duan-Ros2/Topic/topic_practice_ws/install/status_interfaces/include/status_interfaces/status_interfaces/msg/detail/system_status__builder.hpp
[2.643s] -- Installing: /home/duan/Code/Duan-Ros2/Topic/topic_practice_ws/install/status_interfaces/include/status_interfaces/status_interfaces/msg/detail/system_status__traits.hpp
[2.643s] -- Installing: /home/duan/Code/Duan-Ros2/Topic/topic_practice_ws/install/status_interfaces/include/status_interfaces/status_interfaces/msg/detail/system_status__struct.hpp
[2.643s] -- Installing: /home/duan/Code/Duan-Ros2/Topic/topic_practice_ws/install/status_interfaces/include/status_interfaces/status_interfaces/msg/rosidl_generator_cpp__visibility_control.hpp
[2.643s] -- Up-to-date: /home/duan/Code/Duan-Ros2/Topic/topic_practice_ws/install/status_interfaces/include/status_interfaces/status_interfaces
[2.643s] -- Up-to-date: /home/duan/Code/Duan-Ros2/Topic/topic_practice_ws/install/status_interfaces/include/status_interfaces/status_interfaces/msg
[2.643s] -- Up-to-date: /home/duan/Code/Duan-Ros2/Topic/topic_practice_ws/install/status_interfaces/include/status_interfaces/status_interfaces/msg/detail
[2.643s] -- Installing: /home/duan/Code/Duan-Ros2/Topic/topic_practice_ws/install/status_interfaces/include/status_interfaces/status_interfaces/msg/detail/system_status__rosidl_typesupport_fastrtps_cpp.hpp
[2.643s] -- Installing: /home/duan/Code/Duan-Ros2/Topic/topic_practice_ws/install/status_interfaces/include/status_interfaces/status_interfaces/msg/detail/dds_fastrtps
[2.644s] -- Installing: /home/duan/Code/Duan-Ros2/Topic/topic_practice_ws/install/status_interfaces/include/status_interfaces/status_interfaces/msg/rosidl_typesupport_fastrtps_cpp__visibility_control.h
[2.644s] -- Installing: /home/duan/Code/Duan-Ros2/Topic/topic_practice_ws/install/status_interfaces/lib/libstatus_interfaces__rosidl_typesupport_fastrtps_cpp.so
[2.644s] -- Set runtime path of "/home/duan/Code/Duan-Ros2/Topic/topic_practice_ws/install/status_interfaces/lib/libstatus_interfaces__rosidl_typesupport_fastrtps_cpp.so" to ""
[2.644s] -- Up-to-date: /home/duan/Code/Duan-Ros2/Topic/topic_practice_ws/install/status_interfaces/include/status_interfaces/status_interfaces
[2.644s] -- Up-to-date: /home/duan/Code/Duan-Ros2/Topic/topic_practice_ws/install/status_interfaces/include/status_interfaces/status_interfaces/msg
[2.644s] -- Installing: /home/duan/Code/Duan-Ros2/Topic/topic_practice_ws/install/status_interfaces/include/status_interfaces/status_interfaces/msg/rosidl_typesupport_introspection_c__visibility_control.h
[2.644s] -- Up-to-date: /home/duan/Code/Duan-Ros2/Topic/topic_practice_ws/install/status_interfaces/include/status_interfaces/status_interfaces/msg/detail
[2.644s] -- Installing: /home/duan/Code/Duan-Ros2/Topic/topic_practice_ws/install/status_interfaces/include/status_interfaces/status_interfaces/msg/detail/system_status__rosidl_typesupport_introspection_c.h
[2.644s] -- Installing: /home/duan/Code/Duan-Ros2/Topic/topic_practice_ws/install/status_interfaces/include/status_interfaces/status_interfaces/msg/detail/system_status__type_support.c
[2.644s] -- Installing: /home/duan/Code/Duan-Ros2/Topic/topic_practice_ws/install/status_interfaces/lib/libstatus_interfaces__rosidl_typesupport_introspection_c.so
[2.644s] -- Set runtime path of "/home/duan/Code/Duan-Ros2/Topic/topic_practice_ws/install/status_interfaces/lib/libstatus_interfaces__rosidl_typesupport_introspection_c.so" to ""
[2.644s] -- Installing: /home/duan/Code/Duan-Ros2/Topic/topic_practice_ws/install/status_interfaces/lib/libstatus_interfaces__rosidl_typesupport_c.so
[2.644s] -- Set runtime path of "/home/duan/Code/Duan-Ros2/Topic/topic_practice_ws/install/status_interfaces/lib/libstatus_interfaces__rosidl_typesupport_c.so" to ""
[2.644s] -- Up-to-date: /home/duan/Code/Duan-Ros2/Topic/topic_practice_ws/install/status_interfaces/include/status_interfaces/status_interfaces
[2.644s] -- Up-to-date: /home/duan/Code/Duan-Ros2/Topic/topic_practice_ws/install/status_interfaces/include/status_interfaces/status_interfaces/msg
[2.645s] -- Up-to-date: /home/duan/Code/Duan-Ros2/Topic/topic_practice_ws/install/status_interfaces/include/status_interfaces/status_interfaces/msg/detail
[2.645s] -- Installing: /home/duan/Code/Duan-Ros2/Topic/topic_practice_ws/install/status_interfaces/include/status_interfaces/status_interfaces/msg/detail/system_status__type_support.cpp
[2.645s] -- Installing: /home/duan/Code/Duan-Ros2/Topic/topic_practice_ws/install/status_interfaces/include/status_interfaces/status_interfaces/msg/detail/system_status__rosidl_typesupport_introspection_cpp.hpp
[2.645s] -- Installing: /home/duan/Code/Duan-Ros2/Topic/topic_practice_ws/install/status_interfaces/lib/libstatus_interfaces__rosidl_typesupport_introspection_cpp.so
[2.645s] -- Set runtime path of "/home/duan/Code/Duan-Ros2/Topic/topic_practice_ws/install/status_interfaces/lib/libstatus_interfaces__rosidl_typesupport_introspection_cpp.so" to ""
[2.645s] -- Installing: /home/duan/Code/Duan-Ros2/Topic/topic_practice_ws/install/status_interfaces/lib/libstatus_interfaces__rosidl_typesupport_cpp.so
[2.645s] -- Set runtime path of "/home/duan/Code/Duan-Ros2/Topic/topic_practice_ws/install/status_interfaces/lib/libstatus_interfaces__rosidl_typesupport_cpp.so" to ""
[2.645s] -- Installing: /home/duan/Code/Duan-Ros2/Topic/topic_practice_ws/install/status_interfaces/share/status_interfaces/environment/pythonpath.sh
[2.645s] -- Installing: /home/duan/Code/Duan-Ros2/Topic/topic_practice_ws/install/status_interfaces/share/status_interfaces/environment/pythonpath.dsv
[2.645s] -- Installing: /home/duan/Code/Duan-Ros2/Topic/topic_practice_ws/install/status_interfaces/local/lib/python3.10/dist-packages/status_interfaces-0.0.0-py3.10.egg-info
[2.645s] -- Installing: /home/duan/Code/Duan-Ros2/Topic/topic_practice_ws/install/status_interfaces/local/lib/python3.10/dist-packages/status_interfaces-0.0.0-py3.10.egg-info/dependency_links.txt
[2.645s] -- Installing: /home/duan/Code/Duan-Ros2/Topic/topic_practice_ws/install/status_interfaces/local/lib/python3.10/dist-packages/status_interfaces-0.0.0-py3.10.egg-info/PKG-INFO
[2.645s] -- Installing: /home/duan/Code/Duan-Ros2/Topic/topic_practice_ws/install/status_interfaces/local/lib/python3.10/dist-packages/status_interfaces-0.0.0-py3.10.egg-info/SOURCES.txt
[2.645s] -- Installing: /home/duan/Code/Duan-Ros2/Topic/topic_practice_ws/install/status_interfaces/local/lib/python3.10/dist-packages/status_interfaces-0.0.0-py3.10.egg-info/top_level.txt
[2.645s] -- Installing: /home/duan/Code/Duan-Ros2/Topic/topic_practice_ws/install/status_interfaces/local/lib/python3.10/dist-packages/status_interfaces
[2.645s] -- Installing: /home/duan/Code/Duan-Ros2/Topic/topic_practice_ws/install/status_interfaces/local/lib/python3.10/dist-packages/status_interfaces/status_interfaces_s__rosidl_typesupport_introspection_c.cpython-310-x86_64-linux-gnu.so
[2.645s] -- Installing: /home/duan/Code/Duan-Ros2/Topic/topic_practice_ws/install/status_interfaces/local/lib/python3.10/dist-packages/status_interfaces/status_interfaces_s__rosidl_typesupport_fastrtps_c.cpython-310-x86_64-linux-gnu.so
[2.645s] -- Installing: /home/duan/Code/Duan-Ros2/Topic/topic_practice_ws/install/status_interfaces/local/lib/python3.10/dist-packages/status_interfaces/status_interfaces_s__rosidl_typesupport_c.cpython-310-x86_64-linux-gnu.so
[2.645s] -- Installing: /home/duan/Code/Duan-Ros2/Topic/topic_practice_ws/install/status_interfaces/local/lib/python3.10/dist-packages/status_interfaces/_status_interfaces_s.ep.rosidl_typesupport_introspection_c.c
[2.646s] -- Installing: /home/duan/Code/Duan-Ros2/Topic/topic_practice_ws/install/status_interfaces/local/lib/python3.10/dist-packages/status_interfaces/libstatus_interfaces__rosidl_generator_py.so
[2.646s] -- Installing: /home/duan/Code/Duan-Ros2/Topic/topic_practice_ws/install/status_interfaces/local/lib/python3.10/dist-packages/status_interfaces/_status_interfaces_s.ep.rosidl_typesupport_fastrtps_c.c
[2.646s] -- Installing: /home/duan/Code/Duan-Ros2/Topic/topic_practice_ws/install/status_interfaces/local/lib/python3.10/dist-packages/status_interfaces/_status_interfaces_s.ep.rosidl_typesupport_c.c
[2.646s] -- Installing: /home/duan/Code/Duan-Ros2/Topic/topic_practice_ws/install/status_interfaces/local/lib/python3.10/dist-packages/status_interfaces/msg
[2.646s] -- Installing: /home/duan/Code/Duan-Ros2/Topic/topic_practice_ws/install/status_interfaces/local/lib/python3.10/dist-packages/status_interfaces/msg/_system_status_s.c
[2.646s] -- Installing: /home/duan/Code/Duan-Ros2/Topic/topic_practice_ws/install/status_interfaces/local/lib/python3.10/dist-packages/status_interfaces/msg/_system_status.py
[2.646s] -- Installing: /home/duan/Code/Duan-Ros2/Topic/topic_practice_ws/install/status_interfaces/local/lib/python3.10/dist-packages/status_interfaces/msg/__init__.py
[2.646s] -- Installing: /home/duan/Code/Duan-Ros2/Topic/topic_practice_ws/install/status_interfaces/local/lib/python3.10/dist-packages/status_interfaces/__init__.py
[2.680s] Listing '/home/duan/Code/Duan-Ros2/Topic/topic_practice_ws/install/status_interfaces/local/lib/python3.10/dist-packages/status_interfaces'...
[2.680s] Compiling '/home/duan/Code/Duan-Ros2/Topic/topic_practice_ws/install/status_interfaces/local/lib/python3.10/dist-packages/status_interfaces/__init__.py'...
[2.680s] Listing '/home/duan/Code/Duan-Ros2/Topic/topic_practice_ws/install/status_interfaces/local/lib/python3.10/dist-packages/status_interfaces/msg'...
[2.680s] Compiling '/home/duan/Code/Duan-Ros2/Topic/topic_practice_ws/install/status_interfaces/local/lib/python3.10/dist-packages/status_interfaces/msg/__init__.py'...
[2.680s] Compiling '/home/duan/Code/Duan-Ros2/Topic/topic_practice_ws/install/status_interfaces/local/lib/python3.10/dist-packages/status_interfaces/msg/_system_status.py'...
[2.682s] -- Installing: /home/duan/Code/Duan-Ros2/Topic/topic_practice_ws/install/status_interfaces/local/lib/python3.10/dist-packages/status_interfaces/status_interfaces_s__rosidl_typesupport_fastrtps_c.cpython-310-x86_64-linux-gnu.so
[2.683s] -- Set runtime path of "/home/duan/Code/Duan-Ros2/Topic/topic_practice_ws/install/status_interfaces/local/lib/python3.10/dist-packages/status_interfaces/status_interfaces_s__rosidl_typesupport_fastrtps_c.cpython-310-x86_64-linux-gnu.so" to ""
[2.683s] -- Installing: /home/duan/Code/Duan-Ros2/Topic/topic_practice_ws/install/status_interfaces/local/lib/python3.10/dist-packages/status_interfaces/status_interfaces_s__rosidl_typesupport_introspection_c.cpython-310-x86_64-linux-gnu.so
[2.683s] -- Set runtime path of "/home/duan/Code/Duan-Ros2/Topic/topic_practice_ws/install/status_interfaces/local/lib/python3.10/dist-packages/status_interfaces/status_interfaces_s__rosidl_typesupport_introspection_c.cpython-310-x86_64-linux-gnu.so" to ""
[2.683s] -- Installing: /home/duan/Code/Duan-Ros2/Topic/topic_practice_ws/install/status_interfaces/local/lib/python3.10/dist-packages/status_interfaces/status_interfaces_s__rosidl_typesupport_c.cpython-310-x86_64-linux-gnu.so
[2.683s] -- Set runtime path of "/home/duan/Code/Duan-Ros2/Topic/topic_practice_ws/install/status_interfaces/local/lib/python3.10/dist-packages/status_interfaces/status_interfaces_s__rosidl_typesupport_c.cpython-310-x86_64-linux-gnu.so" to ""
[2.683s] -- Installing: /home/duan/Code/Duan-Ros2/Topic/topic_practice_ws/install/status_interfaces/lib/libstatus_interfaces__rosidl_generator_py.so
[2.684s] -- Set runtime path of "/home/duan/Code/Duan-Ros2/Topic/topic_practice_ws/install/status_interfaces/lib/libstatus_interfaces__rosidl_generator_py.so" to ""
[2.684s] -- Installing: /home/duan/Code/Duan-Ros2/Topic/topic_practice_ws/install/status_interfaces/share/status_interfaces/msg/SystemStatus.idl
[2.685s] -- Installing: /home/duan/Code/Duan-Ros2/Topic/topic_practice_ws/install/status_interfaces/share/status_interfaces/msg/SystemStatus.msg
[2.685s] -- Installing: /home/duan/Code/Duan-Ros2/Topic/topic_practice_ws/install/status_interfaces/share/ament_index/resource_index/package_run_dependencies/status_interfaces
[2.685s] -- Installing: /home/duan/Code/Duan-Ros2/Topic/topic_practice_ws/install/status_interfaces/share/ament_index/resource_index/parent_prefix_path/status_interfaces
[2.685s] -- Installing: /home/duan/Code/Duan-Ros2/Topic/topic_practice_ws/install/status_interfaces/share/status_interfaces/environment/ament_prefix_path.sh
[2.685s] -- Installing: /home/duan/Code/Duan-Ros2/Topic/topic_practice_ws/install/status_interfaces/share/status_interfaces/environment/ament_prefix_path.dsv
[2.685s] -- Installing: /home/duan/Code/Duan-Ros2/Topic/topic_practice_ws/install/status_interfaces/share/status_interfaces/environment/path.sh
[2.685s] -- Installing: /home/duan/Code/Duan-Ros2/Topic/topic_practice_ws/install/status_interfaces/share/status_interfaces/environment/path.dsv
[2.685s] -- Installing: /home/duan/Code/Duan-Ros2/Topic/topic_practice_ws/install/status_interfaces/share/status_interfaces/local_setup.bash
[2.685s] -- Installing: /home/duan/Code/Duan-Ros2/Topic/topic_practice_ws/install/status_interfaces/share/status_interfaces/local_setup.sh
[2.685s] -- Installing: /home/duan/Code/Duan-Ros2/Topic/topic_practice_ws/install/status_interfaces/share/status_interfaces/local_setup.zsh
[2.686s] -- Installing: /home/duan/Code/Duan-Ros2/Topic/topic_practice_ws/install/status_interfaces/share/status_interfaces/local_setup.dsv
[2.686s] -- Installing: /home/duan/Code/Duan-Ros2/Topic/topic_practice_ws/install/status_interfaces/share/status_interfaces/package.dsv
[2.686s] -- Installing: /home/duan/Code/Duan-Ros2/Topic/topic_practice_ws/install/status_interfaces/share/ament_index/resource_index/packages/status_interfaces
[2.686s] -- Installing: /home/duan/Code/Duan-Ros2/Topic/topic_practice_ws/install/status_interfaces/share/status_interfaces/cmake/export_status_interfaces__rosidl_generator_cExport.cmake
[2.686s] -- Installing: /home/duan/Code/Duan-Ros2/Topic/topic_practice_ws/install/status_interfaces/share/status_interfaces/cmake/export_status_interfaces__rosidl_generator_cExport-noconfig.cmake
[2.686s] -- Installing: /home/duan/Code/Duan-Ros2/Topic/topic_practice_ws/install/status_interfaces/share/status_interfaces/cmake/export_status_interfaces__rosidl_typesupport_fastrtps_cExport.cmake
[2.686s] -- Installing: /home/duan/Code/Duan-Ros2/Topic/topic_practice_ws/install/status_interfaces/share/status_interfaces/cmake/export_status_interfaces__rosidl_typesupport_fastrtps_cExport-noconfig.cmake
[2.686s] -- Installing: /home/duan/Code/Duan-Ros2/Topic/topic_practice_ws/install/status_interfaces/share/status_interfaces/cmake/export_status_interfaces__rosidl_generator_cppExport.cmake
[2.686s] -- Installing: /home/duan/Code/Duan-Ros2/Topic/topic_practice_ws/install/status_interfaces/share/status_interfaces/cmake/export_status_interfaces__rosidl_typesupport_fastrtps_cppExport.cmake
[2.686s] -- Installing: /home/duan/Code/Duan-Ros2/Topic/topic_practice_ws/install/status_interfaces/share/status_interfaces/cmake/export_status_interfaces__rosidl_typesupport_fastrtps_cppExport-noconfig.cmake
[2.686s] -- Installing: /home/duan/Code/Duan-Ros2/Topic/topic_practice_ws/install/status_interfaces/share/status_interfaces/cmake/status_interfaces__rosidl_typesupport_introspection_cExport.cmake
[2.686s] -- Installing: /home/duan/Code/Duan-Ros2/Topic/topic_practice_ws/install/status_interfaces/share/status_interfaces/cmake/status_interfaces__rosidl_typesupport_introspection_cExport-noconfig.cmake
[2.687s] -- Installing: /home/duan/Code/Duan-Ros2/Topic/topic_practice_ws/install/status_interfaces/share/status_interfaces/cmake/status_interfaces__rosidl_typesupport_cExport.cmake
[2.687s] -- Installing: /home/duan/Code/Duan-Ros2/Topic/topic_practice_ws/install/status_interfaces/share/status_interfaces/cmake/status_interfaces__rosidl_typesupport_cExport-noconfig.cmake
[2.687s] -- Installing: /home/duan/Code/Duan-Ros2/Topic/topic_practice_ws/install/status_interfaces/share/status_interfaces/cmake/status_interfaces__rosidl_typesupport_introspection_cppExport.cmake
[2.687s] -- Installing: /home/duan/Code/Duan-Ros2/Topic/topic_practice_ws/install/status_interfaces/share/status_interfaces/cmake/status_interfaces__rosidl_typesupport_introspection_cppExport-noconfig.cmake
[2.687s] -- Installing: /home/duan/Code/Duan-Ros2/Topic/topic_practice_ws/install/status_interfaces/share/status_interfaces/cmake/status_interfaces__rosidl_typesupport_cppExport.cmake
[2.687s] -- Installing: /home/duan/Code/Duan-Ros2/Topic/topic_practice_ws/install/status_interfaces/share/status_interfaces/cmake/status_interfaces__rosidl_typesupport_cppExport-noconfig.cmake
[2.687s] -- Installing: /home/duan/Code/Duan-Ros2/Topic/topic_practice_ws/install/status_interfaces/share/status_interfaces/cmake/export_status_interfaces__rosidl_generator_pyExport.cmake
[2.687s] -- Installing: /home/duan/Code/Duan-Ros2/Topic/topic_practice_ws/install/status_interfaces/share/status_interfaces/cmake/export_status_interfaces__rosidl_generator_pyExport-noconfig.cmake
[2.687s] -- Installing: /home/duan/Code/Duan-Ros2/Topic/topic_practice_ws/install/status_interfaces/share/status_interfaces/cmake/rosidl_cmake-extras.cmake
[2.687s] -- Installing: /home/duan/Code/Duan-Ros2/Topic/topic_practice_ws/install/status_interfaces/share/status_interfaces/cmake/ament_cmake_export_dependencies-extras.cmake
[2.688s] -- Installing: /home/duan/Code/Duan-Ros2/Topic/topic_practice_ws/install/status_interfaces/share/status_interfaces/cmake/ament_cmake_export_include_directories-extras.cmake
[2.689s] -- Installing: /home/duan/Code/Duan-Ros2/Topic/topic_practice_ws/install/status_interfaces/share/status_interfaces/cmake/ament_cmake_export_libraries-extras.cmake
[2.689s] -- Installing: /home/duan/Code/Duan-Ros2/Topic/topic_practice_ws/install/status_interfaces/share/status_interfaces/cmake/ament_cmake_export_targets-extras.cmake
[2.689s] -- Installing: /home/duan/Code/Duan-Ros2/Topic/topic_practice_ws/install/status_interfaces/share/status_interfaces/cmake/rosidl_cmake_export_typesupport_targets-extras.cmake
[2.689s] -- Installing: /home/duan/Code/Duan-Ros2/Topic/topic_practice_ws/install/status_interfaces/share/status_interfaces/cmake/rosidl_cmake_export_typesupport_libraries-extras.cmake
[2.689s] -- Installing: /home/duan/Code/Duan-Ros2/Topic/topic_practice_ws/install/status_interfaces/share/status_interfaces/cmake/status_interfacesConfig.cmake
[2.689s] -- Installing: /home/duan/Code/Duan-Ros2/Topic/topic_practice_ws/install/status_interfaces/share/status_interfaces/cmake/status_interfacesConfig-version.cmake
[2.690s] -- Installing: /home/duan/Code/Duan-Ros2/Topic/topic_practice_ws/install/status_interfaces/share/status_interfaces/package.xml
[2.691s] Invoked command in '/home/duan/Code/Duan-Ros2/Topic/topic_practice_ws/build/status_interfaces' returned '0': CMAKE_PREFIX_PATH=/opt/ros/humble /usr/bin/cmake --install /home/duan/Code/Duan-Ros2/Topic/topic_practice_ws/build/status_interfaces
